Started at: Sun Mar 29 04:05:56 PM EDT 2026
Array task: 1 — config: 2s_88ov_zero
=== Training ===
Device: cuda
Config: 2s_88ov_zero
Window: 100 bins (2.0s), stride: 12 (88% overlap)
Outdir: /scratch/ml8347/neuroinformatics/project2/phase2/mae_mt_2s88ov/runs/2s_88ov_zero
Train: 159, Val: 28, Val subset: 8
Building dataset...
  Added Phase 1 data: 226 sessions (['train'])
  802177 windows (33.3s)
Params: 2,291,972
Loading pretrained encoder from: /scratch/ml8347/neuroinformatics/project2/phase1/masked_autoencoder/sweep_3325164_5/best_model.pt
  Phase 1 checkpoint: epoch=49, val_nmse=0.7288985848426819
  Transferred 50 tensors, skipped 7
Ep   1/50 | loss=0.0481 (pos=0.0470 vel=0.0004 cons=0.0038) | val_r2=0.6490 * | lr_enc=4.00e-06 lr_head=2.00e-04 | 218s
Ep   2/50 | loss=0.0322 (pos=0.0313 vel=0.0003 cons=0.0030) | val_r2=0.7075 * | lr_enc=6.00e-06 lr_head=3.00e-04 | 216s
Ep   3/50 | loss=0.0265 (pos=0.0258 vel=0.0003 cons=0.0026) | val_r2=0.7406 * | lr_enc=8.00e-06 lr_head=4.00e-04 | 213s
Ep   4/50 | loss=0.0233 (pos=0.0226 vel=0.0003 cons=0.0023) | val_r2=0.7509 * | lr_enc=1.00e-05 lr_head=5.00e-04 | 224s
Ep   5/50 | loss=0.0211 (pos=0.0205 vel=0.0003 cons=0.0021) | val_r2=0.7657 * | lr_enc=1.00e-05 lr_head=5.00e-04 | 217s
Ep   6/50 | loss=0.0195 (pos=0.0189 vel=0.0003 cons=0.0019) | val_r2=0.7723 * | lr_enc=9.99e-06 lr_head=4.99e-04 | 224s
Ep   7/50 | loss=0.0184 (pos=0.0178 vel=0.0003 cons=0.0019) | val_r2=0.7855 * | lr_enc=9.95e-06 lr_head=4.98e-04 | 215s
Ep   8/50 | loss=0.0176 (pos=0.0170 vel=0.0003 cons=0.0018) | val_r2=0.8013 * | lr_enc=9.89e-06 lr_head=4.95e-04 | 223s
Ep   9/50 | loss=0.0169 (pos=0.0163 vel=0.0002 cons=0.0017) | val_r2=0.8026 * | lr_enc=9.81e-06 lr_head=4.90e-04 | 215s
Ep  10/50 | loss=0.0163 (pos=0.0158 vel=0.0002 cons=0.0017) | val_r2=0.8126 * | lr_enc=9.70e-06 lr_head=4.85e-04 | 222s
Ep  11/50 | loss=0.0158 (pos=0.0153 vel=0.0002 cons=0.0017) | val_r2=0.8117  | lr_enc=9.57e-06 lr_head=4.79e-04 | 215s
Ep  12/50 | loss=0.0154 (pos=0.0149 vel=0.0002 cons=0.0016) | val_r2=0.8131 * | lr_enc=9.42e-06 lr_head=4.71e-04 | 218s
Ep  13/50 | loss=0.0150 (pos=0.0145 vel=0.0002 cons=0.0016) | val_r2=0.8154 * | lr_enc=9.25e-06 lr_head=4.62e-04 | 210s
Ep  14/50 | loss=0.0147 (pos=0.0142 vel=0.0002 cons=0.0016) | val_r2=0.8231 * | lr_enc=9.05e-06 lr_head=4.53e-04 | 218s
Ep  15/50 | loss=0.0144 (pos=0.0139 vel=0.0002 cons=0.0016) | val_r2=0.8201  | lr_enc=8.84e-06 lr_head=4.42e-04 | 213s
Ep  16/50 | loss=0.0141 (pos=0.0136 vel=0.0002 cons=0.0016) | val_r2=0.8220  | lr_enc=8.61e-06 lr_head=4.31e-04 | 220s
Ep  17/50 | loss=0.0138 (pos=0.0133 vel=0.0002 cons=0.0015) | val_r2=0.8300 * | lr_enc=8.36e-06 lr_head=4.18e-04 | 211s
Ep  18/50 | loss=0.0136 (pos=0.0131 vel=0.0002 cons=0.0015) | val_r2=0.8262  | lr_enc=8.10e-06 lr_head=4.05e-04 | 227s
Ep  19/50 | loss=0.0134 (pos=0.0129 vel=0.0002 cons=0.0015) | val_r2=0.8276  | lr_enc=7.82e-06 lr_head=3.91e-04 | 218s
Ep  20/50 | loss=0.0132 (pos=0.0127 vel=0.0002 cons=0.0015) | val_r2=0.8305 * | lr_enc=7.52e-06 lr_head=3.76e-04 | 231s
Ep  21/50 | loss=0.0130 (pos=0.0125 vel=0.0002 cons=0.0015) | val_r2=0.8321 * | lr_enc=7.22e-06 lr_head=3.61e-04 | 218s
Ep  22/50 | loss=0.0128 (pos=0.0123 vel=0.0002 cons=0.0015) | val_r2=0.8265  | lr_enc=6.90e-06 lr_head=3.45e-04 | 235s
Ep  23/50 | loss=0.0127 (pos=0.0122 vel=0.0002 cons=0.0015) | val_r2=0.8322 * | lr_enc=6.58e-06 lr_head=3.29e-04 | 218s
Ep  24/50 | loss=0.0125 (pos=0.0120 vel=0.0002 cons=0.0015) | val_r2=0.8373 * | lr_enc=6.25e-06 lr_head=3.12e-04 | 239s
Ep  25/50 | loss=0.0124 (pos=0.0119 vel=0.0002 cons=0.0015) | val_r2=0.8341  | lr_enc=5.91e-06 lr_head=2.95e-04 | 217s
Ep  26/50 | loss=0.0122 (pos=0.0118 vel=0.0002 cons=0.0015) | val_r2=0.8417 * | lr_enc=5.57e-06 lr_head=2.78e-04 | 237s
Ep  27/50 | loss=0.0121 (pos=0.0116 vel=0.0002 cons=0.0015) | val_r2=0.8380  | lr_enc=5.22e-06 lr_head=2.61e-04 | 222s
Ep  28/50 | loss=0.0120 (pos=0.0115 vel=0.0002 cons=0.0015) | val_r2=0.8408  | lr_enc=4.88e-06 lr_head=2.44e-04 | 227s
Ep  29/50 | loss=0.0119 (pos=0.0114 vel=0.0002 cons=0.0015) | val_r2=0.8420 * | lr_enc=4.53e-06 lr_head=2.27e-04 | 222s
Ep  30/50 | loss=0.0118 (pos=0.0113 vel=0.0002 cons=0.0015) | val_r2=0.8394  | lr_enc=4.19e-06 lr_head=2.10e-04 | 222s
Ep  31/50 | loss=0.0117 (pos=0.0112 vel=0.0002 cons=0.0015) | val_r2=0.8390  | lr_enc=3.85e-06 lr_head=1.93e-04 | 225s
Ep  32/50 | loss=0.0116 (pos=0.0111 vel=0.0002 cons=0.0015) | val_r2=0.8391  | lr_enc=3.52e-06 lr_head=1.76e-04 | 219s
Ep  33/50 | loss=0.0115 (pos=0.0111 vel=0.0002 cons=0.0015) | val_r2=0.8405  | lr_enc=3.20e-06 lr_head=1.60e-04 | 228s
