wandb: [wandb.login()] Loaded credentials for https://api.wandb.ai from /home/ml8347/.netrc.
wandb: Currently logged in as: limjiannn (limjiannn-new-york-university) to https://api.wandb.ai. Use `wandb login --relogin` to force relogin
Traceback (most recent call last):
  File "/scratch/ml8347/conda/envs/neuroinformatics/lib/python3.10/site-packages/wandb/sdk/lib/filesystem.py", line 43, in mkdir_exists_ok
    os.makedirs(dir_name, exist_ok=True)
  File "/scratch/ml8347/conda/envs/neuroinformatics/lib/python3.10/os.py", line 225, in makedirs
    mkdir(name, mode)
PermissionError: [Errno 13] Permission denied: '/scratch/ml8347/neuroinformatics/project2/phase2/mae_multitask_decoder/wandb/run-20260328_211744-g8ubz6mp/logs'

The above exception was the direct cause of the following exception:

Traceback (most recent call last):
  File "/scratch/ml8347/neuroinformatics/project2/phase2/mae_multitask_decoder/train.py", line 691, in <module>
    main()
  File "/scratch/ml8347/neuroinformatics/project2/phase2/mae_multitask_decoder/train.py", line 508, in main
    wandb.init(project=args.wandb_project, name=name, config=vars(args))
  File "/scratch/ml8347/conda/envs/neuroinformatics/lib/python3.10/site-packages/wandb/sdk/wandb_init.py", line 1595, in init
    get_sentry().reraise(e)
  File "/scratch/ml8347/conda/envs/neuroinformatics/lib/python3.10/site-packages/wandb/analytics/sentry.py", line 190, in reraise
    raise exc.with_traceback(tb)
  File "/scratch/ml8347/conda/envs/neuroinformatics/lib/python3.10/site-packages/wandb/sdk/wandb_init.py", line 1560, in init
    exit_stack.enter_context(wi.setup_run_log_directory(run_settings))
  File "/scratch/ml8347/conda/envs/neuroinformatics/lib/python3.10/contextlib.py", line 492, in enter_context
    result = _cm_type.__enter__(cm)
  File "/scratch/ml8347/conda/envs/neuroinformatics/lib/python3.10/contextlib.py", line 135, in __enter__
    return next(self.gen)
  File "/scratch/ml8347/conda/envs/neuroinformatics/lib/python3.10/site-packages/wandb/sdk/wandb_init.py", line 663, in setup_run_log_directory
    filesystem.mkdir_exists_ok(os.path.dirname(settings.log_user))
  File "/scratch/ml8347/conda/envs/neuroinformatics/lib/python3.10/site-packages/wandb/sdk/lib/filesystem.py", line 47, in mkdir_exists_ok
    raise PermissionError(f"{dir_name!s} is not writable") from e
PermissionError: /scratch/ml8347/neuroinformatics/project2/phase2/mae_multitask_decoder/wandb/run-20260328_211744-g8ubz6mp/logs is not writable
/scratch/ml8347/neuroinformatics/project2/phase2/mae_multitask_decoder/train.py:101: UserWarning: enable_nested_tensor is True, but self.use_nested_tensor is False because encoder_layer.norm_first was True
  self.encoder = nn.TransformerEncoder(enc_layer, num_layers=num_layers)
