INFO:    FUSE2FS (3): Warning: Mounting unchecked fs, running e2fsck is recommended.
wandb: [wandb.login()] Loaded credentials for https://api.wandb.ai from /home/ml8347/.netrc.
wandb: Currently logged in as: limjiannn (limjiannn-new-york-university) to https://api.wandb.ai. Use `wandb login --relogin` to force relogin
wandb: setting up run 9duxwd0o
wandb: Tracking run with wandb version 0.25.0
wandb: Run data is saved locally in /scratch/ml8347/neuroinformatics/project2/phase2/paper_sweep_lab/wandb/run-20260328_134832-9duxwd0o
wandb: Run `wandb offline` to turn off syncing.
wandb: Syncing run mae_ctx_p1_uf2
wandb: ⭐️ View project at https://wandb.ai/limjiannn-new-york-university/neuro-p2-paper-sweep
wandb: 🚀 View run at https://wandb.ai/limjiannn-new-york-university/neuro-p2-paper-sweep/runs/9duxwd0o
/scratch/ml8347/neuroinformatics/project2/phase2/paper_sweep_lab/train.py:331: UserWarning: enable_nested_tensor is True, but self.use_nested_tensor is False because encoder_layer.norm_first was True
  self.encoder = nn.TransformerEncoder(enc_layer, num_layers=num_layers)
wandb: updating run metadata
wandb: uploading output.log; uploading wandb-summary.json; uploading config.yaml
wandb: uploading summary, console lines 60-61
wandb: 
wandb: Run history:
wandb:           epoch ▁▁▁▁▂▂▂▂▂▂▃▃▃▃▃▄▄▄▄▄▅▅▅▅▅▅▆▆▆▆▆▆▇▇▇▇▇▇██
wandb:            lr/0 ▄▅▇███████▇▇▇▇▇▆▆▆▆▅▅▅▄▄▄▃▃▃▃▃▂▂▂▂▁▁▁▁▁▁
wandb:            lr/1 ▄▅▇███████▇▇▇▇▇▆▆▆▅▅▅▄▄▄▄▃▃▃▃▂▂▂▂▂▁▁▁▁▁▁
wandb:          time_s █▂▂▁▁▅▂▂▂▂▄▂▂▂▆▂▅▂▂▂▂▂▂▂▃▂▄▂▂▅▂▂▂▄▂▃▂▅▅▂
wandb: train/cons_loss ▁▇█▇▆▅▅▄▄▄▄▃▃▃▃▃▃▃▃▃▃▃▃▃▃▃▃▃▃▃▃▃▃▃▃▃▃▃▃▃
wandb:      train/loss █▄▄▃▃▂▂▂▂▂▂▂▂▂▂▁▁▁▁▁▁▁▁▁▁▁▁▁▁▁▁▁▁▁▁▁▁▁▁▁
wandb:  train/pos_loss █▆▄▄▃▃▂▂▂▂▂▂▂▂▂▁▁▁▁▁▁▁▁▁▁▁▁▁▁▁▁▁▁▁▁▁▁▁▁▁
wandb:  train/vel_loss █▄▃▂▂▂▂▁▁▁▁▁▁▁▁▁▁▁▁▁▁▁▁▁▁▁▁▁▁▁▁▁▁▁▁▁▁▁▁▁
wandb:    train/w_cons ▁▇█▇▆▅▅▄▄▄▄▃▃▃▃▃▃▃▃▃▃▃▃▃▃▃▃▃▃▃▃▃▃▃▃▃▃▃▃▃
wandb:     train/w_pos █▆▄▄▃▃▂▂▂▂▂▂▂▂▂▁▁▁▁▁▁▁▁▁▁▁▁▁▁▁▁▁▁▁▁▁▁▁▁▁
wandb:              +3 ...
wandb: 
wandb: Run summary:
wandb:      best_epoch 39
wandb:           epoch 50
wandb:            lr/0 0.0
wandb:            lr/1 0.0
wandb:     r2/best_val 0.59935
wandb:     r2/full_val 0.5611
wandb:          time_s 16.10432
wandb: train/cons_loss 0.00358
wandb:      train/loss 0.02079
wandb:  train/pos_loss 0.01943
wandb:              +6 ...
wandb: 
wandb: 🚀 View run mae_ctx_p1_uf2 at: https://wandb.ai/limjiannn-new-york-university/neuro-p2-paper-sweep/runs/9duxwd0o
wandb: ⭐️ View project at: https://wandb.ai/limjiannn-new-york-university/neuro-p2-paper-sweep
wandb: Synced 5 W&B file(s), 0 media file(s), 0 artifact file(s) and 0 other file(s)
wandb: Find logs at: ./wandb/run-20260328_134832-9duxwd0o/logs
/scratch/ml8347/neuroinformatics/project2/phase2/paper_sweep_lab/train.py:331: UserWarning: enable_nested_tensor is True, but self.use_nested_tensor is False because encoder_layer.norm_first was True
  self.encoder = nn.TransformerEncoder(enc_layer, num_layers=num_layers)
