Paper sweep started at: Sat Mar 28 13:47:21 EDT 2026
Config: mae_ctx_m2_uf4.json
Config: mae_ctx_m2_uf4  variant=mae_context
Outdir: /scratch/ml8347/neuroinformatics/project2/phase2/paper_sweep_lab/runs/mae_ctx_m2_uf4
Device: cuda
Train: 159, Val: 28, Val subset: 8
Building dataset...
  59601 trials (10.0s)
Loading pretrained encoder from: /scratch/ml8347/neuroinformatics/project2/phase2/teamate/Project2/cpt/m2.pt
  Transferred 50 tensors, skipped 7
Params: 2,446,596
Ep   1/50 | loss=0.0728 (pos=0.0705 vel=0.0008 cons=0.0029; wpos=0.0705 wvel=0.0015 wcons=0.0007) | val_r2=0.3530 * | lr0=4.00e-06 lr1=1.60e-04 | 32s
Ep   2/50 | loss=0.0552 (pos=0.0534 vel=0.0004 cons=0.0039; wpos=0.0534 wvel=0.0008 wcons=0.0010) | val_r2=0.4152 * | lr0=6.00e-06 lr1=2.40e-04 | 31s
Ep   3/50 | loss=0.0449 (pos=0.0432 vel=0.0003 cons=0.0041; wpos=0.0432 wvel=0.0007 wcons=0.0010) | val_r2=0.4588 * | lr0=8.00e-06 lr1=3.20e-04 | 31s
Ep   4/50 | loss=0.0387 (pos=0.0371 vel=0.0003 cons=0.0038; wpos=0.0371 wvel=0.0006 wcons=0.0010) | val_r2=0.4958 * | lr0=1.00e-05 lr1=4.00e-04 | 31s
Ep   5/50 | loss=0.0346 (pos=0.0332 vel=0.0003 cons=0.0035; wpos=0.0332 wvel=0.0006 wcons=0.0009) | val_r2=0.5391 * | lr0=1.00e-05 lr1=4.00e-04 | 31s
Ep   6/50 | loss=0.0316 (pos=0.0303 vel=0.0003 cons=0.0032; wpos=0.0303 wvel=0.0005 wcons=0.0008) | val_r2=0.5465 * | lr0=9.99e-06 lr1=4.00e-04 | 31s
Ep   7/50 | loss=0.0296 (pos=0.0283 vel=0.0003 cons=0.0030; wpos=0.0283 wvel=0.0005 wcons=0.0008) | val_r2=0.5449  | lr0=9.95e-06 lr1=3.98e-04 | 31s
Ep   8/50 | loss=0.0281 (pos=0.0269 vel=0.0003 cons=0.0030; wpos=0.0269 wvel=0.0005 wcons=0.0007) | val_r2=0.5813 * | lr0=9.89e-06 lr1=3.96e-04 | 31s
Ep   9/50 | loss=0.0269 (pos=0.0257 vel=0.0002 cons=0.0029; wpos=0.0257 wvel=0.0005 wcons=0.0007) | val_r2=0.5722  | lr0=9.81e-06 lr1=3.92e-04 | 31s
Ep  10/50 | loss=0.0261 (pos=0.0249 vel=0.0002 cons=0.0028; wpos=0.0249 wvel=0.0005 wcons=0.0007) | val_r2=0.5785  | lr0=9.70e-06 lr1=3.88e-04 | 31s
Ep  11/50 | loss=0.0253 (pos=0.0241 vel=0.0002 cons=0.0028; wpos=0.0241 wvel=0.0005 wcons=0.0007) | val_r2=0.5780  | lr0=9.57e-06 lr1=3.83e-04 | 31s
Ep  12/50 | loss=0.0248 (pos=0.0236 vel=0.0002 cons=0.0027; wpos=0.0236 wvel=0.0005 wcons=0.0007) | val_r2=0.5797  | lr0=9.42e-06 lr1=3.77e-04 | 31s
Ep  13/50 | loss=0.0241 (pos=0.0230 vel=0.0002 cons=0.0027; wpos=0.0230 wvel=0.0005 wcons=0.0007) | val_r2=0.5968 * | lr0=9.25e-06 lr1=3.70e-04 | 31s
Ep  14/50 | loss=0.0237 (pos=0.0226 vel=0.0002 cons=0.0027; wpos=0.0226 wvel=0.0005 wcons=0.0007) | val_r2=0.6030 * | lr0=9.05e-06 lr1=3.62e-04 | 31s
Ep  15/50 | loss=0.0232 (pos=0.0221 vel=0.0002 cons=0.0026; wpos=0.0221 wvel=0.0005 wcons=0.0007) | val_r2=0.5768  | lr0=8.84e-06 lr1=3.54e-04 | 31s
Ep  16/50 | loss=0.0227 (pos=0.0216 vel=0.0002 cons=0.0026; wpos=0.0216 wvel=0.0005 wcons=0.0007) | val_r2=0.5909  | lr0=8.61e-06 lr1=3.44e-04 | 31s
Ep  17/50 | loss=0.0225 (pos=0.0214 vel=0.0002 cons=0.0026; wpos=0.0214 wvel=0.0005 wcons=0.0007) | val_r2=0.5990  | lr0=8.36e-06 lr1=3.34e-04 | 31s
Ep  18/50 | loss=0.0222 (pos=0.0211 vel=0.0002 cons=0.0026; wpos=0.0211 wvel=0.0005 wcons=0.0007) | val_r2=0.6116 * | lr0=8.10e-06 lr1=3.24e-04 | 31s
Ep  19/50 | loss=0.0218 (pos=0.0207 vel=0.0002 cons=0.0026; wpos=0.0207 wvel=0.0005 wcons=0.0006) | val_r2=0.6257 * | lr0=7.82e-06 lr1=3.13e-04 | 31s
Ep  20/50 | loss=0.0216 (pos=0.0205 vel=0.0002 cons=0.0026; wpos=0.0205 wvel=0.0005 wcons=0.0006) | val_r2=0.6082  | lr0=7.52e-06 lr1=3.01e-04 | 31s
Ep  21/50 | loss=0.0213 (pos=0.0202 vel=0.0002 cons=0.0026; wpos=0.0202 wvel=0.0005 wcons=0.0006) | val_r2=0.5827  | lr0=7.22e-06 lr1=2.89e-04 | 31s
Ep  22/50 | loss=0.0210 (pos=0.0199 vel=0.0002 cons=0.0026; wpos=0.0199 wvel=0.0005 wcons=0.0006) | val_r2=0.6318 * | lr0=6.90e-06 lr1=2.76e-04 | 31s
Ep  23/50 | loss=0.0208 (pos=0.0197 vel=0.0002 cons=0.0026; wpos=0.0197 wvel=0.0005 wcons=0.0006) | val_r2=0.6163  | lr0=6.58e-06 lr1=2.63e-04 | 31s
Ep  24/50 | loss=0.0206 (pos=0.0195 vel=0.0002 cons=0.0026; wpos=0.0195 wvel=0.0005 wcons=0.0006) | val_r2=0.6004  | lr0=6.25e-06 lr1=2.50e-04 | 31s
Ep  25/50 | loss=0.0205 (pos=0.0194 vel=0.0002 cons=0.0026; wpos=0.0194 wvel=0.0005 wcons=0.0006) | val_r2=0.6257  | lr0=5.91e-06 lr1=2.36e-04 | 31s
Ep  26/50 | loss=0.0202 (pos=0.0191 vel=0.0002 cons=0.0026; wpos=0.0191 wvel=0.0005 wcons=0.0006) | val_r2=0.5891  | lr0=5.57e-06 lr1=2.23e-04 | 31s
Ep  27/50 | loss=0.0201 (pos=0.0190 vel=0.0002 cons=0.0026; wpos=0.0190 wvel=0.0005 wcons=0.0006) | val_r2=0.5986  | lr0=5.22e-06 lr1=2.09e-04 | 31s
Ep  28/50 | loss=0.0199 (pos=0.0188 vel=0.0002 cons=0.0026; wpos=0.0188 wvel=0.0004 wcons=0.0006) | val_r2=0.6161  | lr0=4.88e-06 lr1=1.95e-04 | 31s
Ep  29/50 | loss=0.0197 (pos=0.0186 vel=0.0002 cons=0.0026; wpos=0.0186 wvel=0.0004 wcons=0.0006) | val_r2=0.6290  | lr0=4.53e-06 lr1=1.81e-04 | 31s
Ep  30/50 | loss=0.0196 (pos=0.0185 vel=0.0002 cons=0.0026; wpos=0.0185 wvel=0.0004 wcons=0.0006) | val_r2=0.6235  | lr0=4.19e-06 lr1=1.68e-04 | 31s
Ep  31/50 | loss=0.0195 (pos=0.0184 vel=0.0002 cons=0.0026; wpos=0.0184 wvel=0.0004 wcons=0.0006) | val_r2=0.6252  | lr0=3.85e-06 lr1=1.54e-04 | 31s
Ep  32/50 | loss=0.0193 (pos=0.0182 vel=0.0002 cons=0.0026; wpos=0.0182 wvel=0.0004 wcons=0.0006) | val_r2=0.6210  | lr0=3.52e-06 lr1=1.41e-04 | 31s
Ep  33/50 | loss=0.0192 (pos=0.0181 vel=0.0002 cons=0.0026; wpos=0.0181 wvel=0.0004 wcons=0.0007) | val_r2=0.6362 * | lr0=3.20e-06 lr1=1.28e-04 | 31s
Ep  34/50 | loss=0.0191 (pos=0.0180 vel=0.0002 cons=0.0026; wpos=0.0180 wvel=0.0004 wcons=0.0007) | val_r2=0.6126  | lr0=2.88e-06 lr1=1.15e-04 | 31s
Ep  35/50 | loss=0.0189 (pos=0.0179 vel=0.0002 cons=0.0026; wpos=0.0179 wvel=0.0004 wcons=0.0007) | val_r2=0.6234  | lr0=2.58e-06 lr1=1.03e-04 | 31s
Ep  36/50 | loss=0.0189 (pos=0.0178 vel=0.0002 cons=0.0026; wpos=0.0178 wvel=0.0004 wcons=0.0007) | val_r2=0.6241  | lr0=2.28e-06 lr1=9.13e-05 | 31s
Ep  37/50 | loss=0.0188 (pos=0.0177 vel=0.0002 cons=0.0026; wpos=0.0177 wvel=0.0004 wcons=0.0007) | val_r2=0.6337  | lr0=2.00e-06 lr1=8.01e-05 | 31s
Ep  38/50 | loss=0.0187 (pos=0.0176 vel=0.0002 cons=0.0026; wpos=0.0176 wvel=0.0004 wcons=0.0007) | val_r2=0.6290  | lr0=1.74e-06 lr1=6.95e-05 | 31s
Ep  39/50 | loss=0.0187 (pos=0.0176 vel=0.0002 cons=0.0026; wpos=0.0176 wvel=0.0004 wcons=0.0007) | val_r2=0.6303  | lr0=1.49e-06 lr1=5.96e-05 | 31s
Ep  40/50 | loss=0.0186 (pos=0.0175 vel=0.0002 cons=0.0026; wpos=0.0175 wvel=0.0004 wcons=0.0007) | val_r2=0.6267  | lr0=1.26e-06 lr1=5.03e-05 | 31s
Ep  41/50 | loss=0.0186 (pos=0.0175 vel=0.0002 cons=0.0026; wpos=0.0175 wvel=0.0004 wcons=0.0007) | val_r2=0.6316  | lr0=1.05e-06 lr1=4.18e-05 | 31s
Ep  42/50 | loss=0.0186 (pos=0.0175 vel=0.0002 cons=0.0027; wpos=0.0175 wvel=0.0004 wcons=0.0007) | val_r2=0.6338  | lr0=8.52e-07 lr1=3.41e-05 | 31s
Ep  43/50 | loss=0.0184 (pos=0.0173 vel=0.0002 cons=0.0027; wpos=0.0173 wvel=0.0004 wcons=0.0007) | val_r2=0.6269  | lr0=6.79e-07 lr1=2.72e-05 | 31s
Ep  44/50 | loss=0.0185 (pos=0.0174 vel=0.0002 cons=0.0027; wpos=0.0174 wvel=0.0004 wcons=0.0007) | val_r2=0.6244  | lr0=5.28e-07 lr1=2.11e-05 | 31s
Ep  45/50 | loss=0.0184 (pos=0.0173 vel=0.0002 cons=0.0027; wpos=0.0173 wvel=0.0004 wcons=0.0007) | val_r2=0.6199  | lr0=3.99e-07 lr1=1.59e-05 | 31s
Ep  46/50 | loss=0.0184 (pos=0.0173 vel=0.0002 cons=0.0027; wpos=0.0173 wvel=0.0004 wcons=0.0007) | val_r2=0.6229  | lr0=2.92e-07 lr1=1.17e-05 | 31s
Ep  47/50 | loss=0.0183 (pos=0.0172 vel=0.0002 cons=0.0027; wpos=0.0172 wvel=0.0004 wcons=0.0007) | val_r2=0.6244  | lr0=2.08e-07 lr1=8.33e-06 | 31s
Ep  48/50 | loss=0.0183 (pos=0.0172 vel=0.0002 cons=0.0027; wpos=0.0172 wvel=0.0004 wcons=0.0007) | val_r2=0.6237  | lr0=1.48e-07 lr1=5.93e-06 | 31s
Ep  49/50 | loss=0.0183 (pos=0.0172 vel=0.0002 cons=0.0027; wpos=0.0172 wvel=0.0004 wcons=0.0007) | val_r2=0.6255  | lr0=1.12e-07 lr1=4.48e-06 | 31s
Ep  50/50 | loss=0.0183 (pos=0.0172 vel=0.0002 cons=0.0027; wpos=0.0172 wvel=0.0004 wcons=0.0007) | val_r2=0.6263  | lr0=1.00e-07 lr1=4.00e-06 | 31s

Full validation with best model...
Full val R²: 0.5727 (best epoch 33)
Saved config.json, best_model.pt, last_model.pt
Device: cuda
Loading pretrained encoder from: /scratch/ml8347/neuroinformatics/project2/phase2/teamate/Project2/cpt/m2.pt
  Transferred 50 tensors, skipped 7
Loaded: /scratch/ml8347/neuroinformatics/project2/phase2/paper_sweep_lab/runs/mae_ctx_m2_uf4/best_model.pt (epoch 33, val_r2=0.6362478636480504)
Inference config: variant=mae_context max_seq_len=192 stride=96 position_blend=0.800
Test sessions: 125
  [1/125] D002: 24246 bins (1.1s)
  [2/125] D003: 24647 bins (0.9s)
  [3/125] D004: 23764 bins (0.9s)
  [4/125] D005: 20828 bins (0.8s)
  [5/125] D006: 26032 bins (0.9s)
  [6/125] D008: 25489 bins (0.9s)
  [7/125] D010: 25503 bins (0.9s)
  [8/125] D012: 23475 bins (0.9s)
  [9/125] D013: 23900 bins (0.9s)
  [10/125] D014: 24188 bins (0.8s)
  [11/125] D015: 25023 bins (0.9s)
  [12/125] D016: 21120 bins (0.8s)
  [13/125] D017: 22031 bins (0.8s)
  [14/125] D020: 24685 bins (0.9s)
  [15/125] D025: 24874 bins (0.9s)
  [16/125] D027: 24231 bins (0.9s)
  [17/125] D028: 26305 bins (0.9s)
  [18/125] D029: 24818 bins (0.9s)
  [19/125] D034: 24066 bins (0.9s)
  [20/125] D035: 21037 bins (0.9s)
  [21/125] D036: 25057 bins (0.9s)
  [22/125] D039: 26497 bins (0.9s)
  [23/125] D040: 24304 bins (0.9s)
  [24/125] D041: 25052 bins (0.9s)
  [25/125] D046: 21001 bins (0.8s)
  [26/125] D047: 25612 bins (0.9s)
  [27/125] D048: 22225 bins (0.9s)
  [28/125] D051: 24997 bins (0.9s)
  [29/125] D054: 23915 bins (0.9s)
  [30/125] D055: 25719 bins (0.9s)
  [31/125] D057: 24450 bins (0.9s)
  [32/125] D059: 24618 bins (0.9s)
  [33/125] D060: 22292 bins (0.8s)
  [34/125] D061: 25620 bins (0.9s)
  [35/125] D070: 23416 bins (0.8s)
  [36/125] D075: 21566 bins (0.9s)
  [37/125] D076: 21535 bins (0.8s)
  [38/125] D077: 24188 bins (0.9s)
  [39/125] D078: 23653 bins (0.9s)
  [40/125] D085: 24670 bins (0.9s)
  [41/125] D086: 25191 bins (0.9s)
  [42/125] D089: 21878 bins (0.8s)
  [43/125] D092: 26243 bins (0.9s)
  [44/125] D097: 22194 bins (0.9s)
  [45/125] D098: 24193 bins (0.8s)
  [46/125] D099: 24942 bins (0.9s)
  [47/125] D102: 21444 bins (0.8s)
  [48/125] D104: 25760 bins (0.9s)
  [49/125] D105: 24699 bins (0.9s)
  [50/125] D106: 25163 bins (0.9s)
  [51/125] D109: 22504 bins (0.9s)
  [52/125] D110: 21546 bins (0.9s)
  [53/125] D112: 25547 bins (0.8s)
  [54/125] D114: 21763 bins (0.8s)
  [55/125] D116: 23137 bins (0.8s)
  [56/125] D121: 28655 bins (0.9s)
  [57/125] D129: 24399 bins (0.9s)
  [58/125] D135: 25084 bins (0.9s)
  [59/125] D136: 23816 bins (0.9s)
  [60/125] D142: 21434 bins (0.8s)
  [61/125] D143: 21171 bins (0.8s)
  [62/125] D144: 26791 bins (0.9s)
  [63/125] D145: 23359 bins (0.8s)
  [64/125] D146: 23994 bins (0.9s)
  [65/125] D151: 25015 bins (0.9s)
  [66/125] D155: 24682 bins (0.9s)
  [67/125] D156: 26109 bins (0.9s)
  [68/125] D157: 23542 bins (0.8s)
  [69/125] D161: 21964 bins (0.8s)
  [70/125] D167: 26165 bins (0.9s)
  [71/125] D170: 26616 bins (0.9s)
  [72/125] D171: 24535 bins (0.9s)
  [73/125] D175: 25290 bins (0.9s)
  [74/125] D176: 25916 bins (0.9s)
  [75/125] D182: 20848 bins (0.8s)
  [76/125] D183: 25144 bins (0.9s)
  [77/125] D185: 24055 bins (0.8s)
  [78/125] D190: 25177 bins (0.9s)
  [79/125] D192: 22286 bins (0.9s)
  [80/125] D194: 22384 bins (0.8s)
  [81/125] D195: 23565 bins (0.9s)
  [82/125] D198: 25248 bins (0.8s)
  [83/125] D199: 25166 bins (0.9s)
  [84/125] D200: 24481 bins (0.9s)
  [85/125] D201: 24437 bins (0.9s)
  [86/125] D213: 24786 bins (0.9s)
  [87/125] D216: 21839 bins (0.8s)
  [88/125] D218: 24982 bins (0.9s)
  [89/125] D222: 22725 bins (0.9s)
  [90/125] D224: 24529 bins (0.9s)
  [91/125] D226: 21153 bins (0.8s)
  [92/125] D233: 22545 bins (0.8s)
  [93/125] D234: 23720 bins (0.9s)
  [94/125] D236: 31505 bins (0.9s)
  [95/125] D237: 24493 bins (0.9s)
  [96/125] D239: 25325 bins (0.9s)
  [97/125] D241: 25728 bins (0.9s)
  [98/125] D242: 25540 bins (0.9s)
  [99/125] D243: 25453 bins (0.9s)
  [100/125] D245: 20848 bins (0.8s)
  [101/125] D247: 25354 bins (0.9s)
  [102/125] D253: 24810 bins (0.9s)
  [103/125] D254: 25763 bins (0.9s)
  [104/125] D255: 21821 bins (0.9s)
  [105/125] D257: 21381 bins (0.9s)
  [106/125] D260: 22145 bins (0.9s)
  [107/125] D267: 24945 bins (0.9s)
  [108/125] D268: 24487 bins (0.8s)
  [109/125] D272: 20878 bins (0.8s)
  [110/125] D273: 21338 bins (0.8s)
  [111/125] D276: 20859 bins (0.8s)
  [112/125] D277: 21283 bins (0.9s)
  [113/125] D282: 21023 bins (0.8s)
  [114/125] D283: 26003 bins (0.9s)
  [115/125] D284: 25068 bins (0.9s)
  [116/125] D287: 23833 bins (0.9s)
  [117/125] D289: 21498 bins (0.8s)
  [118/125] D291: 21337 bins (0.8s)
  [119/125] D296: 22568 bins (0.8s)
  [120/125] D299: 21878 bins (0.8s)
  [121/125] D300: 24591 bins (0.9s)
  [122/125] D303: 24664 bins (0.9s)
  [123/125] D304: 22364 bins (0.9s)
  [124/125] D307: 26506 bins (0.9s)
  [125/125] D308: 24181 bins (0.9s)
Submission saved to /scratch/ml8347/neuroinformatics/project2/phase2/paper_sweep_lab/runs/mae_ctx_m2_uf4/submission.csv (2993930 rows)
Submission path: /scratch/ml8347/neuroinformatics/project2/phase2/paper_sweep_lab/runs/mae_ctx_m2_uf4/submission.csv
+ /scratch/ml8347/conda/envs/neuroinformatics/bin/python /scratch/ml8347/neuroinformatics/project2/phase2/paper_sweep_lab/train.py --config /scratch/ml8347/neuroinformatics/project2/phase2/paper_sweep_lab/configs/mae_ctx_m2_uf4.json --wandb
+ /scratch/ml8347/conda/envs/neuroinformatics/bin/python /scratch/ml8347/neuroinformatics/project2/phase2/paper_sweep_lab/submit.py --config /scratch/ml8347/neuroinformatics/project2/phase2/paper_sweep_lab/configs/mae_ctx_m2_uf4.json --checkpoint /scratch/ml8347/neuroinformatics/project2/phase2/paper_sweep_lab/runs/mae_ctx_m2_uf4/best_model.pt
Finished at: Sat Mar 28 14:19:08 EDT 2026
Total time: 31m 47s
