wandb: [wandb.login()] Loaded credentials for https://api.wandb.ai from /home/ml8347/.netrc.
wandb: Currently logged in as: limjiannn (limjiannn-new-york-university) to https://api.wandb.ai. Use `wandb login --relogin` to force relogin
wandb: setting up run 34kgi8o2
wandb: Tracking run with wandb version 0.25.0
wandb: Run data is saved locally in /scratch/ml8347/neuroinformatics/project2/phase2/paper_sweep_lab/wandb/run-20260328_134741-34kgi8o2
wandb: Run `wandb offline` to turn off syncing.
wandb: Syncing run mae_ctx_m2_uf4
wandb: 猸愶笍 View project at https://wandb.ai/limjiannn-new-york-university/neuro-p2-paper-sweep
wandb: 馃殌 View run at https://wandb.ai/limjiannn-new-york-university/neuro-p2-paper-sweep/runs/34kgi8o2
/scratch/ml8347/neuroinformatics/project2/phase2/paper_sweep_lab/train.py:331: UserWarning: enable_nested_tensor is True, but self.use_nested_tensor is False because encoder_layer.norm_first was True
  self.encoder = nn.TransformerEncoder(enc_layer, num_layers=num_layers)
wandb: updating run metadata
wandb: uploading output.log; uploading wandb-summary.json; uploading config.yaml
wandb: uploading summary, console lines 60-61
wandb: 
wandb: Run history:
wandb:           epoch 鈻佲杹鈻佲杺鈻傗杺鈻傗杺鈻傗杻鈻冣杻鈻冣杻鈻冣杽鈻勨杽鈻勨杽鈻呪枀鈻呪枀鈻呪枂鈻嗏枂鈻嗏枂鈻嗏枃鈻団枃鈻団枃鈻団枅鈻堚枅
wandb:            lr/0 鈻勨枀鈻団枅鈻堚枅鈻堚枅鈻堚枅鈻団枃鈻団枃鈻団枂鈻嗏枂鈻嗏枀鈻呪枀鈻勨杽鈻勨杻鈻冣杻鈻冣杻鈻傗杺鈻傗杺鈻傗杹鈻佲杹鈻佲杹
wandb:            lr/1 鈻勨枀鈻団枅鈻堚枅鈻堚枅鈻堚枃鈻団枃鈻団枃鈻嗏枂鈻嗏枂鈻呪枀鈻呪杽鈻勨杽鈻勨杻鈻冣杻鈻冣杺鈻傗杺鈻傗杺鈻佲杹鈻佲杹鈻佲杹
wandb:          time_s 鈻堚杹鈻傗杺鈻佲杹鈻傗杺鈻佲杺鈻傗杻鈻傗枀鈻傗杻鈻傗杽鈻勨杻鈻冣杻鈻冣杻鈻傗杺鈻傗杺鈻傗杺鈻傗杺鈻傗杺鈻傗杻鈻傗杽鈻冣杻
wandb: train/cons_loss 鈻冣枃鈻堚枃鈻呪杻鈻冣杻鈻傗杺鈻傗杹鈻佲杹鈻佲杹鈻佲杹鈻佲杹鈻佲杹鈻佲杹鈻佲杹鈻佲杹鈻佲杹鈻佲杹鈻佲杹鈻佲杹鈻佲杹鈻傗杹
wandb:      train/loss 鈻堚枂鈻勨杽鈻冣杺鈻傗杺鈻傗杺鈻傗杺鈻傗杺鈻傗杹鈻佲杹鈻佲杹鈻佲杹鈻佲杹鈻佲杹鈻佲杹鈻佲杹鈻佲杹鈻佲杹鈻佲杹鈻佲杹鈻佲杹
wandb:  train/pos_loss 鈻堚枂鈻勨杽鈻冣杺鈻傗杺鈻傗杺鈻傗杺鈻傗杺鈻傗杹鈻佲杹鈻佲杹鈻佲杹鈻佲杹鈻佲杹鈻佲杹鈻佲杹鈻佲杹鈻佲杹鈻佲杹鈻佲杹鈻佲杹
wandb:  train/vel_loss 鈻堚杻鈻冣杺鈻傗杹鈻佲杹鈻佲杹鈻佲杹鈻佲杹鈻佲杹鈻佲杹鈻佲杹鈻佲杹鈻佲杹鈻佲杹鈻佲杹鈻佲杹鈻佲杹鈻佲杹鈻佲杹鈻佲杹鈻佲杹
wandb:    train/w_cons 鈻冣枃鈻堚枃鈻呪杻鈻冣杻鈻傗杺鈻傗杹鈻佲杹鈻佲杹鈻佲杹鈻佲杹鈻佲杹鈻佲杹鈻佲杹鈻佲杹鈻佲杹鈻佲杹鈻佲杹鈻佲杹鈻傗杺鈻傗杺
wandb:     train/w_pos 鈻堚枂鈻勨杽鈻冣杺鈻傗杺鈻傗杺鈻傗杺鈻傗杺鈻傗杹鈻佲杹鈻佲杹鈻佲杹鈻佲杹鈻佲杹鈻佲杹鈻佲杹鈻佲杹鈻佲杹鈻佲杹鈻佲杹鈻佲杹
wandb:              +3 ...
wandb: 
wandb: Run summary:
wandb:      best_epoch 33
wandb:           epoch 50
wandb:            lr/0 0.0
wandb:            lr/1 0.0
wandb:     r2/best_val 0.63625
wandb:     r2/full_val 0.57269
wandb:          time_s 31.21037
wandb: train/cons_loss 0.00266
wandb:      train/loss 0.01834
wandb:  train/pos_loss 0.01723
wandb:              +6 ...
wandb: 
wandb: 馃殌 View run mae_ctx_m2_uf4 at: https://wandb.ai/limjiannn-new-york-university/neuro-p2-paper-sweep/runs/34kgi8o2
wandb: 猸愶笍 View project at: https://wandb.ai/limjiannn-new-york-university/neuro-p2-paper-sweep
wandb: Synced 5 W&B file(s), 0 media file(s), 0 artifact file(s) and 0 other file(s)
wandb: Find logs at: ./wandb/run-20260328_134741-34kgi8o2/logs
/scratch/ml8347/neuroinformatics/project2/phase2/paper_sweep_lab/train.py:331: UserWarning: enable_nested_tensor is True, but self.use_nested_tensor is False because encoder_layer.norm_first was True
  self.encoder = nn.TransformerEncoder(enc_layer, num_layers=num_layers)
