INFO:    FUSE2FS (3): Warning: Mounting unchecked fs, running e2fsck is recommended.
wandb: [wandb.login()] Loaded credentials for https://api.wandb.ai from /home/ml8347/.netrc.
wandb: Currently logged in as: limjiannn (limjiannn-new-york-university) to https://api.wandb.ai. Use `wandb login --relogin` to force relogin
wandb: setting up run vn06f0qs
wandb: Tracking run with wandb version 0.25.0
wandb: Run data is saved locally in /scratch/ml8347/neuroinformatics/project2/phase2/paper_sweep_lab/wandb/run-20260328_135417-vn06f0qs
wandb: Run `wandb offline` to turn off syncing.
wandb: Syncing run txf_mt_base
wandb: 猸愶笍 View project at https://wandb.ai/limjiannn-new-york-university/neuro-p2-paper-sweep
wandb: 馃殌 View run at https://wandb.ai/limjiannn-new-york-university/neuro-p2-paper-sweep/runs/vn06f0qs
/scratch/ml8347/neuroinformatics/project2/phase2/paper_sweep_lab/train.py:386: UserWarning: enable_nested_tensor is True, but self.use_nested_tensor is False because encoder_layer.norm_first was True
  self.encoder = nn.TransformerEncoder(enc_layer, num_layers=num_layers)
wandb: updating run metadata
wandb: uploading summary, console lines 68-69
wandb: 
wandb: Run history:
wandb:           epoch 鈻佲杹鈻佲杹鈻佲杺鈻傗杺鈻傗杻鈻冣杻鈻冣杻鈻勨杽鈻勨杽鈻勨杽鈻呪枀鈻呪枀鈻呪枂鈻嗏枂鈻嗏枂鈻嗏枃鈻団枃鈻団枃鈻堚枅鈻堚枅
wandb:            lr/0 鈻団枅鈻堚枅鈻堚枅鈻堚枅鈻堚枃鈻団枃鈻団枃鈻団枂鈻嗏枂鈻呪枀鈻勨杽鈻勨杽鈻勨杻鈻冣杻鈻傗杺鈻傗杺鈻傗杹鈻佲杹鈻佲杹鈻佲杹
wandb:            lr/1 鈻呪枃鈻堚枅鈻堚枅鈻堚枅鈻堚枅鈻団枃鈻団枃鈻団枂鈻嗏枂鈻嗏枂鈻呪枀鈻勨杽鈻勨杻鈻冣杻鈻冣杺鈻傗杺鈻傗杺鈻佲杹鈻佲杹鈻佲杹
wandb:          time_s 鈻冣枀鈻佲杺鈻佲杹鈻傗杹鈻佲杹鈻佲杹鈻佲杹鈻佲杹鈻傗杺鈻傗杹鈻佲杹鈻傗杻鈻佲杹鈻傗枅鈻傗杺鈻傗杹鈻傗杹鈻佲杹鈻佲杹鈻傗杹
wandb: train/cons_loss 鈻堚枂鈻勨杽鈻冣杻鈻傗杺鈻傗杺鈻傗杹鈻佲杹鈻佲杹鈻佲杹鈻佲杹鈻佲杹鈻佲杹鈻佲杹鈻佲杹鈻佲杹鈻佲杹鈻佲杹鈻佲杹鈻佲杹鈻佲杹
wandb:      train/loss 鈻堚枃鈻嗏枀鈻呪杽鈻勨杽鈻勨杻鈻冣杻鈻冣杻鈻冣杻鈻傗杺鈻傗杺鈻傗杺鈻傗杺鈻傗杹鈻佲杹鈻佲杹鈻佲杹鈻佲杹鈻佲杹鈻佲杹鈻佲杹
wandb:  train/pos_loss 鈻堚枂鈻呪杽鈻勨杻鈻冣杻鈻冣杻鈻冣杻鈻傗杺鈻傗杺鈻傗杺鈻傗杺鈻傗杺鈻傗杺鈻佲杹鈻佲杹鈻佲杹鈻佲杹鈻佲杹鈻佲杹鈻佲杹鈻佲杹
wandb:  train/vel_loss 鈻堚杽鈻冣杺鈻傗杺鈻傗杺鈻傗杺鈻傗杺鈻傗杺鈻傗杹鈻佲杹鈻佲杹鈻佲杹鈻佲杹鈻佲杹鈻佲杹鈻佲杹鈻佲杹鈻佲杹鈻佲杹鈻佲杹鈻佲杹
wandb:    train/w_cons 鈻堚枂鈻勨杽鈻冣杻鈻冣杺鈻傗杺鈻傗杺鈻傗杹鈻佲杹鈻佲杹鈻佲杹鈻佲杹鈻佲杹鈻佲杹鈻佲杹鈻佲杹鈻佲杹鈻佲杹鈻佲杹鈻佲杹鈻佲杹
wandb:     train/w_pos 鈻堚枂鈻呪杽鈻勨杽鈻冣杻鈻冣杻鈻傗杺鈻傗杺鈻傗杺鈻傗杺鈻傗杺鈻傗杺鈻傗杺鈻傗杹鈻佲杹鈻佲杹鈻佲杹鈻佲杹鈻佲杹鈻佲杹鈻佲杹
wandb:              +3 ...
wandb: 
wandb: Run summary:
wandb:      best_epoch 39
wandb:           epoch 60
wandb:            lr/0 0.0
wandb:            lr/1 0.0
wandb:     r2/best_val 0.72818
wandb:     r2/full_val 0.59842
wandb:          time_s 26.11907
wandb: train/cons_loss 0.00071
wandb:      train/loss 0.00734
wandb:  train/pos_loss 0.00627
wandb:              +6 ...
wandb: 
wandb: 馃殌 View run txf_mt_base at: https://wandb.ai/limjiannn-new-york-university/neuro-p2-paper-sweep/runs/vn06f0qs
wandb: 猸愶笍 View project at: https://wandb.ai/limjiannn-new-york-university/neuro-p2-paper-sweep
wandb: Synced 5 W&B file(s), 0 media file(s), 0 artifact file(s) and 0 other file(s)
wandb: Find logs at: ./wandb/run-20260328_135417-vn06f0qs/logs
/scratch/ml8347/neuroinformatics/project2/phase2/paper_sweep_lab/train.py:386: UserWarning: enable_nested_tensor is True, but self.use_nested_tensor is False because encoder_layer.norm_first was True
  self.encoder = nn.TransformerEncoder(enc_layer, num_layers=num_layers)
