INFO:    FUSE2FS (3): Warning: Mounting unchecked fs, running e2fsck is recommended.
wandb: [wandb.login()] Loaded credentials for https://api.wandb.ai from /home/ml8347/.netrc.
wandb: Currently logged in as: limjiannn (limjiannn-new-york-university) to https://api.wandb.ai. Use `wandb login --relogin` to force relogin
wandb: setting up run 6j8dio9j
wandb: Tracking run with wandb version 0.25.0
wandb: Run data is saved locally in /scratch/ml8347/neuroinformatics/project2/phase2/paper_sweep_lab/wandb/run-20260328_135528-6j8dio9j
wandb: Run `wandb offline` to turn off syncing.
wandb: Syncing run txf_mt_longctx
wandb: 猸愶笍 View project at https://wandb.ai/limjiannn-new-york-university/neuro-p2-paper-sweep
wandb: 馃殌 View run at https://wandb.ai/limjiannn-new-york-university/neuro-p2-paper-sweep/runs/6j8dio9j
/scratch/ml8347/neuroinformatics/project2/phase2/paper_sweep_lab/train.py:386: UserWarning: enable_nested_tensor is True, but self.use_nested_tensor is False because encoder_layer.norm_first was True
  self.encoder = nn.TransformerEncoder(enc_layer, num_layers=num_layers)
wandb: uploading history steps 59-59, summary, console lines 65-67; updating run metadata
wandb: uploading output.log; uploading wandb-summary.json; uploading config.yaml
wandb: uploading summary, console lines 68-69
wandb: 
wandb: Run history:
wandb:           epoch 鈻佲杹鈻佲杺鈻傗杺鈻傗杺鈻冣杻鈻冣杻鈻冣杽鈻勨杽鈻勨杽鈻勨枀鈻呪枀鈻呪枀鈻呪枂鈻嗏枂鈻嗏枂鈻嗏枃鈻団枃鈻団枃鈻堚枅鈻堚枅
wandb:            lr/0 鈻呪枃鈻堚枅鈻堚枅鈻堚枅鈻堚枅鈻団枃鈻団枃鈻団枂鈻嗏枂鈻嗏枀鈻呪枀鈻呪杽鈻勨杽鈻冣杻鈻冣杻鈻傗杺鈻傗杺鈻傗杹鈻佲杹鈻佲杹
wandb:            lr/1 鈻勨枀鈻団枅鈻堚枅鈻堚枅鈻堚枅鈻団枃鈻団枃鈻嗏枂鈻嗏枂鈻呪枀鈻呪杽鈻勨杽鈻冣杻鈻冣杺鈻傗杺鈻傗杺鈻佲杹鈻佲杹鈻佲杹鈻佲杹
wandb:          time_s 鈻堚枀鈻冣杽鈻冣杹鈻冣杺鈻佲杹鈻冣杻鈻佲杹鈻佲杹鈻佲杹鈻佲杹鈻佲杹鈻佲杹鈻佲杹鈻佲杹鈻佲杹鈻傗杹鈻佲杹鈻佲杹鈻佲杹鈻佲杹
wandb: train/cons_loss 鈻堚枃鈻呪杻鈻冣杺鈻傗杺鈻傗杺鈻傗杺鈻傗杹鈻佲杹鈻佲杹鈻佲杹鈻佲杹鈻佲杹鈻佲杹鈻佲杹鈻佲杹鈻佲杹鈻佲杹鈻佲杹鈻佲杹鈻佲杹
wandb:      train/loss 鈻堚枀鈻呪杽鈻勨杻鈻冣杻鈻冣杻鈻冣杻鈻冣杺鈻傗杺鈻傗杺鈻傗杺鈻傗杺鈻傗杺鈻傗杹鈻佲杹鈻佲杹鈻佲杹鈻佲杹鈻佲杹鈻佲杹鈻佲杹
wandb:  train/pos_loss 鈻堚枃鈻嗏枀鈻呪枀鈻勨杽鈻勨杽鈻冣杻鈻冣杻鈻冣杻鈻冣杻鈻冣杺鈻傗杺鈻傗杺鈻傗杺鈻傗杺鈻傗杹鈻佲杹鈻佲杹鈻佲杹鈻佲杹鈻佲杹
wandb:  train/vel_loss 鈻堚枀鈻呪杽鈻勨杽鈻冣杻鈻冣杻鈻冣杻鈻冣杻鈻傗杺鈻傗杺鈻傗杺鈻傗杺鈻傗杹鈻佲杹鈻佲杹鈻佲杹鈻佲杹鈻佲杹鈻佲杹鈻佲杹鈻佲杹
wandb:    train/w_cons 鈻堚枃鈻呪杽鈻冣杺鈻傗杺鈻傗杺鈻傗杺鈻佲杹鈻佲杹鈻佲杹鈻佲杹鈻佲杹鈻佲杹鈻佲杹鈻佲杹鈻佲杹鈻佲杹鈻佲杹鈻佲杹鈻佲杹鈻佲杹
wandb:     train/w_pos 鈻堚枂鈻呪杽鈻勨杻鈻冣杻鈻冣杻鈻傗杺鈻傗杺鈻傗杺鈻傗杺鈻傗杺鈻傗杺鈻傗杺鈻傗杹鈻佲杹鈻佲杹鈻佲杹鈻佲杹鈻佲杹鈻佲杹鈻佲杹
wandb:              +3 ...
wandb: 
wandb: Run summary:
wandb:      best_epoch 40
wandb:           epoch 60
wandb:            lr/0 0.0
wandb:            lr/1 0.0
wandb:     r2/best_val 0.71478
wandb:     r2/full_val 0.59408
wandb:          time_s 33.58883
wandb: train/cons_loss 0.0007
wandb:      train/loss 0.00757
wandb:  train/pos_loss 0.00651
wandb:              +6 ...
wandb: 
wandb: 馃殌 View run txf_mt_longctx at: https://wandb.ai/limjiannn-new-york-university/neuro-p2-paper-sweep/runs/6j8dio9j
wandb: 猸愶笍 View project at: https://wandb.ai/limjiannn-new-york-university/neuro-p2-paper-sweep
wandb: Synced 5 W&B file(s), 0 media file(s), 0 artifact file(s) and 0 other file(s)
wandb: Find logs at: ./wandb/run-20260328_135528-6j8dio9j/logs
/scratch/ml8347/neuroinformatics/project2/phase2/paper_sweep_lab/train.py:386: UserWarning: enable_nested_tensor is True, but self.use_nested_tensor is False because encoder_layer.norm_first was True
  self.encoder = nn.TransformerEncoder(enc_layer, num_layers=num_layers)
