INFO:    FUSE2FS (3): Warning: Mounting unchecked fs, running e2fsck is recommended.
wandb: [wandb.login()] Loaded credentials for https://api.wandb.ai from /home/ml8347/.netrc.
wandb: Currently logged in as: limjiannn (limjiannn-new-york-university) to https://api.wandb.ai. Use `wandb login --relogin` to force relogin
wandb: setting up run 0vvb9zlm
wandb: Tracking run with wandb version 0.25.0
wandb: Run data is saved locally in /scratch/ml8347/neuroinformatics/project2/phase2/mae_multitask_decoder_10s_75ov/wandb/run-20260328_214856-0vvb9zlm
wandb: Run `wandb offline` to turn off syncing.
wandb: Syncing run mae_mt_s0_vb0.5_cb0.25
wandb: 猸愶笍 View project at https://wandb.ai/limjiannn-new-york-university/neuro-p2-multitask
wandb: 馃殌 View run at https://wandb.ai/limjiannn-new-york-university/neuro-p2-multitask/runs/0vvb9zlm
/scratch/ml8347/neuroinformatics/project2/phase2/mae_multitask_decoder_10s_75ov/train.py:101: UserWarning: enable_nested_tensor is True, but self.use_nested_tensor is False because encoder_layer.norm_first was True
  self.encoder = nn.TransformerEncoder(enc_layer, num_layers=num_layers)
wandb: updating run metadata
wandb: uploading output.log; uploading wandb-summary.json; uploading config.yaml
wandb: uploading summary, console lines 62-63
wandb: 
wandb: Run history:
wandb:           epoch 鈻佲杹鈻佲杹鈻傗杺鈻傗杺鈻傗杺鈻冣杻鈻冣杻鈻勨杽鈻勨杽鈻勨杽鈻呪枀鈻呪枀鈻呪枂鈻嗏枂鈻嗏枂鈻嗏枃鈻団枃鈻団枃鈻団枅鈻堚枅
wandb:      lr/encoder 鈻勨枀鈻団枅鈻堚枅鈻堚枅鈻堚枅鈻団枃鈻団枃鈻団枂鈻嗏枂鈻嗏枀鈻呪枀鈻勨杽鈻勨杻鈻冣杻鈻冣杻鈻傗杺鈻傗杺鈻傗杹鈻佲杹鈻佲杹
wandb:         lr/head 鈻勨枀鈻団枅鈻堚枅鈻堚枅鈻堚枅鈻団枃鈻団枃鈻団枂鈻嗏枂鈻嗏枂鈻呪枀鈻呪杽鈻勨杽鈻冣杻鈻冣杻鈻傗杺鈻傗杺鈻傗杹鈻佲杹鈻佲杹
wandb:          time_s 鈻堚杺鈻傗杺鈻佲杺鈻傗杹鈻冣杺鈻傗杻鈻冣杺鈻傗杻鈻佲杺鈻傗杺鈻傗杻鈻傗杺鈻傗杺鈻傗杻鈻傗杺鈻傗杺鈻傗杺鈻冣杺鈻冣杺鈻傗杻
wandb: train/cons_loss 鈻佲杻鈻勨枀鈻団枅鈻堚枅鈻団枃鈻団枃鈻団枂鈻嗏枂鈻嗏枂鈻嗏枂鈻嗏枂鈻嗏枂鈻嗏枂鈻嗏枂鈻嗏枂鈻嗏枂鈻嗏枂鈻嗏枂鈻嗏枂鈻嗏枂
wandb:      train/loss 鈻堚枅鈻団枂鈻嗏杽鈻冣杻鈻冣杻鈻傗杺鈻傗杺鈻傗杺鈻傗杺鈻傗杹鈻佲杹鈻佲杹鈻佲杹鈻佲杹鈻佲杹鈻佲杹鈻佲杹鈻佲杹鈻佲杹鈻佲杹
wandb:  train/pos_loss 鈻堚枅鈻団枂鈻呪杽鈻勨杻鈻冣杻鈻傗杺鈻傗杺鈻傗杺鈻傗杺鈻傗杺鈻佲杹鈻佲杹鈻佲杹鈻佲杹鈻佲杹鈻佲杹鈻佲杹鈻佲杹鈻佲杹鈻佲杹
wandb:  train/vel_loss 鈻堚杽鈻冣杻鈻傗杺鈻傗杺鈻傗杺鈻傗杺鈻傗杹鈻佲杹鈻佲杹鈻佲杹鈻佲杹鈻佲杹鈻佲杹鈻佲杹鈻佲杹鈻佲杹鈻佲杹鈻佲杹鈻佲杹鈻佲杹
wandb:     val/best_r2 鈻佲杹鈻冣杽鈻嗏枃鈻団枃鈻団枃鈻団枃鈻団枃鈻堚枅鈻堚枅鈻堚枅鈻堚枅鈻堚枅鈻堚枅鈻堚枅鈻堚枅鈻堚枅鈻堚枅鈻堚枅鈻堚枅鈻堚枅
wandb:          val/r2 鈻佲杹鈻冣杽鈻嗏枃鈻団枃鈻団枃鈻団枃鈻団枃鈻堚枃鈻堚枅鈻堚枅鈻堚枅鈻堚枅鈻堚枅鈻堚枅鈻堚枅鈻堚枅鈻堚枅鈻堚枅鈻堚枅鈻堚枅
wandb: 
wandb: Run summary:
wandb:      best_epoch 40
wandb:           epoch 50
wandb:      lr/encoder 0.0
wandb:         lr/head 1e-05
wandb:     r2/best_val 0.46306
wandb:     r2/full_val 0.37549
wandb:          time_s 20.19065
wandb: train/cons_loss 0.00414
wandb:      train/loss 0.02657
wandb:  train/pos_loss 0.02538
wandb:              +3 ...
wandb: 
wandb: 馃殌 View run mae_mt_s0_vb0.5_cb0.25 at: https://wandb.ai/limjiannn-new-york-university/neuro-p2-multitask/runs/0vvb9zlm
wandb: 猸愶笍 View project at: https://wandb.ai/limjiannn-new-york-university/neuro-p2-multitask
wandb: Synced 5 W&B file(s), 0 media file(s), 0 artifact file(s) and 0 other file(s)
wandb: Find logs at: ./wandb/run-20260328_214856-0vvb9zlm/logs
/scratch/ml8347/neuroinformatics/project2/phase2/mae_multitask_decoder_10s_75ov/train.py:101: UserWarning: enable_nested_tensor is True, but self.use_nested_tensor is False because encoder_layer.norm_first was True
  self.encoder = nn.TransformerEncoder(enc_layer, num_layers=num_layers)
