INFO:    FUSE2FS (3): Warning: Mounting unchecked fs, running e2fsck is recommended.
wandb: [wandb.login()] Loaded credentials for https://api.wandb.ai from /home/ml8347/.netrc.
wandb: Currently logged in as: limjiannn (limjiannn-new-york-university) to https://api.wandb.ai. Use `wandb login --relogin` to force relogin
wandb: setting up run 63y0cvg0
wandb: Tracking run with wandb version 0.25.0
wandb: Run data is saved locally in /scratch/ml8347/neuroinformatics/project2/phase2/transformer_multitask_scratch/wandb/run-20260328_132320-63y0cvg0
wandb: Run `wandb offline` to turn off syncing.
wandb: Syncing run txf_mt_scratch_s0_L6
wandb: ⭐️ View project at https://wandb.ai/limjiannn-new-york-university/neuro-p2-scratch-mt
wandb: 🚀 View run at https://wandb.ai/limjiannn-new-york-university/neuro-p2-scratch-mt/runs/63y0cvg0
/scratch/ml8347/neuroinformatics/project2/phase2/transformer_multitask_scratch/train.py:80: UserWarning: enable_nested_tensor is True, but self.use_nested_tensor is False because encoder_layer.norm_first was True
  self.encoder = nn.TransformerEncoder(enc_layer, num_layers=num_layers)
wandb: updating run metadata
wandb: uploading config.yaml; uploading output.log
wandb: uploading summary, console lines 69-70
wandb: 
wandb: Run history:
wandb:           epoch ▁▁▁▂▂▂▂▂▂▃▃▃▃▄▄▄▄▄▄▄▅▅▅▅▆▆▆▆▆▆▇▇▇▇▇▇████
wandb:              lr ▄▅████████▇▇▇▇▇▆▆▆▆▅▅▅▄▄▄▄▃▃▃▃▂▂▂▂▂▁▁▁▁▁
wandb:          time_s █▁▅▂▂▂▂▂▂▂▂▂▂▂▂▂▂▂▁▂▃▄▂▃▂▄▄▂▅▂▆▂▂▂▂▃▄▁▃▂
wandb: train/cons_loss █▇▃▂▂▂▂▂▂▂▁▁▁▁▁▁▁▁▁▁▁▁▁▁▁▁▁▁▁▁▁▁▁▁▁▁▁▁▁▁
wandb:      train/loss █▆▅▄▄▄▃▃▃▃▃▃▃▂▂▂▂▂▂▂▂▂▂▂▁▁▁▁▁▁▁▁▁▁▁▁▁▁▁▁
wandb:  train/pos_loss █▆▅▅▄▄▃▃▃▃▃▃▃▂▂▂▂▂▂▂▂▂▂▂▂▁▁▁▁▁▁▁▁▁▁▁▁▁▁▁
wandb:  train/vel_loss █▃▂▂▂▂▂▂▂▁▁▁▁▁▁▁▁▁▁▁▁▁▁▁▁▁▁▁▁▁▁▁▁▁▁▁▁▁▁▁
wandb:     val/best_r2 ▁▄▄▅▆▆▆▆▇▇▇▇▇▇▇▇▇▇▇▇▇▇▇▇████████████████
wandb:          val/r2 ▁▄▂▅▆▅▆▆▆▆▆▆▇▇▆▇▇▇▇▇▇▇███▇██████████████
wandb: 
wandb: Run summary:
wandb:      best_epoch 49
wandb:           epoch 60
wandb:              lr 0.0
wandb:     r2/best_val 0.74106
wandb:     r2/full_val 0.60986
wandb:          time_s 25.63631
wandb: train/cons_loss 0.00084
wandb:      train/loss 0.00642
wandb:  train/pos_loss 0.00611
wandb:  train/vel_loss 0.0002
wandb:              +2 ...
wandb: 
wandb: 🚀 View run txf_mt_scratch_s0_L6 at: https://wandb.ai/limjiannn-new-york-university/neuro-p2-scratch-mt/runs/63y0cvg0
wandb: ⭐️ View project at: https://wandb.ai/limjiannn-new-york-university/neuro-p2-scratch-mt
wandb: Synced 5 W&B file(s), 0 media file(s), 0 artifact file(s) and 0 other file(s)
wandb: Find logs at: ./wandb/run-20260328_132320-63y0cvg0/logs
/scratch/ml8347/neuroinformatics/project2/phase2/transformer_multitask_scratch/train.py:80: UserWarning: enable_nested_tensor is True, but self.use_nested_tensor is False because encoder_layer.norm_first was True
  self.encoder = nn.TransformerEncoder(enc_layer, num_layers=num_layers)
