MAE context partial FT started at: Sat Mar 28 13:21:22 EDT 2026
=== Training ===
Device: cuda
Train: 159, Val: 28, Val subset: 8
Building dataset...
  59601 trials (11.9s)
Params: 2,497,028
Loading pretrained encoder from: /scratch/ml8347/neuroinformatics/project2/phase1/masked_autoencoder/sweep_3325164_5/best_model.pt
  Phase 1 checkpoint: epoch=49, val_nmse=0.7288985848426819
  Transferred 50 tensors, skipped 7
  Partial FT: unfreezing last 2/4 encoder layers
Ep   1/50 | loss=0.0719 (pos=0.0710 vel=0.0007 cons=0.0032) | val_r2=0.3448 * | lr_enc=4.00e-06 lr_head=1.60e-04 | 18s
Ep   2/50 | loss=0.0562 (pos=0.0550 vel=0.0004 cons=0.0051) | val_r2=0.4091 * | lr_enc=6.00e-06 lr_head=2.40e-04 | 16s
Ep   3/50 | loss=0.0458 (pos=0.0446 vel=0.0003 cons=0.0054) | val_r2=0.4397 * | lr_enc=8.00e-06 lr_head=3.20e-04 | 16s
Ep   4/50 | loss=0.0403 (pos=0.0391 vel=0.0003 cons=0.0051) | val_r2=0.5052 * | lr_enc=1.00e-05 lr_head=4.00e-04 | 15s
Ep   5/50 | loss=0.0368 (pos=0.0357 vel=0.0003 cons=0.0047) | val_r2=0.4803  | lr_enc=1.00e-05 lr_head=4.00e-04 | 15s
Ep   6/50 | loss=0.0341 (pos=0.0330 vel=0.0003 cons=0.0045) | val_r2=0.5579 * | lr_enc=9.99e-06 lr_head=4.00e-04 | 16s
Ep   7/50 | loss=0.0321 (pos=0.0311 vel=0.0003 cons=0.0043) | val_r2=0.5573  | lr_enc=9.95e-06 lr_head=3.98e-04 | 15s
Ep   8/50 | loss=0.0306 (pos=0.0296 vel=0.0003 cons=0.0042) | val_r2=0.5768 * | lr_enc=9.89e-06 lr_head=3.96e-04 | 16s
Ep   9/50 | loss=0.0295 (pos=0.0285 vel=0.0003 cons=0.0041) | val_r2=0.5572  | lr_enc=9.81e-06 lr_head=3.92e-04 | 15s
Ep  10/50 | loss=0.0285 (pos=0.0275 vel=0.0003 cons=0.0040) | val_r2=0.5947 * | lr_enc=9.70e-06 lr_head=3.88e-04 | 15s
Ep  11/50 | loss=0.0277 (pos=0.0268 vel=0.0003 cons=0.0039) | val_r2=0.5874  | lr_enc=9.57e-06 lr_head=3.83e-04 | 16s
Ep  12/50 | loss=0.0270 (pos=0.0261 vel=0.0003 cons=0.0039) | val_r2=0.5699  | lr_enc=9.42e-06 lr_head=3.77e-04 | 15s
Ep  13/50 | loss=0.0264 (pos=0.0255 vel=0.0003 cons=0.0039) | val_r2=0.5670  | lr_enc=9.25e-06 lr_head=3.70e-04 | 15s
Ep  14/50 | loss=0.0258 (pos=0.0249 vel=0.0003 cons=0.0038) | val_r2=0.5998 * | lr_enc=9.05e-06 lr_head=3.62e-04 | 15s
Ep  15/50 | loss=0.0254 (pos=0.0245 vel=0.0003 cons=0.0038) | val_r2=0.5993  | lr_enc=8.84e-06 lr_head=3.54e-04 | 16s
Ep  16/50 | loss=0.0250 (pos=0.0241 vel=0.0003 cons=0.0038) | val_r2=0.5618  | lr_enc=8.61e-06 lr_head=3.44e-04 | 15s
Ep  17/50 | loss=0.0247 (pos=0.0238 vel=0.0003 cons=0.0037) | val_r2=0.5682  | lr_enc=8.36e-06 lr_head=3.34e-04 | 16s
Ep  18/50 | loss=0.0243 (pos=0.0234 vel=0.0003 cons=0.0037) | val_r2=0.6018 * | lr_enc=8.10e-06 lr_head=3.24e-04 | 16s
Ep  19/50 | loss=0.0240 (pos=0.0231 vel=0.0003 cons=0.0037) | val_r2=0.5880  | lr_enc=7.82e-06 lr_head=3.13e-04 | 15s
Ep  20/50 | loss=0.0237 (pos=0.0229 vel=0.0003 cons=0.0037) | val_r2=0.5920  | lr_enc=7.52e-06 lr_head=3.01e-04 | 15s
Ep  21/50 | loss=0.0234 (pos=0.0226 vel=0.0003 cons=0.0036) | val_r2=0.5807  | lr_enc=7.22e-06 lr_head=2.89e-04 | 15s
Ep  22/50 | loss=0.0232 (pos=0.0223 vel=0.0003 cons=0.0036) | val_r2=0.5995  | lr_enc=6.90e-06 lr_head=2.76e-04 | 16s
Ep  23/50 | loss=0.0229 (pos=0.0220 vel=0.0003 cons=0.0036) | val_r2=0.6186 * | lr_enc=6.58e-06 lr_head=2.63e-04 | 16s
Ep  24/50 | loss=0.0227 (pos=0.0218 vel=0.0003 cons=0.0036) | val_r2=0.5982  | lr_enc=6.25e-06 lr_head=2.50e-04 | 15s
Ep  25/50 | loss=0.0225 (pos=0.0217 vel=0.0003 cons=0.0036) | val_r2=0.5959  | lr_enc=5.91e-06 lr_head=2.36e-04 | 15s
Ep  26/50 | loss=0.0224 (pos=0.0215 vel=0.0003 cons=0.0036) | val_r2=0.5957  | lr_enc=5.57e-06 lr_head=2.23e-04 | 15s
Ep  27/50 | loss=0.0222 (pos=0.0213 vel=0.0003 cons=0.0036) | val_r2=0.6046  | lr_enc=5.22e-06 lr_head=2.09e-04 | 16s
Ep  28/50 | loss=0.0220 (pos=0.0211 vel=0.0003 cons=0.0036) | val_r2=0.6258 * | lr_enc=4.88e-06 lr_head=1.95e-04 | 15s
Ep  29/50 | loss=0.0218 (pos=0.0210 vel=0.0003 cons=0.0036) | val_r2=0.5975  | lr_enc=4.53e-06 lr_head=1.81e-04 | 16s
Ep  30/50 | loss=0.0217 (pos=0.0208 vel=0.0003 cons=0.0036) | val_r2=0.5887  | lr_enc=4.19e-06 lr_head=1.68e-04 | 16s
Ep  31/50 | loss=0.0215 (pos=0.0207 vel=0.0003 cons=0.0036) | val_r2=0.5914  | lr_enc=3.85e-06 lr_head=1.54e-04 | 15s
Ep  32/50 | loss=0.0214 (pos=0.0205 vel=0.0002 cons=0.0036) | val_r2=0.5866  | lr_enc=3.52e-06 lr_head=1.41e-04 | 15s
Ep  33/50 | loss=0.0213 (pos=0.0204 vel=0.0002 cons=0.0036) | val_r2=0.5892  | lr_enc=3.20e-06 lr_head=1.28e-04 | 15s
Ep  34/50 | loss=0.0212 (pos=0.0203 vel=0.0002 cons=0.0036) | val_r2=0.5976  | lr_enc=2.88e-06 lr_head=1.15e-04 | 16s
Ep  35/50 | loss=0.0210 (pos=0.0202 vel=0.0002 cons=0.0037) | val_r2=0.5924  | lr_enc=2.58e-06 lr_head=1.03e-04 | 16s
Ep  36/50 | loss=0.0210 (pos=0.0201 vel=0.0002 cons=0.0037) | val_r2=0.5974  | lr_enc=2.28e-06 lr_head=9.13e-05 | 16s
Ep  37/50 | loss=0.0208 (pos=0.0200 vel=0.0002 cons=0.0037) | val_r2=0.6000  | lr_enc=2.00e-06 lr_head=8.01e-05 | 16s
Ep  38/50 | loss=0.0208 (pos=0.0199 vel=0.0002 cons=0.0037) | val_r2=0.6078  | lr_enc=1.74e-06 lr_head=6.95e-05 | 16s
Ep  39/50 | loss=0.0207 (pos=0.0198 vel=0.0002 cons=0.0037) | val_r2=0.6145  | lr_enc=1.49e-06 lr_head=5.96e-05 | 15s
Ep  40/50 | loss=0.0207 (pos=0.0198 vel=0.0002 cons=0.0037) | val_r2=0.6061  | lr_enc=1.26e-06 lr_head=5.03e-05 | 15s
Ep  41/50 | loss=0.0206 (pos=0.0197 vel=0.0002 cons=0.0037) | val_r2=0.6043  | lr_enc=1.05e-06 lr_head=4.18e-05 | 15s
Ep  42/50 | loss=0.0205 (pos=0.0197 vel=0.0002 cons=0.0037) | val_r2=0.6049  | lr_enc=8.52e-07 lr_head=3.41e-05 | 15s
Ep  43/50 | loss=0.0205 (pos=0.0196 vel=0.0002 cons=0.0037) | val_r2=0.6082  | lr_enc=6.79e-07 lr_head=2.72e-05 | 16s
Ep  44/50 | loss=0.0204 (pos=0.0196 vel=0.0002 cons=0.0037) | val_r2=0.6144  | lr_enc=5.28e-07 lr_head=2.11e-05 | 16s
Ep  45/50 | loss=0.0204 (pos=0.0195 vel=0.0002 cons=0.0037) | val_r2=0.6144  | lr_enc=3.99e-07 lr_head=1.59e-05 | 15s
Ep  46/50 | loss=0.0203 (pos=0.0194 vel=0.0002 cons=0.0037) | val_r2=0.6154  | lr_enc=2.92e-07 lr_head=1.17e-05 | 15s
Ep  47/50 | loss=0.0204 (pos=0.0195 vel=0.0002 cons=0.0037) | val_r2=0.6129  | lr_enc=2.08e-07 lr_head=8.33e-06 | 15s
Ep  48/50 | loss=0.0203 (pos=0.0194 vel=0.0002 cons=0.0037) | val_r2=0.6113  | lr_enc=1.48e-07 lr_head=5.93e-06 | 15s
Ep  49/50 | loss=0.0203 (pos=0.0195 vel=0.0002 cons=0.0037) | val_r2=0.6128  | lr_enc=1.12e-07 lr_head=4.48e-06 | 15s
Ep  50/50 | loss=0.0202 (pos=0.0194 vel=0.0002 cons=0.0037) | val_r2=0.6117  | lr_enc=1.00e-07 lr_head=4.00e-06 | 16s

Full validation with best model...
Full val R²: 0.5615 (best epoch 28)
Saved config.json, best_model.pt, last_model.pt

=== Submission ===
Device: cuda
Loaded: best_model.pt (epoch 28, val_r2=0.6258375580766019)
Inference config: max_seq_len=192, stride=96, position_blend=0.800
Test sessions: 125
  [1/125] D002: 24246 bins (0.7s)
  [2/125] D003: 24647 bins (0.5s)
  [3/125] D004: 23764 bins (0.5s)
  [4/125] D005: 20828 bins (0.5s)
  [5/125] D006: 26032 bins (0.5s)
  [6/125] D008: 25489 bins (0.5s)
  [7/125] D010: 25503 bins (0.5s)
  [8/125] D012: 23475 bins (0.5s)
  [9/125] D013: 23900 bins (0.5s)
  [10/125] D014: 24188 bins (0.5s)
  [11/125] D015: 25023 bins (0.5s)
  [12/125] D016: 21120 bins (0.5s)
  [13/125] D017: 22031 bins (0.5s)
  [14/125] D020: 24685 bins (0.5s)
  [15/125] D025: 24874 bins (0.5s)
  [16/125] D027: 24231 bins (0.5s)
  [17/125] D028: 26305 bins (0.5s)
  [18/125] D029: 24818 bins (0.5s)
  [19/125] D034: 24066 bins (0.5s)
  [20/125] D035: 21037 bins (0.5s)
  [21/125] D036: 25057 bins (0.5s)
  [22/125] D039: 26497 bins (0.5s)
  [23/125] D040: 24304 bins (0.5s)
  [24/125] D041: 25052 bins (0.5s)
  [25/125] D046: 21001 bins (0.5s)
  [26/125] D047: 25612 bins (0.5s)
  [27/125] D048: 22225 bins (0.5s)
  [28/125] D051: 24997 bins (0.5s)
  [29/125] D054: 23915 bins (0.5s)
  [30/125] D055: 25719 bins (0.5s)
  [31/125] D057: 24450 bins (0.5s)
  [32/125] D059: 24618 bins (0.5s)
  [33/125] D060: 22292 bins (0.5s)
  [34/125] D061: 25620 bins (0.5s)
  [35/125] D070: 23416 bins (0.5s)
  [36/125] D075: 21566 bins (0.5s)
  [37/125] D076: 21535 bins (0.5s)
  [38/125] D077: 24188 bins (0.5s)
  [39/125] D078: 23653 bins (0.5s)
  [40/125] D085: 24670 bins (0.5s)
  [41/125] D086: 25191 bins (0.5s)
  [42/125] D089: 21878 bins (0.5s)
  [43/125] D092: 26243 bins (0.5s)
  [44/125] D097: 22194 bins (0.5s)
  [45/125] D098: 24193 bins (0.5s)
  [46/125] D099: 24942 bins (0.5s)
  [47/125] D102: 21444 bins (0.5s)
  [48/125] D104: 25760 bins (0.5s)
  [49/125] D105: 24699 bins (0.5s)
  [50/125] D106: 25163 bins (0.5s)
  [51/125] D109: 22504 bins (0.5s)
  [52/125] D110: 21546 bins (0.5s)
  [53/125] D112: 25547 bins (0.5s)
  [54/125] D114: 21763 bins (0.5s)
  [55/125] D116: 23137 bins (0.5s)
  [56/125] D121: 28655 bins (0.5s)
  [57/125] D129: 24399 bins (0.5s)
  [58/125] D135: 25084 bins (0.5s)
  [59/125] D136: 23816 bins (0.5s)
  [60/125] D142: 21434 bins (0.5s)
  [61/125] D143: 21171 bins (0.5s)
  [62/125] D144: 26791 bins (0.5s)
  [63/125] D145: 23359 bins (0.5s)
  [64/125] D146: 23994 bins (0.5s)
  [65/125] D151: 25015 bins (0.5s)
  [66/125] D155: 24682 bins (0.5s)
  [67/125] D156: 26109 bins (0.5s)
  [68/125] D157: 23542 bins (0.5s)
  [69/125] D161: 21964 bins (0.5s)
  [70/125] D167: 26165 bins (0.5s)
  [71/125] D170: 26616 bins (0.5s)
  [72/125] D171: 24535 bins (0.5s)
  [73/125] D175: 25290 bins (0.5s)
  [74/125] D176: 25916 bins (0.5s)
  [75/125] D182: 20848 bins (0.5s)
  [76/125] D183: 25144 bins (0.5s)
  [77/125] D185: 24055 bins (0.5s)
  [78/125] D190: 25177 bins (0.5s)
  [79/125] D192: 22286 bins (0.5s)
  [80/125] D194: 22384 bins (0.5s)
  [81/125] D195: 23565 bins (0.5s)
  [82/125] D198: 25248 bins (0.5s)
  [83/125] D199: 25166 bins (0.5s)
  [84/125] D200: 24481 bins (0.5s)
  [85/125] D201: 24437 bins (0.5s)
  [86/125] D213: 24786 bins (0.6s)
  [87/125] D216: 21839 bins (0.5s)
  [88/125] D218: 24982 bins (0.5s)
  [89/125] D222: 22725 bins (0.5s)
  [90/125] D224: 24529 bins (0.5s)
  [91/125] D226: 21153 bins (0.5s)
  [92/125] D233: 22545 bins (0.5s)
  [93/125] D234: 23720 bins (0.5s)
  [94/125] D236: 31505 bins (0.6s)
  [95/125] D237: 24493 bins (0.5s)
  [96/125] D239: 25325 bins (0.6s)
  [97/125] D241: 25728 bins (0.5s)
  [98/125] D242: 25540 bins (0.5s)
  [99/125] D243: 25453 bins (0.5s)
  [100/125] D245: 20848 bins (0.5s)
  [101/125] D247: 25354 bins (0.5s)
  [102/125] D253: 24810 bins (0.6s)
  [103/125] D254: 25763 bins (0.5s)
  [104/125] D255: 21821 bins (0.5s)
  [105/125] D257: 21381 bins (0.5s)
  [106/125] D260: 22145 bins (0.5s)
  [107/125] D267: 24945 bins (0.5s)
  [108/125] D268: 24487 bins (0.5s)
  [109/125] D272: 20878 bins (0.5s)
  [110/125] D273: 21338 bins (0.5s)
  [111/125] D276: 20859 bins (0.5s)
  [112/125] D277: 21283 bins (0.5s)
  [113/125] D282: 21023 bins (0.5s)
  [114/125] D283: 26003 bins (0.5s)
  [115/125] D284: 25068 bins (0.5s)
  [116/125] D287: 23833 bins (0.5s)
  [117/125] D289: 21498 bins (0.5s)
  [118/125] D291: 21337 bins (0.5s)
  [119/125] D296: 22568 bins (0.5s)
  [120/125] D299: 21878 bins (0.5s)
  [121/125] D300: 24591 bins (0.5s)
  [122/125] D303: 24664 bins (0.5s)
  [123/125] D304: 22364 bins (0.5s)
  [124/125] D307: 26506 bins (0.5s)
  [125/125] D308: 24181 bins (0.5s)
Submission saved to submission_mae_context.csv (2993930 rows)
Finished at: Sat Mar 28 13:38:38 EDT 2026
Total time: 17m 16s
