INFO:    FUSE2FS (3): Warning: Mounting unchecked fs, running e2fsck is recommended.
wandb: [wandb.login()] Loaded credentials for https://api.wandb.ai from /home/ml8347/.netrc.
wandb: Currently logged in as: limjiannn (limjiannn-new-york-university) to https://api.wandb.ai. Use `wandb login --relogin` to force relogin
wandb: setting up run q2a96c8i
wandb: Tracking run with wandb version 0.25.0
wandb: Run data is saved locally in /scratch/ml8347/neuroinformatics/project2/phase2/mae_context_partial_ft/wandb/run-20260328_132154-q2a96c8i
wandb: Run `wandb offline` to turn off syncing.
wandb: Syncing run mae_ctx_s0_uf2
wandb: 猸愶笍 View project at https://wandb.ai/limjiannn-new-york-university/neuro-p2-mae-context
wandb: 馃殌 View run at https://wandb.ai/limjiannn-new-york-university/neuro-p2-mae-context/runs/q2a96c8i
/scratch/ml8347/neuroinformatics/project2/phase2/mae_context_partial_ft/train.py:82: UserWarning: enable_nested_tensor is True, but self.use_nested_tensor is False because encoder_layer.norm_first was True
  self.encoder = nn.TransformerEncoder(enc_layer, num_layers=num_layers)
wandb: updating run metadata
wandb: uploading output.log; uploading wandb-summary.json; uploading config.yaml
wandb: uploading summary, console lines 63-64
wandb: 
wandb: Run history:
wandb:           epoch 鈻佲杹鈻佲杹鈻傗杺鈻傗杺鈻傗杺鈻冣杻鈻冣杻鈻冣杽鈻勨杽鈻勨杽鈻勨枀鈻呪枀鈻呪枀鈻呪枂鈻嗏枂鈻嗏枂鈻団枃鈻団枃鈻団枃鈻堚枅
wandb:      lr/encoder 鈻勨枀鈻団枅鈻堚枅鈻堚枅鈻堚枅鈻団枃鈻団枃鈻団枂鈻嗏枂鈻嗏枀鈻呪枀鈻勨杽鈻勨杻鈻冣杻鈻冣杺鈻傗杺鈻傗杺鈻佲杹鈻佲杹鈻佲杹
wandb:         lr/head 鈻勨枀鈻団枅鈻堚枅鈻堚枅鈻堚枅鈻団枃鈻団枃鈻嗏枂鈻嗏枂鈻呪枀鈻呪杽鈻勨杽鈻勨杻鈻冣杻鈻冣杺鈻傗杺鈻傗杺鈻佲杹鈻佲杹鈻佲杹
wandb:          time_s 鈻堚杺鈻傗杹鈻佲杹鈻勨杹鈻佲杻鈻佲杹鈻傗杹鈻傗杹鈻佲杹鈻傗杺鈻佲杹鈻勨杹鈻勨杹鈻佲杽鈻勨杻鈻佲杹鈻佲杹鈻傗杹鈻佲杹鈻佲杺
wandb: train/cons_loss 鈻佲枃鈻堚枃鈻嗏杽鈻勨杽鈻冣杻鈻冣杻鈻冣杻鈻冣杺鈻傗杺鈻傗杺鈻傗杺鈻傗杺鈻傗杺鈻傗杺鈻傗杺鈻冣杻鈻冣杻鈻冣杻鈻冣杻鈻冣杻
wandb:      train/loss 鈻堚枂鈻勨杽鈻冣杻鈻傗杺鈻傗杺鈻傗杺鈻傗杺鈻傗杺鈻佲杹鈻佲杹鈻佲杹鈻佲杹鈻佲杹鈻佲杹鈻佲杹鈻佲杹鈻佲杹鈻佲杹鈻佲杹鈻佲杹
wandb:  train/pos_loss 鈻堚枂鈻勨杽鈻冣杺鈻傗杺鈻傗杺鈻傗杺鈻傗杺鈻傗杹鈻佲杹鈻佲杹鈻佲杹鈻佲杹鈻佲杹鈻佲杹鈻佲杹鈻佲杹鈻佲杹鈻佲杹鈻佲杹鈻佲杹
wandb:  train/vel_loss 鈻堚杽鈻冣杺鈻傗杺鈻佲杹鈻佲杹鈻佲杹鈻佲杹鈻佲杹鈻佲杹鈻佲杹鈻佲杹鈻佲杹鈻佲杹鈻佲杹鈻佲杹鈻佲杹鈻佲杹鈻佲杹鈻佲杹鈻佲杹
wandb:     val/best_r2 鈻佲杺鈻勨杽鈻嗏枂鈻嗏枃鈻団枃鈻団枃鈻団枃鈻団枃鈻団枃鈻堚枅鈻堚枅鈻堚枅鈻堚枅鈻堚枅鈻堚枅鈻堚枅鈻堚枅鈻堚枅鈻堚枅鈻堚枅
wandb:          val/r2 鈻佲杻鈻冣枀鈻勨枂鈻団枂鈻団枃鈻団枃鈻団枂鈻団枃鈻団枃鈻団枅鈻団枃鈻団枅鈻団枃鈻団枃鈻団枃鈻堚枅鈻団枃鈻堚枅鈻堚枅鈻堚枅
wandb: 
wandb: Run summary:
wandb:      best_epoch 28
wandb:           epoch 50
wandb:      lr/encoder 0.0
wandb:         lr/head 0.0
wandb:     r2/best_val 0.62584
wandb:     r2/full_val 0.56145
wandb:          time_s 15.59577
wandb: train/cons_loss 0.00371
wandb:      train/loss 0.02025
wandb:  train/pos_loss 0.01938
wandb:              +3 ...
wandb: 
wandb: 馃殌 View run mae_ctx_s0_uf2 at: https://wandb.ai/limjiannn-new-york-university/neuro-p2-mae-context/runs/q2a96c8i
wandb: 猸愶笍 View project at: https://wandb.ai/limjiannn-new-york-university/neuro-p2-mae-context
wandb: Synced 5 W&B file(s), 0 media file(s), 0 artifact file(s) and 0 other file(s)
wandb: Find logs at: ./wandb/run-20260328_132154-q2a96c8i/logs
/scratch/ml8347/neuroinformatics/project2/phase2/mae_context_partial_ft/train.py:82: UserWarning: enable_nested_tensor is True, but self.use_nested_tensor is False because encoder_layer.norm_first was True
  self.encoder = nn.TransformerEncoder(enc_layer, num_layers=num_layers)
