MAE multitask sweep started at: Sun Mar 29 14:21:20 EDT 2026
Array task: 11 — config: 5s_50ov_nop1
Device: cuda
Config: 5s_50ov_nop1
Window: 250 bins (5.0s), stride: 125 (50% overlap)
Outdir: /scratch/ml8347/neuroinformatics/project2/phase2/mae_multitask_sweep/runs/5s_50ov_nop1
Train: 159, Val: 28, Val subset: 8
Building dataset...
  31989 windows (13.1s)
Params: 2,291,972
Loading pretrained encoder from: /scratch/ml8347/neuroinformatics/project2/phase1/masked_autoencoder/sweep_3325164_5/best_model.pt
  Phase 1 checkpoint: epoch=49, val_nmse=0.7288985848426819
  Transferred 50 tensors, skipped 7
Ep   1/50 | loss=0.0809 (pos=0.0799 vel=0.0007 cons=0.0022) | val_r2=-0.1668 * | lr_enc=4.00e-06 lr_head=2.00e-04 | 14s
Ep   2/50 | loss=0.0746 (pos=0.0736 vel=0.0005 cons=0.0032) | val_r2=0.1221 * | lr_enc=6.00e-06 lr_head=3.00e-04 | 12s
Ep   3/50 | loss=0.0683 (pos=0.0671 vel=0.0004 cons=0.0038) | val_r2=0.2273 * | lr_enc=8.00e-06 lr_head=4.00e-04 | 12s
Ep   4/50 | loss=0.0601 (pos=0.0588 vel=0.0004 cons=0.0046) | val_r2=0.2590 * | lr_enc=1.00e-05 lr_head=5.00e-04 | 12s
Ep   5/50 | loss=0.0527 (pos=0.0513 vel=0.0004 cons=0.0049) | val_r2=0.3921 * | lr_enc=1.00e-05 lr_head=5.00e-04 | 12s
Ep   6/50 | loss=0.0474 (pos=0.0460 vel=0.0004 cons=0.0049) | val_r2=0.4362 * | lr_enc=9.99e-06 lr_head=4.99e-04 | 11s
Ep   7/50 | loss=0.0436 (pos=0.0422 vel=0.0004 cons=0.0049) | val_r2=0.4669 * | lr_enc=9.95e-06 lr_head=4.98e-04 | 11s
Ep   8/50 | loss=0.0407 (pos=0.0394 vel=0.0004 cons=0.0048) | val_r2=0.4914 * | lr_enc=9.89e-06 lr_head=4.95e-04 | 12s
Ep   9/50 | loss=0.0385 (pos=0.0372 vel=0.0003 cons=0.0046) | val_r2=0.5178 * | lr_enc=9.81e-06 lr_head=4.90e-04 | 12s
Ep  10/50 | loss=0.0367 (pos=0.0354 vel=0.0003 cons=0.0045) | val_r2=0.5315 * | lr_enc=9.70e-06 lr_head=4.85e-04 | 12s
Ep  11/50 | loss=0.0352 (pos=0.0339 vel=0.0003 cons=0.0044) | val_r2=0.5616 * | lr_enc=9.57e-06 lr_head=4.79e-04 | 12s
Ep  12/50 | loss=0.0339 (pos=0.0327 vel=0.0003 cons=0.0042) | val_r2=0.5552  | lr_enc=9.42e-06 lr_head=4.71e-04 | 11s
Ep  13/50 | loss=0.0329 (pos=0.0317 vel=0.0003 cons=0.0041) | val_r2=0.5701 * | lr_enc=9.25e-06 lr_head=4.62e-04 | 12s
Ep  14/50 | loss=0.0319 (pos=0.0307 vel=0.0003 cons=0.0040) | val_r2=0.6088 * | lr_enc=9.05e-06 lr_head=4.53e-04 | 12s
Ep  15/50 | loss=0.0310 (pos=0.0299 vel=0.0003 cons=0.0040) | val_r2=0.6146 * | lr_enc=8.84e-06 lr_head=4.42e-04 | 12s
Ep  16/50 | loss=0.0302 (pos=0.0291 vel=0.0003 cons=0.0039) | val_r2=0.6221 * | lr_enc=8.61e-06 lr_head=4.31e-04 | 11s
Ep  17/50 | loss=0.0296 (pos=0.0285 vel=0.0003 cons=0.0038) | val_r2=0.6283 * | lr_enc=8.36e-06 lr_head=4.18e-04 | 12s
Ep  18/50 | loss=0.0291 (pos=0.0280 vel=0.0003 cons=0.0038) | val_r2=0.6291 * | lr_enc=8.10e-06 lr_head=4.05e-04 | 11s
Ep  19/50 | loss=0.0285 (pos=0.0274 vel=0.0003 cons=0.0037) | val_r2=0.6218  | lr_enc=7.82e-06 lr_head=3.91e-04 | 12s
Ep  20/50 | loss=0.0280 (pos=0.0269 vel=0.0003 cons=0.0037) | val_r2=0.6433 * | lr_enc=7.52e-06 lr_head=3.76e-04 | 12s
Ep  21/50 | loss=0.0276 (pos=0.0265 vel=0.0003 cons=0.0037) | val_r2=0.6527 * | lr_enc=7.22e-06 lr_head=3.61e-04 | 12s
Ep  22/50 | loss=0.0272 (pos=0.0261 vel=0.0003 cons=0.0036) | val_r2=0.6265  | lr_enc=6.90e-06 lr_head=3.45e-04 | 11s
Ep  23/50 | loss=0.0268 (pos=0.0257 vel=0.0003 cons=0.0036) | val_r2=0.6478  | lr_enc=6.58e-06 lr_head=3.29e-04 | 12s
Ep  24/50 | loss=0.0265 (pos=0.0254 vel=0.0003 cons=0.0036) | val_r2=0.6463  | lr_enc=6.25e-06 lr_head=3.12e-04 | 12s
Ep  25/50 | loss=0.0261 (pos=0.0251 vel=0.0003 cons=0.0036) | val_r2=0.6403  | lr_enc=5.91e-06 lr_head=2.95e-04 | 12s
Ep  26/50 | loss=0.0258 (pos=0.0248 vel=0.0003 cons=0.0035) | val_r2=0.6478  | lr_enc=5.57e-06 lr_head=2.78e-04 | 12s
Ep  27/50 | loss=0.0256 (pos=0.0245 vel=0.0003 cons=0.0035) | val_r2=0.6370  | lr_enc=5.22e-06 lr_head=2.61e-04 | 12s
Ep  28/50 | loss=0.0253 (pos=0.0243 vel=0.0003 cons=0.0035) | val_r2=0.6729 * | lr_enc=4.88e-06 lr_head=2.44e-04 | 12s
Ep  29/50 | loss=0.0251 (pos=0.0241 vel=0.0003 cons=0.0035) | val_r2=0.6517  | lr_enc=4.53e-06 lr_head=2.27e-04 | 12s
Ep  30/50 | loss=0.0249 (pos=0.0239 vel=0.0003 cons=0.0035) | val_r2=0.6605  | lr_enc=4.19e-06 lr_head=2.10e-04 | 11s
Ep  31/50 | loss=0.0247 (pos=0.0237 vel=0.0003 cons=0.0035) | val_r2=0.6643  | lr_enc=3.85e-06 lr_head=1.93e-04 | 12s
Ep  32/50 | loss=0.0245 (pos=0.0235 vel=0.0003 cons=0.0035) | val_r2=0.6492  | lr_enc=3.52e-06 lr_head=1.76e-04 | 12s
Ep  33/50 | loss=0.0244 (pos=0.0234 vel=0.0003 cons=0.0034) | val_r2=0.6529  | lr_enc=3.20e-06 lr_head=1.60e-04 | 12s
Ep  34/50 | loss=0.0242 (pos=0.0232 vel=0.0003 cons=0.0034) | val_r2=0.6590  | lr_enc=2.88e-06 lr_head=1.44e-04 | 11s
Ep  35/50 | loss=0.0240 (pos=0.0230 vel=0.0003 cons=0.0034) | val_r2=0.6632  | lr_enc=2.58e-06 lr_head=1.29e-04 | 11s
Ep  36/50 | loss=0.0240 (pos=0.0230 vel=0.0003 cons=0.0034) | val_r2=0.6638  | lr_enc=2.28e-06 lr_head=1.14e-04 | 12s
Ep  37/50 | loss=0.0238 (pos=0.0228 vel=0.0003 cons=0.0034) | val_r2=0.6620  | lr_enc=2.00e-06 lr_head=1.00e-04 | 12s
Ep  38/50 | loss=0.0238 (pos=0.0228 vel=0.0003 cons=0.0034) | val_r2=0.6584  | lr_enc=1.74e-06 lr_head=8.69e-05 | 12s
Ep  39/50 | loss=0.0237 (pos=0.0227 vel=0.0003 cons=0.0034) | val_r2=0.6568  | lr_enc=1.49e-06 lr_head=7.45e-05 | 12s
Ep  40/50 | loss=0.0236 (pos=0.0226 vel=0.0003 cons=0.0034) | val_r2=0.6600  | lr_enc=1.26e-06 lr_head=6.29e-05 | 11s
Ep  41/50 | loss=0.0236 (pos=0.0226 vel=0.0003 cons=0.0034) | val_r2=0.6628  | lr_enc=1.05e-06 lr_head=5.23e-05 | 12s
Ep  42/50 | loss=0.0235 (pos=0.0225 vel=0.0003 cons=0.0034) | val_r2=0.6660  | lr_enc=8.52e-07 lr_head=4.26e-05 | 12s
Ep  43/50 | loss=0.0235 (pos=0.0225 vel=0.0003 cons=0.0034) | val_r2=0.6647  | lr_enc=6.79e-07 lr_head=3.40e-05 | 12s
Ep  44/50 | loss=0.0234 (pos=0.0224 vel=0.0003 cons=0.0034) | val_r2=0.6602  | lr_enc=5.28e-07 lr_head=2.64e-05 | 12s
Ep  45/50 | loss=0.0233 (pos=0.0223 vel=0.0003 cons=0.0034) | val_r2=0.6656  | lr_enc=3.99e-07 lr_head=1.99e-05 | 12s
Ep  46/50 | loss=0.0233 (pos=0.0223 vel=0.0003 cons=0.0034) | val_r2=0.6638  | lr_enc=2.92e-07 lr_head=1.46e-05 | 11s
Ep  47/50 | loss=0.0234 (pos=0.0224 vel=0.0003 cons=0.0034) | val_r2=0.6661  | lr_enc=2.08e-07 lr_head=1.04e-05 | 12s
Ep  48/50 | loss=0.0233 (pos=0.0223 vel=0.0003 cons=0.0034) | val_r2=0.6668  | lr_enc=1.48e-07 lr_head=7.41e-06 | 12s
Ep  49/50 | loss=0.0232 (pos=0.0222 vel=0.0003 cons=0.0034) | val_r2=0.6675  | lr_enc=1.12e-07 lr_head=5.60e-06 | 12s
Ep  50/50 | loss=0.0233 (pos=0.0223 vel=0.0003 cons=0.0034) | val_r2=0.6652  | lr_enc=1.00e-07 lr_head=5.00e-06 | 12s

Full validation with best model...
Full val R²: 0.5636 (best epoch 28)
Saved to /scratch/ml8347/neuroinformatics/project2/phase2/mae_multitask_sweep/runs/5s_50ov_nop1/
Device: cuda
Loaded: /scratch/ml8347/neuroinformatics/project2/phase2/mae_multitask_sweep/runs/5s_50ov_nop1/best_model.pt (epoch 28, val_r2=0.6729452830381926)
Inference: window_size=250 (5.0s), stride=125 (50% overlap), blend=0.750
Test sessions: 125
  [1/125] D002: 24246 bins (0.5s)
  [2/125] D003: 24647 bins (0.3s)
  [3/125] D004: 23764 bins (0.3s)
  [4/125] D005: 20828 bins (0.3s)
  [5/125] D006: 26032 bins (0.3s)
  [6/125] D008: 25489 bins (0.3s)
  [7/125] D010: 25503 bins (0.3s)
  [8/125] D012: 23475 bins (0.3s)
  [9/125] D013: 23900 bins (0.3s)
  [10/125] D014: 24188 bins (0.3s)
  [11/125] D015: 25023 bins (0.3s)
  [12/125] D016: 21120 bins (0.3s)
  [13/125] D017: 22031 bins (0.3s)
  [14/125] D020: 24685 bins (0.3s)
  [15/125] D025: 24874 bins (0.3s)
  [16/125] D027: 24231 bins (0.3s)
  [17/125] D028: 26305 bins (0.3s)
  [18/125] D029: 24818 bins (0.3s)
  [19/125] D034: 24066 bins (0.3s)
  [20/125] D035: 21037 bins (0.3s)
  [21/125] D036: 25057 bins (0.3s)
  [22/125] D039: 26497 bins (0.3s)
  [23/125] D040: 24304 bins (0.3s)
  [24/125] D041: 25052 bins (0.3s)
  [25/125] D046: 21001 bins (0.3s)
  [26/125] D047: 25612 bins (0.3s)
  [27/125] D048: 22225 bins (0.3s)
  [28/125] D051: 24997 bins (0.3s)
  [29/125] D054: 23915 bins (0.3s)
  [30/125] D055: 25719 bins (0.3s)
  [31/125] D057: 24450 bins (0.3s)
  [32/125] D059: 24618 bins (0.3s)
  [33/125] D060: 22292 bins (0.3s)
  [34/125] D061: 25620 bins (0.3s)
  [35/125] D070: 23416 bins (0.3s)
  [36/125] D075: 21566 bins (0.3s)
  [37/125] D076: 21535 bins (0.3s)
  [38/125] D077: 24188 bins (0.3s)
  [39/125] D078: 23653 bins (0.3s)
  [40/125] D085: 24670 bins (0.3s)
  [41/125] D086: 25191 bins (0.3s)
  [42/125] D089: 21878 bins (0.3s)
  [43/125] D092: 26243 bins (0.3s)
  [44/125] D097: 22194 bins (0.3s)
  [45/125] D098: 24193 bins (0.3s)
  [46/125] D099: 24942 bins (0.3s)
  [47/125] D102: 21444 bins (0.3s)
  [48/125] D104: 25760 bins (0.3s)
  [49/125] D105: 24699 bins (0.3s)
  [50/125] D106: 25163 bins (0.3s)
  [51/125] D109: 22504 bins (0.3s)
  [52/125] D110: 21546 bins (0.3s)
  [53/125] D112: 25547 bins (0.3s)
  [54/125] D114: 21763 bins (0.3s)
  [55/125] D116: 23137 bins (0.3s)
  [56/125] D121: 28655 bins (0.3s)
  [57/125] D129: 24399 bins (0.3s)
  [58/125] D135: 25084 bins (0.3s)
  [59/125] D136: 23816 bins (0.3s)
  [60/125] D142: 21434 bins (0.3s)
  [61/125] D143: 21171 bins (0.3s)
  [62/125] D144: 26791 bins (0.3s)
  [63/125] D145: 23359 bins (0.3s)
  [64/125] D146: 23994 bins (0.3s)
  [65/125] D151: 25015 bins (0.3s)
  [66/125] D155: 24682 bins (0.3s)
  [67/125] D156: 26109 bins (0.3s)
  [68/125] D157: 23542 bins (0.3s)
  [69/125] D161: 21964 bins (0.3s)
  [70/125] D167: 26165 bins (0.3s)
  [71/125] D170: 26616 bins (0.3s)
  [72/125] D171: 24535 bins (0.3s)
  [73/125] D175: 25290 bins (0.3s)
  [74/125] D176: 25916 bins (0.3s)
  [75/125] D182: 20848 bins (0.3s)
  [76/125] D183: 25144 bins (0.3s)
  [77/125] D185: 24055 bins (0.3s)
  [78/125] D190: 25177 bins (0.3s)
  [79/125] D192: 22286 bins (0.3s)
  [80/125] D194: 22384 bins (0.3s)
  [81/125] D195: 23565 bins (0.3s)
  [82/125] D198: 25248 bins (0.3s)
  [83/125] D199: 25166 bins (0.3s)
  [84/125] D200: 24481 bins (0.3s)
  [85/125] D201: 24437 bins (0.3s)
  [86/125] D213: 24786 bins (0.3s)
  [87/125] D216: 21839 bins (0.3s)
  [88/125] D218: 24982 bins (0.3s)
  [89/125] D222: 22725 bins (0.3s)
  [90/125] D224: 24529 bins (0.3s)
  [91/125] D226: 21153 bins (0.3s)
  [92/125] D233: 22545 bins (0.3s)
  [93/125] D234: 23720 bins (0.3s)
  [94/125] D236: 31505 bins (0.4s)
  [95/125] D237: 24493 bins (0.3s)
  [96/125] D239: 25325 bins (0.3s)
  [97/125] D241: 25728 bins (0.3s)
  [98/125] D242: 25540 bins (0.3s)
  [99/125] D243: 25453 bins (0.3s)
  [100/125] D245: 20848 bins (0.3s)
  [101/125] D247: 25354 bins (0.3s)
  [102/125] D253: 24810 bins (0.3s)
  [103/125] D254: 25763 bins (0.3s)
  [104/125] D255: 21821 bins (0.3s)
  [105/125] D257: 21381 bins (0.3s)
  [106/125] D260: 22145 bins (0.3s)
  [107/125] D267: 24945 bins (0.3s)
  [108/125] D268: 24487 bins (0.3s)
  [109/125] D272: 20878 bins (0.3s)
  [110/125] D273: 21338 bins (0.3s)
  [111/125] D276: 20859 bins (0.3s)
  [112/125] D277: 21283 bins (0.3s)
  [113/125] D282: 21023 bins (0.3s)
  [114/125] D283: 26003 bins (0.3s)
  [115/125] D284: 25068 bins (0.3s)
  [116/125] D287: 23833 bins (0.3s)
  [117/125] D289: 21498 bins (0.3s)
  [118/125] D291: 21337 bins (0.3s)
  [119/125] D296: 22568 bins (0.3s)
  [120/125] D299: 21878 bins (0.3s)
  [121/125] D300: 24591 bins (0.3s)
  [122/125] D303: 24664 bins (0.3s)
  [123/125] D304: 22364 bins (0.3s)
  [124/125] D307: 26506 bins (0.3s)
  [125/125] D308: 24181 bins (0.3s)
Submission saved to /scratch/ml8347/neuroinformatics/project2/phase2/mae_multitask_sweep/runs/5s_50ov_nop1/submission.csv (2993930 rows)
Saved: /scratch/ml8347/neuroinformatics/project2/phase2/mae_multitask_sweep/runs/5s_50ov_nop1/submission.csv
+ /scratch/ml8347/conda/envs/neuroinformatics/bin/python /scratch/ml8347/neuroinformatics/project2/phase2/mae_multitask_sweep/train.py --config /scratch/ml8347/neuroinformatics/project2/phase2/mae_multitask_sweep/configs/5s_50ov_nop1.json --wandb
+ /scratch/ml8347/conda/envs/neuroinformatics/bin/python /scratch/ml8347/neuroinformatics/project2/phase2/mae_multitask_sweep/submit.py --config /scratch/ml8347/neuroinformatics/project2/phase2/mae_multitask_sweep/configs/5s_50ov_nop1.json --checkpoint /scratch/ml8347/neuroinformatics/project2/phase2/mae_multitask_sweep/runs/5s_50ov_nop1/best_model.pt
Finished at: Sun Mar 29 14:34:36 EDT 2026
Total time: 13m 16s
