wandb: [wandb.login()] Loaded credentials for https://api.wandb.ai from /home/ml8347/.netrc.
wandb: Currently logged in as: limjiannn (limjiannn-new-york-university) to https://api.wandb.ai. Use `wandb login --relogin` to force relogin
wandb: setting up run s3whlw4n
wandb: Tracking run with wandb version 0.25.0
wandb: Run data is saved locally in /scratch/ml8347/neuroinformatics/project2/phase2/transformer_decoder/sweep_4954587_0/wandb/run-20260325_235321-s3whlw4n
wandb: Run `wandb offline` to turn off syncing.
wandb: Syncing run txf_lr5e-4_do0.10_L4_ep50
wandb: 猸愶笍 View project at https://wandb.ai/limjiannn-new-york-university/neuro-p2-phase2
wandb: 馃殌 View run at https://wandb.ai/limjiannn-new-york-university/neuro-p2-phase2/runs/s3whlw4n
/scratch/ml8347/neuroinformatics/project2/phase2/transformer_decoder/train.py:74: UserWarning: enable_nested_tensor is True, but self.use_nested_tensor is False because encoder_layer.norm_first was True
  self.encoder = nn.TransformerEncoder(enc_layer, num_layers=num_layers)
wandb: updating run metadata
wandb: uploading output.log; uploading wandb-summary.json; uploading config.yaml
wandb: uploading summary, console lines 59-60
wandb: 
wandb: Run history:
wandb:       epoch 鈻佲杹鈻佲杹鈻傗杺鈻傗杺鈻傗杺鈻冣杻鈻冣杻鈻冣杽鈻勨杽鈻勨杽鈻勨枀鈻呪枀鈻呪枀鈻呪枂鈻嗏枂鈻嗏枂鈻嗏枃鈻団枃鈻団枅鈻堚枅
wandb:          lr 鈻勨枀鈻団枅鈻堚枅鈻堚枅鈻堚枅鈻団枃鈻団枃鈻団枂鈻嗏枂鈻呪枀鈻呪杽鈻勨杽鈻勨杻鈻冣杻鈻冣杺鈻傗杺鈻傗杺鈻佲杹鈻佲杹鈻佲杹
wandb:      time_s 鈻勨杺鈻佲杹鈻勨杽鈻佲杹鈻勨杹鈻佲杹鈻呪杽鈻堚杻鈻佲杽鈻傗杹鈻傗杺鈻傗杻鈻冣杺鈻傗杺鈻傗杺鈻傗杻鈻傗杻鈻傗杺鈻傗杹鈻傗杺
wandb:  train/loss 鈻堚枂鈻呪杽鈻勨杽鈻冣杻鈻冣杻鈻冣杻鈻傗杺鈻傗杺鈻傗杺鈻傗杺鈻傗杺鈻傗杺鈻佲杹鈻佲杹鈻佲杹鈻佲杹鈻佲杹鈻佲杹鈻佲杹鈻佲杹
wandb: val/best_r2 鈻佲枂鈻嗏枃鈻団枃鈻団枃鈻団枃鈻団枃鈻団枃鈻堚枅鈻堚枅鈻堚枅鈻堚枅鈻堚枅鈻堚枅鈻堚枅鈻堚枅鈻堚枅鈻堚枅鈻堚枅鈻堚枅鈻堚枅
wandb:      val/r2 鈻佲枂鈻嗏枅鈻嗏枅鈻嗏枀鈻団杽鈻呪枅鈻呪枃鈻冣枀鈻呪枂鈻嗏枅鈻呪枀鈻呪杽鈻嗏枃鈻嗏枂鈻嗏枂鈻嗏枂鈻呪枂鈻呪枀鈻呪枀鈻呪枀
wandb: 
wandb: Run summary:
wandb:  best_epoch 18
wandb:       epoch 50
wandb:          lr 1e-05
wandb: r2/best_val 0.64915
wandb: r2/full_val 0.42735
wandb:      time_s 10.44051
wandb:  train/loss 0.00505
wandb: val/best_r2 0.64915
wandb:      val/r2 0.57547
wandb: 
wandb: 馃殌 View run txf_lr5e-4_do0.10_L4_ep50 at: https://wandb.ai/limjiannn-new-york-university/neuro-p2-phase2/runs/s3whlw4n
wandb: 猸愶笍 View project at: https://wandb.ai/limjiannn-new-york-university/neuro-p2-phase2
wandb: Synced 5 W&B file(s), 0 media file(s), 0 artifact file(s) and 0 other file(s)
wandb: Find logs at: ./wandb/run-20260325_235321-s3whlw4n/logs
