INFO:    FUSE2FS (3): Warning: Mounting unchecked fs, running e2fsck is recommended.
wandb: [wandb.login()] Loaded credentials for https://api.wandb.ai from /home/ml8347/.netrc.
wandb: Currently logged in as: limjiannn (limjiannn-new-york-university) to https://api.wandb.ai. Use `wandb login --relogin` to force relogin
wandb: setting up run m2gtvxhd
wandb: Tracking run with wandb version 0.25.0
wandb: Run data is saved locally in /scratch/ml8347/neuroinformatics/project2/phase2/transformer_decoder/sweep_4954587_5/wandb/run-20260326_000919-m2gtvxhd
wandb: Run `wandb offline` to turn off syncing.
wandb: Syncing run txf_lr3e-4_do0.10_L6_ep50
wandb: 猸愶笍 View project at https://wandb.ai/limjiannn-new-york-university/neuro-p2-phase2
wandb: 馃殌 View run at https://wandb.ai/limjiannn-new-york-university/neuro-p2-phase2/runs/m2gtvxhd
/scratch/ml8347/neuroinformatics/project2/phase2/transformer_decoder/train.py:74: UserWarning: enable_nested_tensor is True, but self.use_nested_tensor is False because encoder_layer.norm_first was True
  self.encoder = nn.TransformerEncoder(enc_layer, num_layers=num_layers)
wandb: updating run metadata
wandb: uploading output.log; uploading wandb-summary.json; uploading config.yaml
wandb: uploading summary, console lines 59-60
wandb: 
wandb: Run history:
wandb:       epoch 鈻佲杹鈻佲杹鈻傗杺鈻傗杺鈻傗杻鈻冣杻鈻冣杻鈻冣杽鈻勨杽鈻勨杽鈻呪枀鈻呪枀鈻呪枀鈻嗏枂鈻嗏枂鈻嗏枂鈻団枃鈻団枃鈻団枅鈻堚枅
wandb:          lr 鈻勨枀鈻団枅鈻堚枅鈻堚枅鈻堚枅鈻団枃鈻団枃鈻団枂鈻嗏枂鈻嗏枀鈻呪杽鈻勨杽鈻勨杻鈻冣杻鈻冣杺鈻傗杺鈻傗杺鈻佲杹鈻佲杹鈻佲杹
wandb:      time_s 鈻堚杹鈻佲杹鈻佲杹鈻呪杽鈻冣枀鈻傗枀鈻嗏杺鈻呪杻鈻呪杺鈻冣杻鈻冣杻鈻嗏枅鈻団枃鈻冣杻鈻呪杻鈻冣杽鈻冣杻鈻冣杽鈻冣枀鈻冣杽
wandb:  train/loss 鈻堚枂鈻呪杽鈻勨杻鈻冣杻鈻冣杻鈻冣杺鈻傗杺鈻傗杺鈻傗杺鈻傗杺鈻傗杺鈻佲杹鈻佲杹鈻佲杹鈻佲杹鈻佲杹鈻佲杹鈻佲杹鈻佲杹鈻佲杹
wandb: val/best_r2 鈻佲杽鈻勨枂鈻嗏枅鈻堚枅鈻堚枅鈻堚枅鈻堚枅鈻堚枅鈻堚枅鈻堚枅鈻堚枅鈻堚枅鈻堚枅鈻堚枅鈻堚枅鈻堚枅鈻堚枅鈻堚枅鈻堚枅鈻堚枅
wandb:      val/r2 鈻佲杽鈻嗏枂鈻嗏枅鈻団枃鈻勨枃鈻団枅鈻呪枂鈻嗏枀鈻団枂鈻嗏枂鈻勨枀鈻勨枀鈻呪枀鈻嗏枀鈻呪枀鈻呪枀鈻呪枀鈻呪枀鈻呪枀鈻呪枀
wandb: 
wandb: Run summary:
wandb:  best_epoch 16
wandb:       epoch 50
wandb:          lr 0.0
wandb: r2/best_val 0.67466
wandb: r2/full_val 0.47219
wandb:      time_s 14.52937
wandb:  train/loss 0.00445
wandb: val/best_r2 0.67466
wandb:      val/r2 0.57849
wandb: 
wandb: 馃殌 View run txf_lr3e-4_do0.10_L6_ep50 at: https://wandb.ai/limjiannn-new-york-university/neuro-p2-phase2/runs/m2gtvxhd
wandb: 猸愶笍 View project at: https://wandb.ai/limjiannn-new-york-university/neuro-p2-phase2
wandb: Synced 5 W&B file(s), 0 media file(s), 0 artifact file(s) and 0 other file(s)
wandb: Find logs at: ./wandb/run-20260326_000919-m2gtvxhd/logs
