INFO:    FUSE2FS (3): Warning: Mounting unchecked fs, running e2fsck is recommended.
wandb: [wandb.login()] Loaded credentials for https://api.wandb.ai from /home/ml8347/.netrc.
wandb: Currently logged in as: limjiannn (limjiannn-new-york-university) to https://api.wandb.ai. Use `wandb login --relogin` to force relogin
wandb: setting up run 9w39dyex
wandb: Tracking run with wandb version 0.25.0
wandb: Run data is saved locally in /scratch/ml8347/neuroinformatics/project2/phase2/transformer_decoder/sweep_4954587_7/wandb/run-20260326_002432-9w39dyex
wandb: Run `wandb offline` to turn off syncing.
wandb: Syncing run txf_lr5e-4_do0.10_L4_ep40
wandb: 猸愶笍 View project at https://wandb.ai/limjiannn-new-york-university/neuro-p2-phase2
wandb: 馃殌 View run at https://wandb.ai/limjiannn-new-york-university/neuro-p2-phase2/runs/9w39dyex
/scratch/ml8347/neuroinformatics/project2/phase2/transformer_decoder/train.py:74: UserWarning: enable_nested_tensor is True, but self.use_nested_tensor is False because encoder_layer.norm_first was True
  self.encoder = nn.TransformerEncoder(enc_layer, num_layers=num_layers)
wandb: updating run metadata
wandb: uploading config.yaml; uploading output.log; uploading wandb-summary.json
wandb: 
wandb: Run history:
wandb:       epoch 鈻佲杹鈻佲杺鈻傗杺鈻傗杺鈻傗杻鈻冣杻鈻冣杻鈻勨杽鈻勨杽鈻勨杽鈻呪枀鈻呪枀鈻呪枀鈻嗏枂鈻嗏枂鈻嗏枃鈻団枃鈻団枃鈻団枅鈻堚枅
wandb:          lr 鈻嗏枅鈻堚枅鈻堚枅鈻堚枅鈻堚枃鈻団枃鈻団枃鈻嗏枂鈻嗏枂鈻呪枀鈻呪杽鈻勨杽鈻冣杻鈻冣杻鈻傗杺鈻傗杺鈻傗杹鈻佲杹鈻佲杹鈻佲杹
wandb:      time_s 鈻嗏杻鈻傗杻鈻勨杹鈻傗杻鈻嗏枃鈻冣杹鈻勨杹鈻佲杹鈻勨杽鈻佲枅鈻冣杽鈻佲杽鈻勨枅鈻傗杹鈻冣杺鈻冣杺鈻佲杺鈻佲枀鈻佲杽鈻傗枂
wandb:  train/loss 鈻堚枂鈻呪杽鈻勨杽鈻冣杻鈻冣杻鈻冣杻鈻冣杺鈻傗杺鈻傗杺鈻傗杺鈻傗杺鈻傗杺鈻傗杹鈻佲杹鈻佲杹鈻佲杹鈻佲杹鈻佲杹鈻佲杹鈻佲杹
wandb: val/best_r2 鈻佲枀鈻嗏枂鈻嗏枂鈻団枅鈻堚枅鈻堚枅鈻堚枅鈻堚枅鈻堚枅鈻堚枅鈻堚枅鈻堚枅鈻堚枅鈻堚枅鈻堚枅鈻堚枅鈻堚枅鈻堚枅鈻堚枅鈻堚枅
wandb:      val/r2 鈻佲枀鈻嗏枂鈻呪杽鈻団枅鈻嗏枂鈻嗏枀鈻団枃鈻堚枂鈻呪枃鈻団枂鈻勨枃鈻嗏枀鈻嗏枂鈻呪杻鈻嗏杽鈻呪枀鈻呪枀鈻呪枀鈻呪枀鈻呪枀
wandb: 
wandb: Run summary:
wandb:  best_epoch 8
wandb:       epoch 40
wandb:          lr 1e-05
wandb: r2/best_val 0.68537
wandb: r2/full_val 0.4699
wandb:      time_s 11.61621
wandb:  train/loss 0.00631
wandb: val/best_r2 0.68537
wandb:      val/r2 0.62825
wandb: 
wandb: 馃殌 View run txf_lr5e-4_do0.10_L4_ep40 at: https://wandb.ai/limjiannn-new-york-university/neuro-p2-phase2/runs/9w39dyex
wandb: 猸愶笍 View project at: https://wandb.ai/limjiannn-new-york-university/neuro-p2-phase2
wandb: Synced 5 W&B file(s), 0 media file(s), 0 artifact file(s) and 0 other file(s)
wandb: Find logs at: ./wandb/run-20260326_002432-9w39dyex/logs
