INFO:    FUSE2FS (3): Warning: Mounting unchecked fs, running e2fsck is recommended.
wandb: [wandb.login()] Loaded credentials for https://api.wandb.ai from /home/ml8347/.netrc.
wandb: Currently logged in as: limjiannn (limjiannn-new-york-university) to https://api.wandb.ai. Use `wandb login --relogin` to force relogin
wandb: setting up run jb23qti4
wandb: Tracking run with wandb version 0.25.0
wandb: Run data is saved locally in /scratch/ml8347/neuroinformatics/project2/phase2/transformer_decoder/sweep_4954587_3/wandb/run-20260326_000923-jb23qti4
wandb: Run `wandb offline` to turn off syncing.
wandb: Syncing run txf_lr1e-3_do0.10_L4_ep50
wandb: 猸愶笍 View project at https://wandb.ai/limjiannn-new-york-university/neuro-p2-phase2
wandb: 馃殌 View run at https://wandb.ai/limjiannn-new-york-university/neuro-p2-phase2/runs/jb23qti4
/scratch/ml8347/neuroinformatics/project2/phase2/transformer_decoder/train.py:74: UserWarning: enable_nested_tensor is True, but self.use_nested_tensor is False because encoder_layer.norm_first was True
  self.encoder = nn.TransformerEncoder(enc_layer, num_layers=num_layers)
wandb: updating run metadata
wandb: uploading summary, console lines 59-60
wandb: 
wandb: Run history:
wandb:       epoch 鈻佲杹鈻佲杹鈻傗杺鈻傗杺鈻冣杻鈻冣杻鈻冣杻鈻勨杽鈻勨杽鈻勨杽鈻呪枀鈻呪枀鈻呪枂鈻嗏枂鈻嗏枂鈻嗏枃鈻団枃鈻団枃鈻団枅鈻堚枅
wandb:          lr 鈻嗏枅鈻堚枅鈻堚枅鈻堚枅鈻堚枅鈻団枃鈻団枃鈻団枂鈻嗏枂鈻呪枀鈻呪杽鈻勨杽鈻勨杻鈻冣杻鈻傗杺鈻傗杺鈻傗杹鈻佲杹鈻佲杹鈻佲杹
wandb:      time_s 鈻堚杹鈻佲杹鈻佲杽鈻勨杽鈻嗏枀鈻冣枂鈻冣杻鈻嗏枀鈻呪杻鈻佲杺鈻佲杽鈻勨杽鈻佲杹鈻佲杻鈻佲杹鈻勨杹鈻傗枂鈻佲杹鈻冣杹鈻佲杹
wandb:  train/loss 鈻堚枂鈻嗏枀鈻呪杽鈻勨杽鈻勨杻鈻冣杻鈻冣杻鈻冣杺鈻傗杺鈻傗杺鈻傗杺鈻傗杺鈻傗杺鈻傗杹鈻佲杹鈻佲杹鈻佲杹鈻佲杹鈻佲杹鈻佲杹
wandb: val/best_r2 鈻佲杻鈻冣枃鈻堚枅鈻堚枅鈻堚枅鈻堚枅鈻堚枅鈻堚枅鈻堚枅鈻堚枅鈻堚枅鈻堚枅鈻堚枅鈻堚枅鈻堚枅鈻堚枅鈻堚枅鈻堚枅鈻堚枅鈻堚枅
wandb:      val/r2 鈻呪枂鈻呪枅鈻嗏枅鈻嗏枅鈻呪杻鈻勨枀鈻呪杻鈻冣杻鈻呪枀鈻冣杽鈻勨杽鈻冣枀鈻勨杻鈻傗杹鈻勨杺鈻傗杺鈻傗杹鈻佲杹鈻佲杹鈻佲杹
wandb: 
wandb: Run summary:
wandb:  best_epoch 6
wandb:       epoch 50
wandb:          lr 1e-05
wandb: r2/best_val 0.65633
wandb: r2/full_val 0.42417
wandb:      time_s 10.04239
wandb:  train/loss 0.00674
wandb: val/best_r2 0.65633
wandb:      val/r2 0.5464
wandb: 
wandb: 馃殌 View run txf_lr1e-3_do0.10_L4_ep50 at: https://wandb.ai/limjiannn-new-york-university/neuro-p2-phase2/runs/jb23qti4
wandb: 猸愶笍 View project at: https://wandb.ai/limjiannn-new-york-university/neuro-p2-phase2
wandb: Synced 5 W&B file(s), 0 media file(s), 0 artifact file(s) and 0 other file(s)
wandb: Find logs at: ./wandb/run-20260326_000923-jb23qti4/logs
