wandb: [wandb.login()] Loaded credentials for https://api.wandb.ai from /home/ml8347/.netrc.
wandb: Currently logged in as: limjiannn (limjiannn-new-york-university) to https://api.wandb.ai. Use `wandb login --relogin` to force relogin
wandb: setting up run jlmbfpb2
wandb: Tracking run with wandb version 0.25.0
wandb: Run data is saved locally in /scratch/ml8347/neuroinformatics/project2/phase2/transformer_decoder/sweep_4954587_4/wandb/run-20260326_000910-jlmbfpb2
wandb: Run `wandb offline` to turn off syncing.
wandb: Syncing run txf_lr5e-4_do0.05_L4_ep50
wandb: 猸愶笍 View project at https://wandb.ai/limjiannn-new-york-university/neuro-p2-phase2
wandb: 馃殌 View run at https://wandb.ai/limjiannn-new-york-university/neuro-p2-phase2/runs/jlmbfpb2
/scratch/ml8347/neuroinformatics/project2/phase2/transformer_decoder/train.py:74: UserWarning: enable_nested_tensor is True, but self.use_nested_tensor is False because encoder_layer.norm_first was True
  self.encoder = nn.TransformerEncoder(enc_layer, num_layers=num_layers)
wandb: updating run metadata
wandb: uploading output.log; uploading wandb-summary.json; uploading config.yaml
wandb: 
wandb: Run history:
wandb:       epoch 鈻佲杹鈻佲杹鈻傗杺鈻傗杺鈻傗杺鈻冣杻鈻冣杻鈻冣杽鈻勨杽鈻勨杽鈻勨枀鈻呪枀鈻呪枀鈻嗏枂鈻嗏枂鈻嗏枃鈻団枃鈻団枃鈻団枅鈻堚枅
wandb:          lr 鈻勨枀鈻団枅鈻堚枅鈻堚枅鈻堚枅鈻団枃鈻団枃鈻団枂鈻嗏枂鈻嗏枀鈻呪枀鈻勨杽鈻勨杻鈻冣杻鈻冣杻鈻傗杺鈻傗杺鈻傗杹鈻佲杹鈻佲杹
wandb:      time_s 鈻冣枃鈻佲杻鈻嗏杹鈻佲杹鈻呪杹鈻佲杻鈻佲枅鈻呪杻鈻勨杹鈻勨杹鈻佲杹鈻佲杹鈻嗏杽鈻嗏杹鈻佲杹鈻嗏枀鈻傗杹鈻呪杺鈻佲杹鈻傗枂
wandb:  train/loss 鈻堚枂鈻呪枀鈻勨杽鈻冣杻鈻冣杻鈻冣杻鈻冣杺鈻傗杺鈻傗杺鈻傗杺鈻傗杺鈻傗杺鈻傗杹鈻佲杹鈻佲杹鈻佲杹鈻佲杹鈻佲杹鈻佲杹鈻佲杹
wandb: val/best_r2 鈻佲枅鈻堚枅鈻堚枅鈻堚枅鈻堚枅鈻堚枅鈻堚枅鈻堚枅鈻堚枅鈻堚枅鈻堚枅鈻堚枅鈻堚枅鈻堚枅鈻堚枅鈻堚枅鈻堚枅鈻堚枅鈻堚枅鈻堚枅
wandb:      val/r2 鈻佲枅鈻嗏枀鈻団枀鈻団枂鈻嗏枂鈻勨杽鈻嗏枂鈻嗏枀鈻呪杺鈻嗏杽鈻勨枂鈻呪杺鈻勨杻鈻呪枂鈻勨枂鈻嗏杻鈻嗏杽鈻嗏杽鈻勨杽鈻勨杽
wandb: 
wandb: Run summary:
wandb:  best_epoch 2
wandb:       epoch 50
wandb:          lr 1e-05
wandb: r2/best_val 0.63764
wandb: r2/full_val 0.45505
wandb:      time_s 11.07241
wandb:  train/loss 0.00385
wandb: val/best_r2 0.63764
wandb:      val/r2 0.5698
wandb: 
wandb: 馃殌 View run txf_lr5e-4_do0.05_L4_ep50 at: https://wandb.ai/limjiannn-new-york-university/neuro-p2-phase2/runs/jlmbfpb2
wandb: 猸愶笍 View project at: https://wandb.ai/limjiannn-new-york-university/neuro-p2-phase2
wandb: Synced 5 W&B file(s), 0 media file(s), 0 artifact file(s) and 0 other file(s)
wandb: Find logs at: ./wandb/run-20260326_000910-jlmbfpb2/logs
