INFO:    FUSE2FS (3): Warning: Mounting unchecked fs, running e2fsck is recommended.
wandb: [wandb.login()] Loaded credentials for https://api.wandb.ai from /home/ml8347/.netrc.
wandb: Currently logged in as: limjiannn (limjiannn-new-york-university) to https://api.wandb.ai. Use `wandb login --relogin` to force relogin
wandb: setting up run hc23w6ok
wandb: Tracking run with wandb version 0.25.0
wandb: Run data is saved locally in /scratch/ml8347/neuroinformatics/project2/phase2/transformer_decoder/sweep_4954587_2/wandb/run-20260325_235648-hc23w6ok
wandb: Run `wandb offline` to turn off syncing.
wandb: Syncing run txf_lr5e-4_do0.15_L4_ep50
wandb: 猸愶笍 View project at https://wandb.ai/limjiannn-new-york-university/neuro-p2-phase2
wandb: 馃殌 View run at https://wandb.ai/limjiannn-new-york-university/neuro-p2-phase2/runs/hc23w6ok
/scratch/ml8347/neuroinformatics/project2/phase2/transformer_decoder/train.py:74: UserWarning: enable_nested_tensor is True, but self.use_nested_tensor is False because encoder_layer.norm_first was True
  self.encoder = nn.TransformerEncoder(enc_layer, num_layers=num_layers)
wandb: uploading history steps 49-49, summary, console lines 56-58; updating run metadata
wandb: uploading summary, console lines 59-60
wandb: 
wandb: Run history:
wandb:       epoch 鈻佲杹鈻佲杹鈻傗杺鈻傗杺鈻傗杺鈻冣杻鈻冣杻鈻冣杽鈻勨杽鈻勨杽鈻勨枀鈻呪枀鈻呪枀鈻呪枂鈻嗏枂鈻嗏枃鈻団枃鈻団枃鈻団枅鈻堚枅
wandb:          lr 鈻勨枀鈻団枅鈻堚枅鈻堚枅鈻堚枅鈻団枃鈻団枃鈻団枂鈻嗏枂鈻嗏枀鈻呪枀鈻勨杽鈻勨杻鈻冣杻鈻冣杻鈻傗杺鈻傗杺鈻佲杹鈻佲杹鈻佲杹
wandb:      time_s 鈻堚杹鈻冣杽鈻佲杹鈻冣杺鈻佲枀鈻傗杽鈻呪杺鈻傗杹鈻傗杽鈻傗杻鈻呪杽鈻傗杺鈻冣杺鈻嗏杽鈻呪杺鈻傗杺鈻傗杽鈻呪杺鈻冣杺鈻冣杺
wandb:  train/loss 鈻堚枂鈻呪杽鈻勨杽鈻冣杻鈻冣杻鈻冣杻鈻冣杺鈻傗杺鈻傗杺鈻傗杺鈻傗杺鈻傗杺鈻傗杺鈻佲杹鈻佲杹鈻佲杹鈻佲杹鈻佲杹鈻佲杹鈻佲杹
wandb: val/best_r2 鈻佲枂鈻嗏枂鈻嗏枂鈻嗏枂鈻嗏枂鈻嗏枂鈻団枃鈻団枃鈻団枃鈻団枃鈻堚枅鈻堚枅鈻堚枅鈻堚枅鈻堚枅鈻堚枅鈻堚枅鈻堚枅鈻堚枅鈻堚枅
wandb:      val/r2 鈻佲杻鈻嗏枃鈻嗏枀鈻嗏枂鈻嗏枂鈻嗏枀鈻団枂鈻嗏枂鈻団枃鈻団枅鈻団枃鈻堚枅鈻堚枃鈻団枃鈻嗏枃鈻団枃鈻団枃鈻団枃鈻団枃鈻団枃
wandb: 
wandb: Run summary:
wandb:  best_epoch 29
wandb:       epoch 50
wandb:          lr 1e-05
wandb: r2/best_val 0.68763
wandb: r2/full_val 0.45636
wandb:      time_s 9.97617
wandb:  train/loss 0.00643
wandb: val/best_r2 0.68763
wandb:      val/r2 0.65306
wandb: 
wandb: 馃殌 View run txf_lr5e-4_do0.15_L4_ep50 at: https://wandb.ai/limjiannn-new-york-university/neuro-p2-phase2/runs/hc23w6ok
wandb: 猸愶笍 View project at: https://wandb.ai/limjiannn-new-york-university/neuro-p2-phase2
wandb: Synced 5 W&B file(s), 0 media file(s), 0 artifact file(s) and 0 other file(s)
wandb: Find logs at: ./wandb/run-20260325_235648-hc23w6ok/logs
