wandb: [wandb.login()] Loaded credentials for https://api.wandb.ai from /home/ml8347/.netrc.
wandb: Currently logged in as: limjiannn (limjiannn-new-york-university) to https://api.wandb.ai. Use `wandb login --relogin` to force relogin
wandb: Tracking run with wandb version 0.25.0
wandb: Run data is saved locally in /scratch/ml8347/neuroinformatics/project2/phase2/transformer_decoder/sweep_4954587_6/wandb/run-20260326_002421-dzlrm7mm
wandb: Run `wandb offline` to turn off syncing.
wandb: Syncing run txf_lr5e-4_do0.10_L6_ep40
wandb: ‚≠źÔłŹ View project at https://wandb.ai/limjiannn-new-york-university/neuro-p2-phase2
wandb: ūüöÄ View run at https://wandb.ai/limjiannn-new-york-university/neuro-p2-phase2/runs/dzlrm7mm
/scratch/ml8347/neuroinformatics/project2/phase2/transformer_decoder/train.py:74: UserWarning: enable_nested_tensor is True, but self.use_nested_tensor is False because encoder_layer.norm_first was True
  self.encoder = nn.TransformerEncoder(enc_layer, num_layers=num_layers)
wandb: updating run metadata
wandb: uploading output.log; uploading wandb-summary.json; uploading config.yaml
wandb: uploading summary, console lines 49-50
wandb: 
wandb: Run history:
wandb:       epoch ‚ĖĀ‚ĖĀ‚ĖĀ‚Ėā‚Ėā‚Ėā‚Ėā‚Ėā‚Ėā‚ĖÉ‚ĖÉ‚ĖÉ‚ĖÉ‚ĖÉ‚ĖĄ‚ĖĄ‚ĖĄ‚ĖĄ‚ĖĄ‚ĖĄ‚ĖÖ‚ĖÖ‚ĖÖ‚ĖÖ‚ĖÖ‚ĖÖ‚ĖÜ‚ĖÜ‚ĖÜ‚ĖÜ‚ĖÜ‚Ėá‚Ėá‚Ėá‚Ėá‚Ėá‚Ėá‚Ėą‚Ėą‚Ėą
wandb:          lr ‚ĖĄ‚ĖÖ‚Ėá‚Ėą‚Ėą‚Ėą‚Ėą‚Ėą‚Ėą‚Ėą‚Ėą‚Ėá‚Ėá‚Ėá‚Ėá‚ĖÜ‚ĖÜ‚ĖÜ‚ĖÜ‚ĖÖ‚ĖÖ‚ĖÖ‚ĖĄ‚ĖĄ‚ĖĄ‚ĖÉ‚ĖÉ‚ĖÉ‚ĖÉ‚Ėā‚Ėā‚Ėā‚Ėā‚ĖĀ‚ĖĀ‚ĖĀ‚ĖĀ‚ĖĀ‚ĖĀ‚ĖĀ
wandb:      time_s ‚ĖĄ‚Ėā‚ĖÉ‚ĖĀ‚ĖĀ‚Ėā‚ĖĄ‚ĖÖ‚Ėā‚Ėā‚ĖĀ‚Ėā‚ĖĄ‚ĖÖ‚ĖÉ‚ĖĄ‚ĖÖ‚ĖĄ‚ĖĄ‚ĖÉ‚ĖĄ‚Ėā‚ĖĄ‚Ėā‚ĖĄ‚ĖĄ‚ĖĄ‚ĖÉ‚Ėā‚ĖĄ‚Ėá‚ĖÉ‚ĖÉ‚ĖĄ‚ĖÉ‚ĖÖ‚Ėą‚Ėą‚ĖÜ‚Ėá
wandb:  train/loss ‚Ėą‚ĖÜ‚ĖÖ‚ĖĄ‚ĖĄ‚ĖĄ‚ĖĄ‚ĖÉ‚ĖÉ‚ĖÉ‚ĖÉ‚ĖÉ‚ĖÉ‚ĖÉ‚Ėā‚Ėā‚Ėā‚Ėā‚Ėā‚Ėā‚Ėā‚Ėā‚Ėā‚Ėā‚Ėā‚Ėā‚ĖĀ‚ĖĀ‚ĖĀ‚ĖĀ‚ĖĀ‚ĖĀ‚ĖĀ‚ĖĀ‚ĖĀ‚ĖĀ‚ĖĀ‚ĖĀ‚ĖĀ‚ĖĀ
wandb: val/best_r2 ‚ĖĀ‚ĖÜ‚ĖÜ‚ĖÜ‚ĖÜ‚Ėá‚Ėá‚Ėá‚Ėá‚Ėá‚Ėá‚Ėá‚Ėą‚Ėą‚Ėą‚Ėą‚Ėą‚Ėą‚Ėą‚Ėą‚Ėą‚Ėą‚Ėą‚Ėą‚Ėą‚Ėą‚Ėą‚Ėą‚Ėą‚Ėą‚Ėą‚Ėą‚Ėą‚Ėą‚Ėą‚Ėą‚Ėą‚Ėą‚Ėą‚Ėą
wandb:      val/r2 ‚ĖĀ‚ĖÜ‚ĖÜ‚ĖÖ‚ĖÜ‚Ėá‚Ėá‚ĖÜ‚Ėá‚Ėá‚ĖÜ‚Ėá‚Ėą‚Ėą‚Ėá‚Ėá‚ĖÜ‚Ėá‚Ėá‚ĖÜ‚Ėá‚Ėá‚Ėá‚Ėá‚Ėá‚Ėá‚Ėá‚Ėą‚Ėá‚Ėá‚Ėá‚Ėá‚Ėą‚Ėá‚Ėá‚Ėą‚Ėá‚Ėá‚Ėá‚Ėá
wandb: 
wandb: Run summary:
wandb:  best_epoch 14
wandb:       epoch 40
wandb:          lr 1e-05
wandb: r2/best_val 0.64183
wandb: r2/full_val 0.40391
wandb:      time_s 16.23489
wandb:  train/loss 0.00588
wandb: val/best_r2 0.64183
wandb:      val/r2 0.62424
wandb: 
wandb: ūüöÄ View run txf_lr5e-4_do0.10_L6_ep40 at: https://wandb.ai/limjiannn-new-york-university/neuro-p2-phase2/runs/dzlrm7mm
wandb: ‚≠źÔłŹ View project at: https://wandb.ai/limjiannn-new-york-university/neuro-p2-phase2
wandb: Synced 5 W&B file(s), 0 media file(s), 0 artifact file(s) and 0 other file(s)
wandb: Find logs at: ./wandb/run-20260326_002421-dzlrm7mm/logs
