INFO:    FUSE2FS (3): Warning: Mounting unchecked fs, running e2fsck is recommended.
wandb: [wandb.login()] Loaded credentials for https://api.wandb.ai from /home/ml8347/.netrc.
wandb: Currently logged in as: limjiannn (limjiannn-new-york-university) to https://api.wandb.ai. Use `wandb login --relogin` to force relogin
wandb: setting up run pog9zmtq
wandb: Tracking run with wandb version 0.25.0
wandb: Run data is saved locally in /scratch/ml8347/neuroinformatics/project2/phase2/transformer_decoder/sweep_4954587_1/wandb/run-20260325_235321-pog9zmtq
wandb: Run `wandb offline` to turn off syncing.
wandb: Syncing run txf_lr3e-4_do0.10_L4_ep50
wandb: 猸愶笍 View project at https://wandb.ai/limjiannn-new-york-university/neuro-p2-phase2
wandb: 馃殌 View run at https://wandb.ai/limjiannn-new-york-university/neuro-p2-phase2/runs/pog9zmtq
/scratch/ml8347/neuroinformatics/project2/phase2/transformer_decoder/train.py:74: UserWarning: enable_nested_tensor is True, but self.use_nested_tensor is False because encoder_layer.norm_first was True
  self.encoder = nn.TransformerEncoder(enc_layer, num_layers=num_layers)
wandb: updating run metadata
wandb: uploading output.log; uploading wandb-summary.json; uploading config.yaml
wandb: 
wandb: Run history:
wandb:       epoch 鈻佲杹鈻佲杹鈻傗杺鈻傗杺鈻傗杻鈻冣杻鈻冣杻鈻冣杽鈻勨杽鈻勨杽鈻呪枀鈻呪枀鈻呪枂鈻嗏枂鈻嗏枂鈻嗏枃鈻団枃鈻団枃鈻団枅鈻堚枅
wandb:          lr 鈻勨枃鈻堚枅鈻堚枅鈻堚枅鈻堚枃鈻団枃鈻団枃鈻嗏枂鈻嗏枂鈻呪枀鈻呪杽鈻勨杽鈻勨杻鈻冣杻鈻冣杺鈻傗杺鈻傗杺鈻佲杹鈻佲杹鈻佲杹
wandb:      time_s 鈻堚杽鈻傗杹鈻佲杻鈻佲杹鈻佲杹鈻佲杹鈻佲杹鈻冣杽鈻呪杽鈻呪杻鈻冣杽鈻傗杺鈻傗杽鈻傗杺鈻傗杺鈻傗杺鈻傗杽鈻傗杻鈻勨杹鈻呪杽
wandb:  train/loss 鈻堚枂鈻呪杽鈻勨杻鈻冣杻鈻冣杻鈻傗杺鈻傗杺鈻傗杺鈻傗杺鈻傗杺鈻傗杺鈻傗杹鈻佲杹鈻佲杹鈻佲杹鈻佲杹鈻佲杹鈻佲杹鈻佲杹鈻佲杹
wandb: val/best_r2 鈻佲枀鈻呪枀鈻嗏枅鈻堚枅鈻堚枅鈻堚枅鈻堚枅鈻堚枅鈻堚枅鈻堚枅鈻堚枅鈻堚枅鈻堚枅鈻堚枅鈻堚枅鈻堚枅鈻堚枅鈻堚枅鈻堚枅鈻堚枅
wandb:      val/r2 鈻佲枀鈻呪枀鈻嗏枅鈻団枃鈻堚枃鈻堚枅鈻堚枃鈻団枂鈻団枂鈻嗏枀鈻呪枂鈻呪枂鈻嗏杽鈻呪枂鈻呪枀鈻呪枀鈻呪枀鈻呪枀鈻勨枀鈻呪枀
wandb: 
wandb: Run summary:
wandb:  best_epoch 7
wandb:       epoch 50
wandb:          lr 0.0
wandb: r2/best_val 0.68419
wandb: r2/full_val 0.47147
wandb:      time_s 10.73808
wandb:  train/loss 0.00542
wandb: val/best_r2 0.68419
wandb:      val/r2 0.57604
wandb: 
wandb: 馃殌 View run txf_lr3e-4_do0.10_L4_ep50 at: https://wandb.ai/limjiannn-new-york-university/neuro-p2-phase2/runs/pog9zmtq
wandb: 猸愶笍 View project at: https://wandb.ai/limjiannn-new-york-university/neuro-p2-phase2
wandb: Synced 5 W&B file(s), 0 media file(s), 0 artifact file(s) and 0 other file(s)
wandb: Find logs at: ./wandb/run-20260325_235321-pog9zmtq/logs
