MAE Finetune started at: Wed Mar 25 22:30:16 EDT 2026
=== Training ===
Device: cuda
Train: 159, Val: 28
Building dataset...
  59601 trials (12.7s)
Params: 2,238,306
Loading pretrained encoder from: /scratch/ml8347/neuroinformatics/project2/phase1/masked_autoencoder/best_model.pt
  Phase 1 checkpoint: epoch=19, val_nmse=0.7387984395027161
  Transferred 57 tensors, skipped 0
Ep   1/40 | loss=0.0688 | val_r2=0.3604 * | lr_enc=4.00e-06 lr_hd=2.00e-04 | 12s
Ep   2/40 | loss=0.0524 | val_r2=0.5112 * | lr_enc=6.00e-06 lr_hd=3.00e-04 | 10s
Ep   3/40 | loss=0.0433 | val_r2=0.5639 * | lr_enc=8.00e-06 lr_hd=4.00e-04 | 10s
Ep   4/40 | loss=0.0386 | val_r2=0.5997 * | lr_enc=1.00e-05 lr_hd=5.00e-04 | 10s
Ep   5/40 | loss=0.0355 | val_r2=0.6291 * | lr_enc=1.00e-05 lr_hd=5.00e-04 | 10s
Ep   6/40 | loss=0.0330 | val_r2=0.6485 * | lr_enc=9.98e-06 lr_hd=4.99e-04 | 10s
Ep   7/40 | loss=0.0314 | val_r2=0.6452  | lr_enc=9.92e-06 lr_hd=4.96e-04 | 11s
Ep   8/40 | loss=0.0301 | val_r2=0.6622 * | lr_enc=9.82e-06 lr_hd=4.91e-04 | 10s
Ep   9/40 | loss=0.0290 | val_r2=0.6640 * | lr_enc=9.68e-06 lr_hd=4.84e-04 | 11s
Ep  10/40 | loss=0.0280 | val_r2=0.6723 * | lr_enc=9.51e-06 lr_hd=4.75e-04 | 10s
Ep  11/40 | loss=0.0274 | val_r2=0.6753 * | lr_enc=9.30e-06 lr_hd=4.65e-04 | 10s
Ep  12/40 | loss=0.0266 | val_r2=0.6619  | lr_enc=9.05e-06 lr_hd=4.53e-04 | 10s
Ep  13/40 | loss=0.0260 | val_r2=0.6721  | lr_enc=8.78e-06 lr_hd=4.39e-04 | 11s
Ep  14/40 | loss=0.0255 | val_r2=0.6761 * | lr_enc=8.47e-06 lr_hd=4.24e-04 | 10s
Ep  15/40 | loss=0.0251 | val_r2=0.6809 * | lr_enc=8.14e-06 lr_hd=4.07e-04 | 10s
Ep  16/40 | loss=0.0247 | val_r2=0.6896 * | lr_enc=7.78e-06 lr_hd=3.89e-04 | 10s
Ep  17/40 | loss=0.0242 | val_r2=0.6805  | lr_enc=7.40e-06 lr_hd=3.70e-04 | 10s
Ep  18/40 | loss=0.0239 | val_r2=0.6798  | lr_enc=7.00e-06 lr_hd=3.50e-04 | 10s
Ep  19/40 | loss=0.0236 | val_r2=0.6749  | lr_enc=6.58e-06 lr_hd=3.29e-04 | 11s
Ep  20/40 | loss=0.0234 | val_r2=0.6845  | lr_enc=6.15e-06 lr_hd=3.08e-04 | 10s
Ep  21/40 | loss=0.0232 | val_r2=0.6871  | lr_enc=5.71e-06 lr_hd=2.86e-04 | 10s
Ep  22/40 | loss=0.0229 | val_r2=0.6891  | lr_enc=5.27e-06 lr_hd=2.64e-04 | 10s
Ep  23/40 | loss=0.0227 | val_r2=0.6937 * | lr_enc=4.83e-06 lr_hd=2.41e-04 | 10s
Ep  24/40 | loss=0.0225 | val_r2=0.6889  | lr_enc=4.39e-06 lr_hd=2.19e-04 | 10s
Ep  25/40 | loss=0.0223 | val_r2=0.6925  | lr_enc=3.95e-06 lr_hd=1.97e-04 | 10s
Ep  26/40 | loss=0.0222 | val_r2=0.6876  | lr_enc=3.52e-06 lr_hd=1.76e-04 | 11s
Ep  27/40 | loss=0.0220 | val_r2=0.6920  | lr_enc=3.10e-06 lr_hd=1.55e-04 | 10s
Ep  28/40 | loss=0.0220 | val_r2=0.6963 * | lr_enc=2.70e-06 lr_hd=1.35e-04 | 10s
Ep  29/40 | loss=0.0218 | val_r2=0.6911  | lr_enc=2.32e-06 lr_hd=1.16e-04 | 11s
Ep  30/40 | loss=0.0217 | val_r2=0.6919  | lr_enc=1.96e-06 lr_hd=9.82e-05 | 11s
Ep  31/40 | loss=0.0216 | val_r2=0.6908  | lr_enc=1.63e-06 lr_hd=8.15e-05 | 10s
Ep  32/40 | loss=0.0216 | val_r2=0.6897  | lr_enc=1.32e-06 lr_hd=6.61e-05 | 11s
Ep  33/40 | loss=0.0215 | val_r2=0.6891  | lr_enc=1.05e-06 lr_hd=5.23e-05 | 10s
Ep  34/40 | loss=0.0214 | val_r2=0.6928  | lr_enc=8.01e-07 lr_hd=4.00e-05 | 10s
Ep  35/40 | loss=0.0214 | val_r2=0.6907  | lr_enc=5.90e-07 lr_hd=2.95e-05 | 11s
Ep  36/40 | loss=0.0214 | val_r2=0.6920  | lr_enc=4.16e-07 lr_hd=2.08e-05 | 11s
Ep  37/40 | loss=0.0213 | val_r2=0.6910  | lr_enc=2.78e-07 lr_hd=1.39e-05 | 11s
Ep  38/40 | loss=0.0213 | val_r2=0.6917  | lr_enc=1.80e-07 lr_hd=8.98e-06 | 10s
Ep  39/40 | loss=0.0213 | val_r2=0.6921  | lr_enc=1.20e-07 lr_hd=6.00e-06 | 11s
Ep  40/40 | loss=0.0214 | val_r2=0.6922  | lr_enc=1.00e-07 lr_hd=5.00e-06 | 11s

Full validation with best model...
Full val R²: 0.5216 (best epoch 28)
Saved config.json, best_model.pt, last_model.pt

=== Plain submission ===
Device: cuda
Loaded: best_model.pt (epoch 28, val_r2=0.6963444239759178)
TTA: disabled
Test sessions: 125
  [1/125] D002: 24246 bins (0.6s)
  [2/125] D003: 24647 bins (0.4s)
  [3/125] D004: 23764 bins (0.4s)
  [4/125] D005: 20828 bins (0.4s)
  [5/125] D006: 26032 bins (0.5s)
  [6/125] D008: 25489 bins (0.4s)
  [7/125] D010: 25503 bins (0.5s)
  [8/125] D012: 23475 bins (0.4s)
  [9/125] D013: 23900 bins (0.4s)
  [10/125] D014: 24188 bins (0.4s)
  [11/125] D015: 25023 bins (0.4s)
  [12/125] D016: 21120 bins (0.4s)
  [13/125] D017: 22031 bins (0.4s)
  [14/125] D020: 24685 bins (0.4s)
  [15/125] D025: 24874 bins (0.4s)
  [16/125] D027: 24231 bins (0.4s)
  [17/125] D028: 26305 bins (0.4s)
  [18/125] D029: 24818 bins (0.4s)
  [19/125] D034: 24066 bins (0.4s)
  [20/125] D035: 21037 bins (0.4s)
  [21/125] D036: 25057 bins (0.4s)
  [22/125] D039: 26497 bins (0.4s)
  [23/125] D040: 24304 bins (0.4s)
  [24/125] D041: 25052 bins (0.4s)
  [25/125] D046: 21001 bins (0.4s)
  [26/125] D047: 25612 bins (0.4s)
  [27/125] D048: 22225 bins (0.4s)
  [28/125] D051: 24997 bins (0.4s)
  [29/125] D054: 23915 bins (0.4s)
  [30/125] D055: 25719 bins (0.4s)
  [31/125] D057: 24450 bins (0.4s)
  [32/125] D059: 24618 bins (0.4s)
  [33/125] D060: 22292 bins (0.4s)
  [34/125] D061: 25620 bins (0.4s)
  [35/125] D070: 23416 bins (0.4s)
  [36/125] D075: 21566 bins (0.4s)
  [37/125] D076: 21535 bins (0.4s)
  [38/125] D077: 24188 bins (0.4s)
  [39/125] D078: 23653 bins (0.4s)
  [40/125] D085: 24670 bins (0.4s)
  [41/125] D086: 25191 bins (0.4s)
  [42/125] D089: 21878 bins (0.4s)
  [43/125] D092: 26243 bins (0.4s)
  [44/125] D097: 22194 bins (0.4s)
  [45/125] D098: 24193 bins (0.4s)
  [46/125] D099: 24942 bins (0.4s)
  [47/125] D102: 21444 bins (0.4s)
  [48/125] D104: 25760 bins (0.4s)
  [49/125] D105: 24699 bins (0.4s)
  [50/125] D106: 25163 bins (0.4s)
  [51/125] D109: 22504 bins (0.4s)
  [52/125] D110: 21546 bins (0.4s)
  [53/125] D112: 25547 bins (0.4s)
  [54/125] D114: 21763 bins (0.4s)
  [55/125] D116: 23137 bins (0.4s)
  [56/125] D121: 28655 bins (0.4s)
  [57/125] D129: 24399 bins (0.4s)
  [58/125] D135: 25084 bins (0.4s)
  [59/125] D136: 23816 bins (0.4s)
  [60/125] D142: 21434 bins (0.4s)
  [61/125] D143: 21171 bins (0.4s)
  [62/125] D144: 26791 bins (0.4s)
  [63/125] D145: 23359 bins (0.4s)
  [64/125] D146: 23994 bins (0.4s)
  [65/125] D151: 25015 bins (0.4s)
  [66/125] D155: 24682 bins (0.4s)
  [67/125] D156: 26109 bins (0.4s)
  [68/125] D157: 23542 bins (0.4s)
  [69/125] D161: 21964 bins (0.4s)
  [70/125] D167: 26165 bins (0.4s)
  [71/125] D170: 26616 bins (0.4s)
  [72/125] D171: 24535 bins (0.5s)
  [73/125] D175: 25290 bins (0.4s)
  [74/125] D176: 25916 bins (0.4s)
  [75/125] D182: 20848 bins (0.4s)
  [76/125] D183: 25144 bins (0.4s)
  [77/125] D185: 24055 bins (0.4s)
  [78/125] D190: 25177 bins (0.4s)
  [79/125] D192: 22286 bins (0.4s)
  [80/125] D194: 22384 bins (0.4s)
  [81/125] D195: 23565 bins (0.4s)
  [82/125] D198: 25248 bins (0.4s)
  [83/125] D199: 25166 bins (0.4s)
  [84/125] D200: 24481 bins (0.4s)
  [85/125] D201: 24437 bins (0.4s)
  [86/125] D213: 24786 bins (0.4s)
  [87/125] D216: 21839 bins (0.4s)
  [88/125] D218: 24982 bins (0.4s)
  [89/125] D222: 22725 bins (0.4s)
  [90/125] D224: 24529 bins (0.4s)
  [91/125] D226: 21153 bins (0.4s)
  [92/125] D233: 22545 bins (0.4s)
  [93/125] D234: 23720 bins (0.4s)
  [94/125] D236: 31505 bins (0.4s)
  [95/125] D237: 24493 bins (0.4s)
  [96/125] D239: 25325 bins (0.4s)
  [97/125] D241: 25728 bins (0.4s)
  [98/125] D242: 25540 bins (0.4s)
  [99/125] D243: 25453 bins (0.4s)
  [100/125] D245: 20848 bins (0.4s)
  [101/125] D247: 25354 bins (0.4s)
  [102/125] D253: 24810 bins (0.4s)
  [103/125] D254: 25763 bins (0.4s)
  [104/125] D255: 21821 bins (0.4s)
  [105/125] D257: 21381 bins (0.4s)
  [106/125] D260: 22145 bins (0.4s)
  [107/125] D267: 24945 bins (0.4s)
  [108/125] D268: 24487 bins (0.4s)
  [109/125] D272: 20878 bins (0.4s)
  [110/125] D273: 21338 bins (0.4s)
  [111/125] D276: 20859 bins (0.4s)
  [112/125] D277: 21283 bins (0.4s)
  [113/125] D282: 21023 bins (0.4s)
  [114/125] D283: 26003 bins (0.4s)
  [115/125] D284: 25068 bins (0.4s)
  [116/125] D287: 23833 bins (0.4s)
  [117/125] D289: 21498 bins (0.4s)
  [118/125] D291: 21337 bins (0.4s)
  [119/125] D296: 22568 bins (0.4s)
  [120/125] D299: 21878 bins (0.4s)
  [121/125] D300: 24591 bins (0.4s)
  [122/125] D303: 24664 bins (0.4s)
  [123/125] D304: 22364 bins (0.4s)
  [124/125] D307: 26506 bins (0.4s)
  [125/125] D308: 24181 bins (0.4s)
Submission saved to submission_plain.csv (2993930 rows)

=== TTA submissions ===
Device: cuda
Loaded: best_model.pt (epoch 28, val_r2=0.6963444239759178)
TTA: 3 epochs @ lr=1e-05
Test sessions: 125
  [1/125] D002: 24246 bins (6.9s, TTA 3ep on 375 trials)
  [2/125] D003: 24647 bins (1.3s, TTA 3ep on 375 trials)
  [3/125] D004: 23764 bins (1.3s, TTA 3ep on 375 trials)
  [4/125] D005: 20828 bins (1.2s, TTA 3ep on 375 trials)
  [5/125] D006: 26032 bins (1.4s, TTA 3ep on 375 trials)
  [6/125] D008: 25489 bins (1.3s, TTA 3ep on 375 trials)
  [7/125] D010: 25503 bins (1.4s, TTA 3ep on 375 trials)
  [8/125] D012: 23475 bins (1.3s, TTA 3ep on 375 trials)
  [9/125] D013: 23900 bins (1.3s, TTA 3ep on 375 trials)
  [10/125] D014: 24188 bins (1.3s, TTA 3ep on 375 trials)
  [11/125] D015: 25023 bins (1.3s, TTA 3ep on 375 trials)
  [12/125] D016: 21120 bins (1.2s, TTA 3ep on 375 trials)
  [13/125] D017: 22031 bins (1.3s, TTA 3ep on 375 trials)
  [14/125] D020: 24685 bins (1.3s, TTA 3ep on 375 trials)
  [15/125] D025: 24874 bins (1.3s, TTA 3ep on 375 trials)
  [16/125] D027: 24231 bins (1.3s, TTA 3ep on 375 trials)
  [17/125] D028: 26305 bins (1.4s, TTA 3ep on 375 trials)
  [18/125] D029: 24818 bins (1.3s, TTA 3ep on 375 trials)
  [19/125] D034: 24066 bins (1.3s, TTA 3ep on 375 trials)
  [20/125] D035: 21037 bins (1.3s, TTA 3ep on 375 trials)
  [21/125] D036: 25057 bins (1.3s, TTA 3ep on 375 trials)
  [22/125] D039: 26497 bins (1.4s, TTA 3ep on 375 trials)
  [23/125] D040: 24304 bins (1.3s, TTA 3ep on 375 trials)
  [24/125] D041: 25052 bins (1.3s, TTA 3ep on 375 trials)
  [25/125] D046: 21001 bins (1.2s, TTA 3ep on 375 trials)
  [26/125] D047: 25612 bins (1.3s, TTA 3ep on 375 trials)
  [27/125] D048: 22225 bins (1.3s, TTA 3ep on 375 trials)
  [28/125] D051: 24997 bins (1.3s, TTA 3ep on 375 trials)
  [29/125] D054: 23915 bins (1.3s, TTA 3ep on 375 trials)
  [30/125] D055: 25719 bins (1.4s, TTA 3ep on 375 trials)
  [31/125] D057: 24450 bins (1.3s, TTA 3ep on 375 trials)
  [32/125] D059: 24618 bins (1.3s, TTA 3ep on 375 trials)
  [33/125] D060: 22292 bins (1.3s, TTA 3ep on 375 trials)
  [34/125] D061: 25620 bins (1.4s, TTA 3ep on 375 trials)
  [35/125] D070: 23416 bins (1.3s, TTA 3ep on 375 trials)
  [36/125] D075: 21566 bins (1.3s, TTA 3ep on 375 trials)
  [37/125] D076: 21535 bins (1.3s, TTA 3ep on 375 trials)
  [38/125] D077: 24188 bins (1.3s, TTA 3ep on 375 trials)
  [39/125] D078: 23653 bins (1.3s, TTA 3ep on 375 trials)
  [40/125] D085: 24670 bins (1.3s, TTA 3ep on 375 trials)
  [41/125] D086: 25191 bins (1.3s, TTA 3ep on 375 trials)
  [42/125] D089: 21878 bins (1.3s, TTA 3ep on 375 trials)
  [43/125] D092: 26243 bins (1.4s, TTA 3ep on 375 trials)
  [44/125] D097: 22194 bins (1.3s, TTA 3ep on 375 trials)
  [45/125] D098: 24193 bins (1.3s, TTA 3ep on 375 trials)
  [46/125] D099: 24942 bins (1.3s, TTA 3ep on 375 trials)
  [47/125] D102: 21444 bins (1.3s, TTA 3ep on 375 trials)
  [48/125] D104: 25760 bins (1.4s, TTA 3ep on 375 trials)
  [49/125] D105: 24699 bins (1.3s, TTA 3ep on 375 trials)
  [50/125] D106: 25163 bins (1.3s, TTA 3ep on 375 trials)
  [51/125] D109: 22504 bins (1.3s, TTA 3ep on 375 trials)
  [52/125] D110: 21546 bins (1.3s, TTA 3ep on 375 trials)
  [53/125] D112: 25547 bins (1.4s, TTA 3ep on 375 trials)
  [54/125] D114: 21763 bins (1.3s, TTA 3ep on 375 trials)
  [55/125] D116: 23137 bins (1.3s, TTA 3ep on 375 trials)
  [56/125] D121: 28655 bins (1.4s, TTA 3ep on 375 trials)
  [57/125] D129: 24399 bins (1.3s, TTA 3ep on 375 trials)
  [58/125] D135: 25084 bins (1.3s, TTA 3ep on 375 trials)
  [59/125] D136: 23816 bins (1.3s, TTA 3ep on 375 trials)
  [60/125] D142: 21434 bins (1.3s, TTA 3ep on 375 trials)
  [61/125] D143: 21171 bins (1.2s, TTA 3ep on 375 trials)
  [62/125] D144: 26791 bins (1.4s, TTA 3ep on 375 trials)
  [63/125] D145: 23359 bins (1.3s, TTA 3ep on 375 trials)
  [64/125] D146: 23994 bins (1.3s, TTA 3ep on 375 trials)
  [65/125] D151: 25015 bins (1.3s, TTA 3ep on 375 trials)
  [66/125] D155: 24682 bins (1.3s, TTA 3ep on 375 trials)
  [67/125] D156: 26109 bins (1.4s, TTA 3ep on 375 trials)
  [68/125] D157: 23542 bins (1.3s, TTA 3ep on 375 trials)
  [69/125] D161: 21964 bins (1.3s, TTA 3ep on 375 trials)
  [70/125] D167: 26165 bins (1.4s, TTA 3ep on 375 trials)
  [71/125] D170: 26616 bins (1.4s, TTA 3ep on 375 trials)
  [72/125] D171: 24535 bins (1.3s, TTA 3ep on 375 trials)
  [73/125] D175: 25290 bins (1.3s, TTA 3ep on 375 trials)
  [74/125] D176: 25916 bins (1.4s, TTA 3ep on 375 trials)
  [75/125] D182: 20848 bins (1.2s, TTA 3ep on 375 trials)
  [76/125] D183: 25144 bins (1.3s, TTA 3ep on 375 trials)
  [77/125] D185: 24055 bins (1.3s, TTA 3ep on 375 trials)
  [78/125] D190: 25177 bins (1.3s, TTA 3ep on 375 trials)
  [79/125] D192: 22286 bins (1.3s, TTA 3ep on 375 trials)
  [80/125] D194: 22384 bins (1.3s, TTA 3ep on 375 trials)
  [81/125] D195: 23565 bins (1.3s, TTA 3ep on 375 trials)
  [82/125] D198: 25248 bins (1.3s, TTA 3ep on 375 trials)
  [83/125] D199: 25166 bins (1.3s, TTA 3ep on 375 trials)
  [84/125] D200: 24481 bins (1.3s, TTA 3ep on 375 trials)
  [85/125] D201: 24437 bins (1.3s, TTA 3ep on 375 trials)
  [86/125] D213: 24786 bins (1.3s, TTA 3ep on 375 trials)
  [87/125] D216: 21839 bins (1.3s, TTA 3ep on 375 trials)
  [88/125] D218: 24982 bins (1.3s, TTA 3ep on 375 trials)
  [89/125] D222: 22725 bins (1.3s, TTA 3ep on 375 trials)
  [90/125] D224: 24529 bins (1.3s, TTA 3ep on 375 trials)
  [91/125] D226: 21153 bins (1.2s, TTA 3ep on 375 trials)
  [92/125] D233: 22545 bins (1.3s, TTA 3ep on 375 trials)
  [93/125] D234: 23720 bins (1.3s, TTA 3ep on 375 trials)
  [94/125] D236: 31505 bins (1.5s, TTA 3ep on 375 trials)
  [95/125] D237: 24493 bins (1.3s, TTA 3ep on 375 trials)
  [96/125] D239: 25325 bins (1.4s, TTA 3ep on 375 trials)
  [97/125] D241: 25728 bins (1.4s, TTA 3ep on 375 trials)
  [98/125] D242: 25540 bins (1.3s, TTA 3ep on 375 trials)
  [99/125] D243: 25453 bins (1.3s, TTA 3ep on 375 trials)
  [100/125] D245: 20848 bins (1.2s, TTA 3ep on 375 trials)
  [101/125] D247: 25354 bins (1.4s, TTA 3ep on 375 trials)
  [102/125] D253: 24810 bins (1.3s, TTA 3ep on 375 trials)
  [103/125] D254: 25763 bins (1.4s, TTA 3ep on 375 trials)
  [104/125] D255: 21821 bins (1.3s, TTA 3ep on 375 trials)
  [105/125] D257: 21381 bins (1.3s, TTA 3ep on 375 trials)
  [106/125] D260: 22145 bins (1.3s, TTA 3ep on 375 trials)
  [107/125] D267: 24945 bins (1.3s, TTA 3ep on 375 trials)
  [108/125] D268: 24487 bins (1.3s, TTA 3ep on 375 trials)
  [109/125] D272: 20878 bins (1.2s, TTA 3ep on 375 trials)
  [110/125] D273: 21338 bins (1.2s, TTA 3ep on 375 trials)
  [111/125] D276: 20859 bins (1.2s, TTA 3ep on 375 trials)
  [112/125] D277: 21283 bins (1.2s, TTA 3ep on 375 trials)
  [113/125] D282: 21023 bins (1.2s, TTA 3ep on 375 trials)
  [114/125] D283: 26003 bins (1.4s, TTA 3ep on 375 trials)
  [115/125] D284: 25068 bins (1.3s, TTA 3ep on 375 trials)
  [116/125] D287: 23833 bins (1.3s, TTA 3ep on 375 trials)
  [117/125] D289: 21498 bins (1.3s, TTA 3ep on 375 trials)
  [118/125] D291: 21337 bins (1.3s, TTA 3ep on 375 trials)
  [119/125] D296: 22568 bins (1.3s, TTA 3ep on 375 trials)
  [120/125] D299: 21878 bins (1.3s, TTA 3ep on 375 trials)
  [121/125] D300: 24591 bins (1.3s, TTA 3ep on 375 trials)
  [122/125] D303: 24664 bins (1.3s, TTA 3ep on 375 trials)
  [123/125] D304: 22364 bins (1.3s, TTA 3ep on 375 trials)
  [124/125] D307: 26506 bins (1.4s, TTA 3ep on 375 trials)
  [125/125] D308: 24181 bins (1.3s, TTA 3ep on 375 trials)
Submission saved to submission_tta3.csv (2993930 rows)
Device: cuda
Loaded: best_model.pt (epoch 28, val_r2=0.6963444239759178)
TTA: 5 epochs @ lr=1e-05
Test sessions: 125
  [1/125] D002: 24246 bins (7.5s, TTA 5ep on 375 trials)
  [2/125] D003: 24647 bins (2.0s, TTA 5ep on 375 trials)
  [3/125] D004: 23764 bins (1.9s, TTA 5ep on 375 trials)
  [4/125] D005: 20828 bins (1.8s, TTA 5ep on 375 trials)
  [5/125] D006: 26032 bins (2.0s, TTA 5ep on 375 trials)
  [6/125] D008: 25489 bins (2.0s, TTA 5ep on 375 trials)
  [7/125] D010: 25503 bins (2.0s, TTA 5ep on 375 trials)
  [8/125] D012: 23475 bins (1.9s, TTA 5ep on 375 trials)
  [9/125] D013: 23900 bins (1.9s, TTA 5ep on 375 trials)
  [10/125] D014: 24188 bins (2.0s, TTA 5ep on 375 trials)
  [11/125] D015: 25023 bins (2.0s, TTA 5ep on 375 trials)
  [12/125] D016: 21120 bins (1.9s, TTA 5ep on 375 trials)
  [13/125] D017: 22031 bins (1.9s, TTA 5ep on 375 trials)
  [14/125] D020: 24685 bins (2.0s, TTA 5ep on 375 trials)
  [15/125] D025: 24874 bins (2.0s, TTA 5ep on 375 trials)
  [16/125] D027: 24231 bins (2.0s, TTA 5ep on 375 trials)
  [17/125] D028: 26305 bins (2.0s, TTA 5ep on 375 trials)
  [18/125] D029: 24818 bins (2.0s, TTA 5ep on 375 trials)
  [19/125] D034: 24066 bins (1.9s, TTA 5ep on 375 trials)
  [20/125] D035: 21037 bins (1.8s, TTA 5ep on 375 trials)
  [21/125] D036: 25057 bins (2.0s, TTA 5ep on 375 trials)
  [22/125] D039: 26497 bins (2.0s, TTA 5ep on 375 trials)
  [23/125] D040: 24304 bins (2.0s, TTA 5ep on 375 trials)
  [24/125] D041: 25052 bins (2.0s, TTA 5ep on 375 trials)
  [25/125] D046: 21001 bins (1.8s, TTA 5ep on 375 trials)
  [26/125] D047: 25612 bins (2.0s, TTA 5ep on 375 trials)
  [27/125] D048: 22225 bins (1.9s, TTA 5ep on 375 trials)
  [28/125] D051: 24997 bins (2.0s, TTA 5ep on 375 trials)
  [29/125] D054: 23915 bins (1.9s, TTA 5ep on 375 trials)
  [30/125] D055: 25719 bins (2.0s, TTA 5ep on 375 trials)
  [31/125] D057: 24450 bins (2.0s, TTA 5ep on 375 trials)
  [32/125] D059: 24618 bins (2.0s, TTA 5ep on 375 trials)
  [33/125] D060: 22292 bins (1.9s, TTA 5ep on 375 trials)
  [34/125] D061: 25620 bins (2.0s, TTA 5ep on 375 trials)
  [35/125] D070: 23416 bins (1.9s, TTA 5ep on 375 trials)
  [36/125] D075: 21566 bins (1.9s, TTA 5ep on 375 trials)
  [37/125] D076: 21535 bins (1.9s, TTA 5ep on 375 trials)
  [38/125] D077: 24188 bins (1.9s, TTA 5ep on 375 trials)
  [39/125] D078: 23653 bins (1.9s, TTA 5ep on 375 trials)
  [40/125] D085: 24670 bins (2.0s, TTA 5ep on 375 trials)
  [41/125] D086: 25191 bins (2.0s, TTA 5ep on 375 trials)
  [42/125] D089: 21878 bins (1.9s, TTA 5ep on 375 trials)
  [43/125] D092: 26243 bins (2.0s, TTA 5ep on 375 trials)
  [44/125] D097: 22194 bins (1.9s, TTA 5ep on 375 trials)
  [45/125] D098: 24193 bins (2.0s, TTA 5ep on 375 trials)
  [46/125] D099: 24942 bins (2.0s, TTA 5ep on 375 trials)
  [47/125] D102: 21444 bins (1.9s, TTA 5ep on 375 trials)
  [48/125] D104: 25760 bins (2.0s, TTA 5ep on 375 trials)
  [49/125] D105: 24699 bins (2.0s, TTA 5ep on 375 trials)
  [50/125] D106: 25163 bins (2.0s, TTA 5ep on 375 trials)
  [51/125] D109: 22504 bins (1.9s, TTA 5ep on 375 trials)
  [52/125] D110: 21546 bins (1.9s, TTA 5ep on 375 trials)
  [53/125] D112: 25547 bins (2.0s, TTA 5ep on 375 trials)
  [54/125] D114: 21763 bins (1.9s, TTA 5ep on 375 trials)
  [55/125] D116: 23137 bins (1.9s, TTA 5ep on 375 trials)
  [56/125] D121: 28655 bins (2.1s, TTA 5ep on 375 trials)
  [57/125] D129: 24399 bins (2.0s, TTA 5ep on 375 trials)
  [58/125] D135: 25084 bins (2.0s, TTA 5ep on 375 trials)
  [59/125] D136: 23816 bins (1.9s, TTA 5ep on 375 trials)
  [60/125] D142: 21434 bins (1.9s, TTA 5ep on 375 trials)
  [61/125] D143: 21171 bins (1.8s, TTA 5ep on 375 trials)
  [62/125] D144: 26791 bins (2.0s, TTA 5ep on 375 trials)
  [63/125] D145: 23359 bins (1.9s, TTA 5ep on 375 trials)
  [64/125] D146: 23994 bins (1.9s, TTA 5ep on 375 trials)
  [65/125] D151: 25015 bins (2.0s, TTA 5ep on 375 trials)
  [66/125] D155: 24682 bins (2.0s, TTA 5ep on 375 trials)
  [67/125] D156: 26109 bins (2.0s, TTA 5ep on 375 trials)
  [68/125] D157: 23542 bins (1.9s, TTA 5ep on 375 trials)
  [69/125] D161: 21964 bins (1.9s, TTA 5ep on 375 trials)
  [70/125] D167: 26165 bins (2.0s, TTA 5ep on 375 trials)
  [71/125] D170: 26616 bins (2.0s, TTA 5ep on 375 trials)
  [72/125] D171: 24535 bins (2.0s, TTA 5ep on 375 trials)
  [73/125] D175: 25290 bins (2.0s, TTA 5ep on 375 trials)
  [74/125] D176: 25916 bins (2.0s, TTA 5ep on 375 trials)
  [75/125] D182: 20848 bins (1.8s, TTA 5ep on 375 trials)
  [76/125] D183: 25144 bins (2.0s, TTA 5ep on 375 trials)
  [77/125] D185: 24055 bins (1.9s, TTA 5ep on 375 trials)
  [78/125] D190: 25177 bins (2.0s, TTA 5ep on 375 trials)
  [79/125] D192: 22286 bins (1.9s, TTA 5ep on 375 trials)
  [80/125] D194: 22384 bins (1.9s, TTA 5ep on 375 trials)
  [81/125] D195: 23565 bins (1.9s, TTA 5ep on 375 trials)
  [82/125] D198: 25248 bins (2.0s, TTA 5ep on 375 trials)
  [83/125] D199: 25166 bins (2.0s, TTA 5ep on 375 trials)
  [84/125] D200: 24481 bins (2.0s, TTA 5ep on 375 trials)
  [85/125] D201: 24437 bins (2.0s, TTA 5ep on 375 trials)
  [86/125] D213: 24786 bins (2.0s, TTA 5ep on 375 trials)
  [87/125] D216: 21839 bins (1.9s, TTA 5ep on 375 trials)
  [88/125] D218: 24982 bins (2.0s, TTA 5ep on 375 trials)
  [89/125] D222: 22725 bins (1.9s, TTA 5ep on 375 trials)
  [90/125] D224: 24529 bins (2.0s, TTA 5ep on 375 trials)
  [91/125] D226: 21153 bins (1.8s, TTA 5ep on 375 trials)
  [92/125] D233: 22545 bins (1.9s, TTA 5ep on 375 trials)
  [93/125] D234: 23720 bins (1.9s, TTA 5ep on 375 trials)
  [94/125] D236: 31505 bins (2.2s, TTA 5ep on 375 trials)
  [95/125] D237: 24493 bins (2.0s, TTA 5ep on 375 trials)
  [96/125] D239: 25325 bins (2.0s, TTA 5ep on 375 trials)
  [97/125] D241: 25728 bins (2.0s, TTA 5ep on 375 trials)
  [98/125] D242: 25540 bins (2.0s, TTA 5ep on 375 trials)
  [99/125] D243: 25453 bins (2.0s, TTA 5ep on 375 trials)
  [100/125] D245: 20848 bins (1.8s, TTA 5ep on 375 trials)
  [101/125] D247: 25354 bins (2.0s, TTA 5ep on 375 trials)
  [102/125] D253: 24810 bins (2.0s, TTA 5ep on 375 trials)
  [103/125] D254: 25763 bins (2.0s, TTA 5ep on 375 trials)
  [104/125] D255: 21821 bins (1.9s, TTA 5ep on 375 trials)
  [105/125] D257: 21381 bins (1.9s, TTA 5ep on 375 trials)
  [106/125] D260: 22145 bins (1.9s, TTA 5ep on 375 trials)
  [107/125] D267: 24945 bins (2.0s, TTA 5ep on 375 trials)
  [108/125] D268: 24487 bins (2.0s, TTA 5ep on 375 trials)
  [109/125] D272: 20878 bins (1.8s, TTA 5ep on 375 trials)
  [110/125] D273: 21338 bins (1.9s, TTA 5ep on 375 trials)
  [111/125] D276: 20859 bins (1.8s, TTA 5ep on 375 trials)
  [112/125] D277: 21283 bins (1.8s, TTA 5ep on 375 trials)
  [113/125] D282: 21023 bins (1.8s, TTA 5ep on 375 trials)
  [114/125] D283: 26003 bins (2.0s, TTA 5ep on 375 trials)
  [115/125] D284: 25068 bins (2.0s, TTA 5ep on 375 trials)
  [116/125] D287: 23833 bins (1.9s, TTA 5ep on 375 trials)
  [117/125] D289: 21498 bins (1.9s, TTA 5ep on 375 trials)
  [118/125] D291: 21337 bins (1.9s, TTA 5ep on 375 trials)
  [119/125] D296: 22568 bins (1.9s, TTA 5ep on 375 trials)
  [120/125] D299: 21878 bins (1.9s, TTA 5ep on 375 trials)
  [121/125] D300: 24591 bins (2.0s, TTA 5ep on 375 trials)
  [122/125] D303: 24664 bins (2.0s, TTA 5ep on 375 trials)
  [123/125] D304: 22364 bins (1.9s, TTA 5ep on 375 trials)
  [124/125] D307: 26506 bins (2.0s, TTA 5ep on 375 trials)
  [125/125] D308: 24181 bins (1.9s, TTA 5ep on 375 trials)
Submission saved to submission_tta5.csv (2993930 rows)
Device: cuda
Loaded: best_model.pt (epoch 28, val_r2=0.6963444239759178)
TTA: 10 epochs @ lr=1e-05
Test sessions: 125
  [1/125] D002: 24246 bins (8.9s, TTA 10ep on 375 trials)
  [2/125] D003: 24647 bins (3.4s, TTA 10ep on 375 trials)
  [3/125] D004: 23764 bins (3.4s, TTA 10ep on 375 trials)
  [4/125] D005: 20828 bins (3.2s, TTA 10ep on 375 trials)
  [5/125] D006: 26032 bins (3.6s, TTA 10ep on 375 trials)
  [6/125] D008: 25489 bins (3.5s, TTA 10ep on 375 trials)
  [7/125] D010: 25503 bins (3.5s, TTA 10ep on 375 trials)
  [8/125] D012: 23475 bins (3.4s, TTA 10ep on 375 trials)
  [9/125] D013: 23900 bins (3.4s, TTA 10ep on 375 trials)
  [10/125] D014: 24188 bins (3.4s, TTA 10ep on 375 trials)
  [11/125] D015: 25023 bins (3.5s, TTA 10ep on 375 trials)
  [12/125] D016: 21120 bins (3.2s, TTA 10ep on 375 trials)
  [13/125] D017: 22031 bins (3.3s, TTA 10ep on 375 trials)
  [14/125] D020: 24685 bins (3.4s, TTA 10ep on 375 trials)
  [15/125] D025: 24874 bins (3.4s, TTA 10ep on 375 trials)
  [16/125] D027: 24231 bins (3.4s, TTA 10ep on 375 trials)
  [17/125] D028: 26305 bins (3.5s, TTA 10ep on 375 trials)
  [18/125] D029: 24818 bins (3.5s, TTA 10ep on 375 trials)
  [19/125] D034: 24066 bins (3.4s, TTA 10ep on 375 trials)
  [20/125] D035: 21037 bins (3.2s, TTA 10ep on 375 trials)
  [21/125] D036: 25057 bins (3.5s, TTA 10ep on 375 trials)
  [22/125] D039: 26497 bins (3.6s, TTA 10ep on 375 trials)
  [23/125] D040: 24304 bins (3.5s, TTA 10ep on 375 trials)
  [24/125] D041: 25052 bins (3.5s, TTA 10ep on 375 trials)
  [25/125] D046: 21001 bins (3.2s, TTA 10ep on 375 trials)
  [26/125] D047: 25612 bins (3.5s, TTA 10ep on 375 trials)
  [27/125] D048: 22225 bins (3.3s, TTA 10ep on 375 trials)
  [28/125] D051: 24997 bins (3.5s, TTA 10ep on 375 trials)
  [29/125] D054: 23915 bins (3.4s, TTA 10ep on 375 trials)
  [30/125] D055: 25719 bins (3.5s, TTA 10ep on 375 trials)
  [31/125] D057: 24450 bins (3.4s, TTA 10ep on 375 trials)
  [32/125] D059: 24618 bins (3.4s, TTA 10ep on 375 trials)
  [33/125] D060: 22292 bins (3.3s, TTA 10ep on 375 trials)
  [34/125] D061: 25620 bins (3.5s, TTA 10ep on 375 trials)
  [35/125] D070: 23416 bins (3.4s, TTA 10ep on 375 trials)
  [36/125] D075: 21566 bins (3.3s, TTA 10ep on 375 trials)
  [37/125] D076: 21535 bins (3.3s, TTA 10ep on 375 trials)
  [38/125] D077: 24188 bins (3.4s, TTA 10ep on 375 trials)
  [39/125] D078: 23653 bins (3.4s, TTA 10ep on 375 trials)
  [40/125] D085: 24670 bins (3.5s, TTA 10ep on 375 trials)
  [41/125] D086: 25191 bins (3.5s, TTA 10ep on 375 trials)
  [42/125] D089: 21878 bins (3.3s, TTA 10ep on 375 trials)
  [43/125] D092: 26243 bins (3.6s, TTA 10ep on 375 trials)
  [44/125] D097: 22194 bins (3.3s, TTA 10ep on 375 trials)
  [45/125] D098: 24193 bins (3.4s, TTA 10ep on 375 trials)
  [46/125] D099: 24942 bins (3.5s, TTA 10ep on 375 trials)
  [47/125] D102: 21444 bins (3.2s, TTA 10ep on 375 trials)
  [48/125] D104: 25760 bins (3.5s, TTA 10ep on 375 trials)
  [49/125] D105: 24699 bins (3.5s, TTA 10ep on 375 trials)
  [50/125] D106: 25163 bins (3.5s, TTA 10ep on 375 trials)
  [51/125] D109: 22504 bins (3.3s, TTA 10ep on 375 trials)
  [52/125] D110: 21546 bins (3.2s, TTA 10ep on 375 trials)
  [53/125] D112: 25547 bins (3.5s, TTA 10ep on 375 trials)
  [54/125] D114: 21763 bins (3.2s, TTA 10ep on 375 trials)
  [55/125] D116: 23137 bins (3.3s, TTA 10ep on 375 trials)
  [56/125] D121: 28655 bins (3.6s, TTA 10ep on 375 trials)
  [57/125] D129: 24399 bins (3.4s, TTA 10ep on 375 trials)
  [58/125] D135: 25084 bins (3.5s, TTA 10ep on 375 trials)
  [59/125] D136: 23816 bins (3.4s, TTA 10ep on 375 trials)
  [60/125] D142: 21434 bins (3.2s, TTA 10ep on 375 trials)
  [61/125] D143: 21171 bins (3.2s, TTA 10ep on 375 trials)
  [62/125] D144: 26791 bins (3.6s, TTA 10ep on 375 trials)
  [63/125] D145: 23359 bins (3.4s, TTA 10ep on 375 trials)
  [64/125] D146: 23994 bins (3.4s, TTA 10ep on 375 trials)
  [65/125] D151: 25015 bins (3.5s, TTA 10ep on 375 trials)
  [66/125] D155: 24682 bins (3.4s, TTA 10ep on 375 trials)
  [67/125] D156: 26109 bins (3.5s, TTA 10ep on 375 trials)
  [68/125] D157: 23542 bins (3.4s, TTA 10ep on 375 trials)
  [69/125] D161: 21964 bins (3.3s, TTA 10ep on 375 trials)
  [70/125] D167: 26165 bins (3.5s, TTA 10ep on 375 trials)
  [71/125] D170: 26616 bins (3.6s, TTA 10ep on 375 trials)
  [72/125] D171: 24535 bins (3.4s, TTA 10ep on 375 trials)
  [73/125] D175: 25290 bins (3.5s, TTA 10ep on 375 trials)
  [74/125] D176: 25916 bins (3.5s, TTA 10ep on 375 trials)
  [75/125] D182: 20848 bins (3.2s, TTA 10ep on 375 trials)
  [76/125] D183: 25144 bins (3.5s, TTA 10ep on 375 trials)
  [77/125] D185: 24055 bins (3.4s, TTA 10ep on 375 trials)
  [78/125] D190: 25177 bins (3.5s, TTA 10ep on 375 trials)
  [79/125] D192: 22286 bins (3.3s, TTA 10ep on 375 trials)
  [80/125] D194: 22384 bins (3.3s, TTA 10ep on 375 trials)
  [81/125] D195: 23565 bins (3.4s, TTA 10ep on 375 trials)
  [82/125] D198: 25248 bins (3.5s, TTA 10ep on 375 trials)
  [83/125] D199: 25166 bins (3.5s, TTA 10ep on 375 trials)
  [84/125] D200: 24481 bins (3.4s, TTA 10ep on 375 trials)
  [85/125] D201: 24437 bins (3.4s, TTA 10ep on 375 trials)
  [86/125] D213: 24786 bins (3.4s, TTA 10ep on 375 trials)
  [87/125] D216: 21839 bins (3.3s, TTA 10ep on 375 trials)
  [88/125] D218: 24982 bins (3.5s, TTA 10ep on 375 trials)
  [89/125] D222: 22725 bins (3.3s, TTA 10ep on 375 trials)
  [90/125] D224: 24529 bins (3.4s, TTA 10ep on 375 trials)
  [91/125] D226: 21153 bins (3.2s, TTA 10ep on 375 trials)
  [92/125] D233: 22545 bins (3.3s, TTA 10ep on 375 trials)
  [93/125] D234: 23720 bins (3.4s, TTA 10ep on 375 trials)
  [94/125] D236: 31505 bins (3.8s, TTA 10ep on 375 trials)
  [95/125] D237: 24493 bins (3.4s, TTA 10ep on 375 trials)
  [96/125] D239: 25325 bins (3.5s, TTA 10ep on 375 trials)
  [97/125] D241: 25728 bins (3.5s, TTA 10ep on 375 trials)
  [98/125] D242: 25540 bins (3.5s, TTA 10ep on 375 trials)
  [99/125] D243: 25453 bins (3.5s, TTA 10ep on 375 trials)
  [100/125] D245: 20848 bins (3.2s, TTA 10ep on 375 trials)
  [101/125] D247: 25354 bins (3.5s, TTA 10ep on 375 trials)
  [102/125] D253: 24810 bins (3.5s, TTA 10ep on 375 trials)
  [103/125] D254: 25763 bins (3.5s, TTA 10ep on 375 trials)
  [104/125] D255: 21821 bins (3.3s, TTA 10ep on 375 trials)
  [105/125] D257: 21381 bins (3.2s, TTA 10ep on 375 trials)
  [106/125] D260: 22145 bins (3.3s, TTA 10ep on 375 trials)
  [107/125] D267: 24945 bins (3.5s, TTA 10ep on 375 trials)
  [108/125] D268: 24487 bins (3.4s, TTA 10ep on 375 trials)
  [109/125] D272: 20878 bins (3.2s, TTA 10ep on 375 trials)
  [110/125] D273: 21338 bins (3.2s, TTA 10ep on 375 trials)
  [111/125] D276: 20859 bins (3.2s, TTA 10ep on 375 trials)
  [112/125] D277: 21283 bins (3.2s, TTA 10ep on 375 trials)
  [113/125] D282: 21023 bins (3.2s, TTA 10ep on 375 trials)
  [114/125] D283: 26003 bins (3.5s, TTA 10ep on 375 trials)
  [115/125] D284: 25068 bins (3.5s, TTA 10ep on 375 trials)
  [116/125] D287: 23833 bins (3.4s, TTA 10ep on 375 trials)
  [117/125] D289: 21498 bins (3.2s, TTA 10ep on 375 trials)
  [118/125] D291: 21337 bins (3.2s, TTA 10ep on 375 trials)
  [119/125] D296: 22568 bins (3.3s, TTA 10ep on 375 trials)
  [120/125] D299: 21878 bins (3.3s, TTA 10ep on 375 trials)
  [121/125] D300: 24591 bins (3.5s, TTA 10ep on 375 trials)
  [122/125] D303: 24664 bins (3.5s, TTA 10ep on 375 trials)
  [123/125] D304: 22364 bins (3.3s, TTA 10ep on 375 trials)
  [124/125] D307: 26506 bins (3.6s, TTA 10ep on 375 trials)
  [125/125] D308: 24181 bins (3.4s, TTA 10ep on 375 trials)
Submission saved to submission_tta10.csv (2993930 rows)
Finished at: Wed Mar 25 23:00:35 EDT 2026
Total time: 30m 19s
