INFO:    FUSE2FS (3): Warning: Mounting unchecked fs, running e2fsck is recommended.
wandb: [wandb.login()] Loaded credentials for https://api.wandb.ai from /home/ml8347/.netrc.
wandb: Currently logged in as: limjiannn (limjiannn-new-york-university) to https://api.wandb.ai. Use `wandb login --relogin` to force relogin
wandb: setting up run 08qsez1u
wandb: Tracking run with wandb version 0.25.0
wandb: Run data is saved locally in /scratch/ml8347/neuroinformatics/project2/phase2/mae_finetune/wandb/run-20260325_223047-08qsez1u
wandb: Run `wandb offline` to turn off syncing.
wandb: Syncing run mae_ft_elr1e-05_hlr0.0005_do0.1_ep40
wandb: ⭐️ View project at https://wandb.ai/limjiannn-new-york-university/neuro-p2-phase2
wandb: 🚀 View run at https://wandb.ai/limjiannn-new-york-university/neuro-p2-phase2/runs/08qsez1u
/scratch/ml8347/neuroinformatics/project2/phase2/mae_finetune/train.py:86: UserWarning: enable_nested_tensor is True, but self.use_nested_tensor is False because encoder_layer.norm_first was True
  self.encoder = nn.TransformerEncoder(enc_layer, num_layers=num_layers)
wandb: updating run metadata
wandb: uploading output.log; uploading wandb-summary.json; uploading config.yaml
wandb: 
wandb: Run history:
wandb:       epoch ▁▁▁▂▂▂▂▂▂▃▃▃▃▃▄▄▄▄▄▄▅▅▅▅▅▅▆▆▆▆▆▇▇▇▇▇▇███
wandb:  lr/encoder ▄▅▇████████▇▇▇▇▆▆▆▆▅▅▅▄▄▄▃▃▃▃▂▂▂▂▁▁▁▁▁▁▁
wandb:     lr/head ▄▅▇████████▇▇▇▇▆▆▆▆▅▅▅▄▄▄▃▃▃▃▂▂▂▂▁▁▁▁▁▁▁
wandb:      time_s █▁▁▁▁▂▄▁▄▁▃▃▅▂▁▁▂▁▄▁▂▁▂▂▂▄▂▂▃▄▂▃▁▂▃▄▄▂▅▄
wandb:  train/loss █▆▄▄▃▃▂▂▂▂▂▂▂▂▂▁▁▁▁▁▁▁▁▁▁▁▁▁▁▁▁▁▁▁▁▁▁▁▁▁
wandb: val/best_r2 ▁▄▅▆▇▇▇▇▇▇██████████████████████████████
wandb:      val/r2 ▁▄▅▆▇▇▇▇▇▇█▇▇███████████████████████████
wandb: 
wandb: Run summary:
wandb:  best_epoch 28
wandb:       epoch 40
wandb:  lr/encoder 0.0
wandb:     lr/head 1e-05
wandb: r2/best_val 0.69634
wandb: r2/full_val 0.52158
wandb:      time_s 10.94255
wandb:  train/loss 0.02135
wandb: val/best_r2 0.69634
wandb:      val/r2 0.6922
wandb: 
wandb: 🚀 View run mae_ft_elr1e-05_hlr0.0005_do0.1_ep40 at: https://wandb.ai/limjiannn-new-york-university/neuro-p2-phase2/runs/08qsez1u
wandb: ⭐️ View project at: https://wandb.ai/limjiannn-new-york-university/neuro-p2-phase2
wandb: Synced 5 W&B file(s), 0 media file(s), 0 artifact file(s) and 0 other file(s)
wandb: Find logs at: ./wandb/run-20260325_223047-08qsez1u/logs
/scratch/ml8347/neuroinformatics/project2/phase2/mae_finetune/train.py:86: UserWarning: enable_nested_tensor is True, but self.use_nested_tensor is False because encoder_layer.norm_first was True
  self.encoder = nn.TransformerEncoder(enc_layer, num_layers=num_layers)
/scratch/ml8347/neuroinformatics/project2/phase2/mae_finetune/train.py:86: UserWarning: enable_nested_tensor is True, but self.use_nested_tensor is False because encoder_layer.norm_first was True
  self.encoder = nn.TransformerEncoder(enc_layer, num_layers=num_layers)
/scratch/ml8347/neuroinformatics/project2/phase2/mae_finetune/train.py:86: UserWarning: enable_nested_tensor is True, but self.use_nested_tensor is False because encoder_layer.norm_first was True
  self.encoder = nn.TransformerEncoder(enc_layer, num_layers=num_layers)
/scratch/ml8347/neuroinformatics/project2/phase2/mae_finetune/train.py:86: UserWarning: enable_nested_tensor is True, but self.use_nested_tensor is False because encoder_layer.norm_first was True
  self.encoder = nn.TransformerEncoder(enc_layer, num_layers=num_layers)
