wandb: [wandb.login()] Loaded credentials for https://api.wandb.ai from /home/ml8347/.netrc.
wandb: Currently logged in as: limjiannn (limjiannn-new-york-university) to https://api.wandb.ai. Use `wandb login --relogin` to force relogin
wandb: setting up run outbyq2r
wandb: Tracking run with wandb version 0.25.0
wandb: Run data is saved locally in /scratch/ml8347/neuroinformatics/project2/phase2/mae_multitask_p1_sweep/wandb/run-20260329_152153-outbyq2r
wandb: Run `wandb offline` to turn off syncing.
wandb: Syncing run 5s_88ov_nozero
wandb: ⭐️ View project at https://wandb.ai/limjiannn-new-york-university/neuro-p2-mt-sweep
wandb: 🚀 View run at https://wandb.ai/limjiannn-new-york-university/neuro-p2-mt-sweep/runs/outbyq2r
/scratch/ml8347/neuroinformatics/project2/phase2/mae_multitask_p1_sweep/train.py:124: UserWarning: enable_nested_tensor is True, but self.use_nested_tensor is False because encoder_layer.norm_first was True
  self.encoder = nn.TransformerEncoder(enc_layer, num_layers=num_layers)
/scratch/ml8347/neuroinformatics/project2/phase2/mae_multitask_p1_sweep/train.py:297: UserWarning: Converting a tensor with requires_grad=True to a scalar may lead to unexpected behavior.
Consider using tensor.detach() first. (Triggered internally at /pytorch/torch/csrc/autograd/generated/python_variable_methods.cpp:836.)
  return loss, {"pos_loss": float(pos_loss), "vel_loss": float(vel_loss), "cons_loss": float(cons_loss)}
wandb: updating run metadata
wandb: uploading config.yaml; uploading output.log; uploading wandb-summary.json
wandb: uploading summary, console lines 69-70
wandb: 
wandb: Run history:
wandb:           epoch ▁▁▁▁▂▂▂▂▂▂▃▃▃▃▃▄▄▄▄▄▅▅▅▅▅▅▆▆▆▆▆▆▇▇▇▇▇▇██
wandb:      lr/encoder ▄▅▇███████▇▇▇▇▇▆▆▆▆▆▅▅▄▄▄▃▃▃▃▂▂▂▂▂▁▁▁▁▁▁
wandb:         lr/head ▄▅▇███████▇▇▇▇▇▆▆▆▆▆▅▅▅▄▄▄▃▃▃▃▂▂▂▂▂▁▁▁▁▁
wandb:          time_s ▁▄▆▆▅▆▅▅▅▅▇▅▅▅▄▅▅▅▅▄▅▅▅█▅▅▅▅▅▅▅▅▅▅▇▅▅▅▅▅
wandb: train/cons_loss ▇█▆▅▄▃▃▂▂▂▂▂▂▂▂▁▁▁▁▁▁▁▁▁▁▁▁▁▁▁▁▁▁▁▁▁▁▁▁▁
wandb:      train/loss █▅▄▃▂▂▂▂▂▂▁▁▁▁▁▁▁▁▁▁▁▁▁▁▁▁▁▁▁▁▁▁▁▁▁▁▁▁▁▁
wandb:  train/pos_loss █▅▄▃▃▂▂▂▂▂▂▂▁▁▁▁▁▁▁▁▁▁▁▁▁▁▁▁▁▁▁▁▁▁▁▁▁▁▁▁
wandb:  train/vel_loss █▅▄▃▃▃▂▂▂▂▂▂▂▂▁▁▁▁▁▁▁▁▁▁▁▁▁▁▁▁▁▁▁▁▁▁▁▁▁▁
wandb:     val/best_r2 ▁▄▅▆▆▇▇▇▇▇▇▇████████████████████████████
wandb:          val/r2 ▁▄▅▆▆▇▇▇▇▇▇█████████████████████████████
wandb: 
wandb: Run summary:
wandb:      best_epoch 40
wandb:           epoch 50
wandb:      lr/encoder 0.0
wandb:         lr/head 1e-05
wandb:     r2/best_val 0.85397
wandb:     r2/full_val 0.72959
wandb:          time_s 118.47405
wandb: train/cons_loss 0.00183
wandb:      train/loss 0.01087
wandb:  train/pos_loss 0.0103
wandb:              +3 ...
wandb: 
wandb: 🚀 View run 5s_88ov_nozero at: https://wandb.ai/limjiannn-new-york-university/neuro-p2-mt-sweep/runs/outbyq2r
wandb: ⭐️ View project at: https://wandb.ai/limjiannn-new-york-university/neuro-p2-mt-sweep
wandb: Synced 5 W&B file(s), 0 media file(s), 0 artifact file(s) and 0 other file(s)
wandb: Find logs at: ./wandb/run-20260329_152153-outbyq2r/logs
/scratch/ml8347/neuroinformatics/project2/phase2/mae_multitask_p1_sweep/train.py:124: UserWarning: enable_nested_tensor is True, but self.use_nested_tensor is False because encoder_layer.norm_first was True
  self.encoder = nn.TransformerEncoder(enc_layer, num_layers=num_layers)
