MAE multitask P1 sweep started at: Sun Mar 29 14:59:59 EDT 2026
Array task: 10 — config: 5s_50ov
Device: cuda
Config: 5s_50ov
Window: 250 bins (5.0s), stride: 125 (50% overlap)
Outdir: /scratch/ml8347/neuroinformatics/project2/phase2/mae_multitask_p1_sweep/runs/5s_50ov
Train: 159, Val: 28, Val subset: 8
Building dataset...
  Added Phase 1 data: 226 sessions (['train'])
  77175 windows (22.2s)
Params: 2,291,972
Loading pretrained encoder from: /scratch/ml8347/neuroinformatics/project2/phase1/masked_autoencoder/sweep_3325164_5/best_model.pt
  Phase 1 checkpoint: epoch=49, val_nmse=0.7288985848426819
  Transferred 50 tensors, skipped 7
Ep   1/50 | loss=0.0792 (pos=0.0782 vel=0.0006 cons=0.0029) | val_r2=0.0382 * | lr_enc=4.00e-06 lr_head=2.00e-04 | 25s
Ep   2/50 | loss=0.0689 (pos=0.0677 vel=0.0004 cons=0.0041) | val_r2=0.1988 * | lr_enc=6.00e-06 lr_head=3.00e-04 | 25s
Ep   3/50 | loss=0.0565 (pos=0.0550 vel=0.0004 cons=0.0050) | val_r2=0.3783 * | lr_enc=8.00e-06 lr_head=4.00e-04 | 24s
Ep   4/50 | loss=0.0481 (pos=0.0467 vel=0.0004 cons=0.0048) | val_r2=0.4713 * | lr_enc=1.00e-05 lr_head=5.00e-04 | 25s
Ep   5/50 | loss=0.0421 (pos=0.0408 vel=0.0004 cons=0.0045) | val_r2=0.5125 * | lr_enc=1.00e-05 lr_head=5.00e-04 | 24s
Ep   6/50 | loss=0.0377 (pos=0.0365 vel=0.0003 cons=0.0042) | val_r2=0.5518 * | lr_enc=9.99e-06 lr_head=4.99e-04 | 24s
Ep   7/50 | loss=0.0347 (pos=0.0336 vel=0.0003 cons=0.0040) | val_r2=0.5626 * | lr_enc=9.95e-06 lr_head=4.98e-04 | 25s
Ep   8/50 | loss=0.0324 (pos=0.0313 vel=0.0003 cons=0.0039) | val_r2=0.6007 * | lr_enc=9.89e-06 lr_head=4.95e-04 | 25s
Ep   9/50 | loss=0.0306 (pos=0.0295 vel=0.0003 cons=0.0037) | val_r2=0.5941  | lr_enc=9.81e-06 lr_head=4.90e-04 | 24s
Ep  10/50 | loss=0.0292 (pos=0.0281 vel=0.0003 cons=0.0036) | val_r2=0.6255 * | lr_enc=9.70e-06 lr_head=4.85e-04 | 25s
Ep  11/50 | loss=0.0280 (pos=0.0270 vel=0.0003 cons=0.0035) | val_r2=0.6172  | lr_enc=9.57e-06 lr_head=4.79e-04 | 24s
Ep  12/50 | loss=0.0269 (pos=0.0259 vel=0.0003 cons=0.0034) | val_r2=0.6371 * | lr_enc=9.42e-06 lr_head=4.71e-04 | 24s
Ep  13/50 | loss=0.0261 (pos=0.0251 vel=0.0003 cons=0.0033) | val_r2=0.6591 * | lr_enc=9.25e-06 lr_head=4.62e-04 | 25s
Ep  14/50 | loss=0.0254 (pos=0.0244 vel=0.0003 cons=0.0032) | val_r2=0.6736 * | lr_enc=9.05e-06 lr_head=4.53e-04 | 24s
Ep  15/50 | loss=0.0246 (pos=0.0237 vel=0.0003 cons=0.0032) | val_r2=0.6593  | lr_enc=8.84e-06 lr_head=4.42e-04 | 25s
Ep  16/50 | loss=0.0241 (pos=0.0232 vel=0.0003 cons=0.0031) | val_r2=0.6841 * | lr_enc=8.61e-06 lr_head=4.31e-04 | 25s
Ep  17/50 | loss=0.0236 (pos=0.0227 vel=0.0003 cons=0.0031) | val_r2=0.6781  | lr_enc=8.36e-06 lr_head=4.18e-04 | 24s
Ep  18/50 | loss=0.0231 (pos=0.0222 vel=0.0003 cons=0.0030) | val_r2=0.6978 * | lr_enc=8.10e-06 lr_head=4.05e-04 | 25s
Ep  19/50 | loss=0.0227 (pos=0.0218 vel=0.0003 cons=0.0030) | val_r2=0.7037 * | lr_enc=7.82e-06 lr_head=3.91e-04 | 25s
Ep  20/50 | loss=0.0223 (pos=0.0214 vel=0.0003 cons=0.0030) | val_r2=0.7074 * | lr_enc=7.52e-06 lr_head=3.76e-04 | 24s
Ep  21/50 | loss=0.0220 (pos=0.0211 vel=0.0003 cons=0.0029) | val_r2=0.7045  | lr_enc=7.22e-06 lr_head=3.61e-04 | 25s
Ep  22/50 | loss=0.0217 (pos=0.0208 vel=0.0003 cons=0.0029) | val_r2=0.7154 * | lr_enc=6.90e-06 lr_head=3.45e-04 | 25s
Ep  23/50 | loss=0.0213 (pos=0.0205 vel=0.0003 cons=0.0029) | val_r2=0.7058  | lr_enc=6.58e-06 lr_head=3.29e-04 | 25s
Ep  24/50 | loss=0.0210 (pos=0.0202 vel=0.0003 cons=0.0028) | val_r2=0.7154 * | lr_enc=6.25e-06 lr_head=3.12e-04 | 25s
Ep  25/50 | loss=0.0208 (pos=0.0199 vel=0.0003 cons=0.0028) | val_r2=0.7181 * | lr_enc=5.91e-06 lr_head=2.95e-04 | 25s
Ep  26/50 | loss=0.0206 (pos=0.0198 vel=0.0003 cons=0.0028) | val_r2=0.7191 * | lr_enc=5.57e-06 lr_head=2.78e-04 | 24s
Ep  27/50 | loss=0.0204 (pos=0.0195 vel=0.0003 cons=0.0028) | val_r2=0.7271 * | lr_enc=5.22e-06 lr_head=2.61e-04 | 25s
Ep  28/50 | loss=0.0202 (pos=0.0194 vel=0.0003 cons=0.0028) | val_r2=0.7152  | lr_enc=4.88e-06 lr_head=2.44e-04 | 24s
Ep  29/50 | loss=0.0200 (pos=0.0192 vel=0.0003 cons=0.0028) | val_r2=0.7289 * | lr_enc=4.53e-06 lr_head=2.27e-04 | 25s
Ep  30/50 | loss=0.0199 (pos=0.0190 vel=0.0003 cons=0.0027) | val_r2=0.7282  | lr_enc=4.19e-06 lr_head=2.10e-04 | 25s
Ep  31/50 | loss=0.0197 (pos=0.0188 vel=0.0003 cons=0.0027) | val_r2=0.7300 * | lr_enc=3.85e-06 lr_head=1.93e-04 | 25s
Ep  32/50 | loss=0.0195 (pos=0.0187 vel=0.0003 cons=0.0027) | val_r2=0.7356 * | lr_enc=3.52e-06 lr_head=1.76e-04 | 24s
Ep  33/50 | loss=0.0194 (pos=0.0186 vel=0.0003 cons=0.0027) | val_r2=0.7304  | lr_enc=3.20e-06 lr_head=1.60e-04 | 25s
Ep  34/50 | loss=0.0193 (pos=0.0185 vel=0.0003 cons=0.0027) | val_r2=0.7384 * | lr_enc=2.88e-06 lr_head=1.44e-04 | 24s
Ep  35/50 | loss=0.0192 (pos=0.0184 vel=0.0003 cons=0.0027) | val_r2=0.7376  | lr_enc=2.58e-06 lr_head=1.29e-04 | 25s
Ep  36/50 | loss=0.0191 (pos=0.0183 vel=0.0003 cons=0.0027) | val_r2=0.7369  | lr_enc=2.28e-06 lr_head=1.14e-04 | 25s
Ep  37/50 | loss=0.0190 (pos=0.0182 vel=0.0003 cons=0.0027) | val_r2=0.7381  | lr_enc=2.00e-06 lr_head=1.00e-04 | 25s
Ep  38/50 | loss=0.0189 (pos=0.0181 vel=0.0003 cons=0.0027) | val_r2=0.7402 * | lr_enc=1.74e-06 lr_head=8.69e-05 | 25s
Ep  39/50 | loss=0.0189 (pos=0.0180 vel=0.0003 cons=0.0027) | val_r2=0.7408 * | lr_enc=1.49e-06 lr_head=7.45e-05 | 25s
Ep  40/50 | loss=0.0188 (pos=0.0180 vel=0.0003 cons=0.0027) | val_r2=0.7341  | lr_enc=1.26e-06 lr_head=6.29e-05 | 25s
Ep  41/50 | loss=0.0188 (pos=0.0180 vel=0.0003 cons=0.0027) | val_r2=0.7440 * | lr_enc=1.05e-06 lr_head=5.23e-05 | 24s
Ep  42/50 | loss=0.0187 (pos=0.0179 vel=0.0003 cons=0.0027) | val_r2=0.7392  | lr_enc=8.52e-07 lr_head=4.26e-05 | 25s
Ep  43/50 | loss=0.0187 (pos=0.0179 vel=0.0003 cons=0.0027) | val_r2=0.7428  | lr_enc=6.79e-07 lr_head=3.40e-05 | 25s
Ep  44/50 | loss=0.0187 (pos=0.0179 vel=0.0003 cons=0.0027) | val_r2=0.7458 * | lr_enc=5.28e-07 lr_head=2.64e-05 | 25s
Ep  45/50 | loss=0.0186 (pos=0.0178 vel=0.0003 cons=0.0027) | val_r2=0.7433  | lr_enc=3.99e-07 lr_head=1.99e-05 | 25s
Ep  46/50 | loss=0.0186 (pos=0.0178 vel=0.0003 cons=0.0027) | val_r2=0.7440  | lr_enc=2.92e-07 lr_head=1.46e-05 | 24s
Ep  47/50 | loss=0.0186 (pos=0.0178 vel=0.0003 cons=0.0027) | val_r2=0.7444  | lr_enc=2.08e-07 lr_head=1.04e-05 | 25s
Ep  48/50 | loss=0.0186 (pos=0.0178 vel=0.0003 cons=0.0027) | val_r2=0.7460 * | lr_enc=1.48e-07 lr_head=7.41e-06 | 25s
Ep  49/50 | loss=0.0185 (pos=0.0177 vel=0.0003 cons=0.0027) | val_r2=0.7451  | lr_enc=1.12e-07 lr_head=5.60e-06 | 24s
Ep  50/50 | loss=0.0186 (pos=0.0178 vel=0.0003 cons=0.0027) | val_r2=0.7443  | lr_enc=1.00e-07 lr_head=5.00e-06 | 25s

Full validation with best model...
Full val R²: 0.6333 (best epoch 48)
Saved to /scratch/ml8347/neuroinformatics/project2/phase2/mae_multitask_p1_sweep/runs/5s_50ov/
Device: cuda
Loaded: /scratch/ml8347/neuroinformatics/project2/phase2/mae_multitask_p1_sweep/runs/5s_50ov/best_model.pt (epoch 48, val_r2=0.7460194791582941)
Inference: window_size=250 (5.0s), stride=125 (50% overlap), blend=0.750
Test sessions: 125
  [1/125] D002: 24246 bins (0.5s)
  [2/125] D003: 24647 bins (0.3s)
  [3/125] D004: 23764 bins (0.3s)
  [4/125] D005: 20828 bins (0.2s)
  [5/125] D006: 26032 bins (0.3s)
  [6/125] D008: 25489 bins (0.3s)
  [7/125] D010: 25503 bins (0.3s)
  [8/125] D012: 23475 bins (0.3s)
  [9/125] D013: 23900 bins (0.3s)
  [10/125] D014: 24188 bins (0.3s)
  [11/125] D015: 25023 bins (0.3s)
  [12/125] D016: 21120 bins (0.2s)
  [13/125] D017: 22031 bins (0.2s)
  [14/125] D020: 24685 bins (0.3s)
  [15/125] D025: 24874 bins (0.3s)
  [16/125] D027: 24231 bins (0.3s)
  [17/125] D028: 26305 bins (0.3s)
  [18/125] D029: 24818 bins (0.3s)
  [19/125] D034: 24066 bins (0.3s)
  [20/125] D035: 21037 bins (0.2s)
  [21/125] D036: 25057 bins (0.3s)
  [22/125] D039: 26497 bins (0.3s)
  [23/125] D040: 24304 bins (0.3s)
  [24/125] D041: 25052 bins (0.3s)
  [25/125] D046: 21001 bins (0.2s)
  [26/125] D047: 25612 bins (0.3s)
  [27/125] D048: 22225 bins (0.2s)
  [28/125] D051: 24997 bins (0.3s)
  [29/125] D054: 23915 bins (0.3s)
  [30/125] D055: 25719 bins (0.3s)
  [31/125] D057: 24450 bins (0.3s)
  [32/125] D059: 24618 bins (0.3s)
  [33/125] D060: 22292 bins (0.2s)
  [34/125] D061: 25620 bins (0.3s)
  [35/125] D070: 23416 bins (0.3s)
  [36/125] D075: 21566 bins (0.2s)
  [37/125] D076: 21535 bins (0.2s)
  [38/125] D077: 24188 bins (0.3s)
  [39/125] D078: 23653 bins (0.3s)
  [40/125] D085: 24670 bins (0.3s)
  [41/125] D086: 25191 bins (0.3s)
  [42/125] D089: 21878 bins (0.2s)
  [43/125] D092: 26243 bins (0.3s)
  [44/125] D097: 22194 bins (0.2s)
  [45/125] D098: 24193 bins (0.3s)
  [46/125] D099: 24942 bins (0.3s)
  [47/125] D102: 21444 bins (0.2s)
  [48/125] D104: 25760 bins (0.3s)
  [49/125] D105: 24699 bins (0.3s)
  [50/125] D106: 25163 bins (0.3s)
  [51/125] D109: 22504 bins (0.2s)
  [52/125] D110: 21546 bins (0.2s)
  [53/125] D112: 25547 bins (0.3s)
  [54/125] D114: 21763 bins (0.2s)
  [55/125] D116: 23137 bins (0.3s)
  [56/125] D121: 28655 bins (0.3s)
  [57/125] D129: 24399 bins (0.3s)
  [58/125] D135: 25084 bins (0.3s)
  [59/125] D136: 23816 bins (0.3s)
  [60/125] D142: 21434 bins (0.2s)
  [61/125] D143: 21171 bins (0.2s)
  [62/125] D144: 26791 bins (0.3s)
  [63/125] D145: 23359 bins (0.3s)
  [64/125] D146: 23994 bins (0.3s)
  [65/125] D151: 25015 bins (0.3s)
  [66/125] D155: 24682 bins (0.3s)
  [67/125] D156: 26109 bins (0.3s)
  [68/125] D157: 23542 bins (0.3s)
  [69/125] D161: 21964 bins (0.2s)
  [70/125] D167: 26165 bins (0.3s)
  [71/125] D170: 26616 bins (0.3s)
  [72/125] D171: 24535 bins (0.3s)
  [73/125] D175: 25290 bins (0.3s)
  [74/125] D176: 25916 bins (0.3s)
  [75/125] D182: 20848 bins (0.2s)
  [76/125] D183: 25144 bins (0.3s)
  [77/125] D185: 24055 bins (0.3s)
  [78/125] D190: 25177 bins (0.3s)
  [79/125] D192: 22286 bins (0.2s)
  [80/125] D194: 22384 bins (0.2s)
  [81/125] D195: 23565 bins (0.3s)
  [82/125] D198: 25248 bins (0.3s)
  [83/125] D199: 25166 bins (0.3s)
  [84/125] D200: 24481 bins (0.3s)
  [85/125] D201: 24437 bins (0.3s)
  [86/125] D213: 24786 bins (0.3s)
  [87/125] D216: 21839 bins (0.3s)
  [88/125] D218: 24982 bins (0.3s)
  [89/125] D222: 22725 bins (0.3s)
  [90/125] D224: 24529 bins (0.3s)
  [91/125] D226: 21153 bins (0.2s)
  [92/125] D233: 22545 bins (0.2s)
  [93/125] D234: 23720 bins (0.3s)
  [94/125] D236: 31505 bins (0.3s)
  [95/125] D237: 24493 bins (0.3s)
  [96/125] D239: 25325 bins (0.3s)
  [97/125] D241: 25728 bins (0.3s)
  [98/125] D242: 25540 bins (0.3s)
  [99/125] D243: 25453 bins (0.3s)
  [100/125] D245: 20848 bins (0.2s)
  [101/125] D247: 25354 bins (0.3s)
  [102/125] D253: 24810 bins (0.3s)
  [103/125] D254: 25763 bins (0.3s)
  [104/125] D255: 21821 bins (0.2s)
  [105/125] D257: 21381 bins (0.2s)
  [106/125] D260: 22145 bins (0.2s)
  [107/125] D267: 24945 bins (0.3s)
  [108/125] D268: 24487 bins (0.3s)
  [109/125] D272: 20878 bins (0.2s)
  [110/125] D273: 21338 bins (0.2s)
  [111/125] D276: 20859 bins (0.2s)
  [112/125] D277: 21283 bins (0.2s)
  [113/125] D282: 21023 bins (0.2s)
  [114/125] D283: 26003 bins (0.3s)
  [115/125] D284: 25068 bins (0.3s)
  [116/125] D287: 23833 bins (0.3s)
  [117/125] D289: 21498 bins (0.2s)
  [118/125] D291: 21337 bins (0.2s)
  [119/125] D296: 22568 bins (0.2s)
  [120/125] D299: 21878 bins (0.2s)
  [121/125] D300: 24591 bins (0.3s)
  [122/125] D303: 24664 bins (0.3s)
  [123/125] D304: 22364 bins (0.2s)
  [124/125] D307: 26506 bins (0.3s)
  [125/125] D308: 24181 bins (0.3s)
Submission saved to /scratch/ml8347/neuroinformatics/project2/phase2/mae_multitask_p1_sweep/runs/5s_50ov/submission.csv (2993930 rows)
Saved: /scratch/ml8347/neuroinformatics/project2/phase2/mae_multitask_p1_sweep/runs/5s_50ov/submission.csv
+ /scratch/ml8347/conda/envs/neuroinformatics/bin/python /scratch/ml8347/neuroinformatics/project2/phase2/mae_multitask_p1_sweep/train.py --config /scratch/ml8347/neuroinformatics/project2/phase2/mae_multitask_p1_sweep/configs/5s_50ov.json --wandb
+ /scratch/ml8347/conda/envs/neuroinformatics/bin/python /scratch/ml8347/neuroinformatics/project2/phase2/mae_multitask_p1_sweep/submit.py --config /scratch/ml8347/neuroinformatics/project2/phase2/mae_multitask_p1_sweep/configs/5s_50ov.json --checkpoint /scratch/ml8347/neuroinformatics/project2/phase2/mae_multitask_p1_sweep/runs/5s_50ov/best_model.pt
Finished at: Sun Mar 29 15:23:56 EDT 2026
Total time: 23m 57s
