wandb: [wandb.login()] Loaded credentials for https://api.wandb.ai from /home/ml8347/.netrc.
wandb: Currently logged in as: limjiannn (limjiannn-new-york-university) to https://api.wandb.ai. Use `wandb login --relogin` to force relogin
wandb: setting up run fra5o66h
wandb: Tracking run with wandb version 0.25.0
wandb: Run data is saved locally in /scratch/ml8347/neuroinformatics/project2/phase2/mae_multitask_p1_sweep/wandb/run-20260329_144758-fra5o66h
wandb: Run `wandb offline` to turn off syncing.
wandb: Syncing run 2s_50ov
wandb: 猸愶笍 View project at https://wandb.ai/limjiannn-new-york-university/neuro-p2-mt-sweep
wandb: 馃殌 View run at https://wandb.ai/limjiannn-new-york-university/neuro-p2-mt-sweep/runs/fra5o66h
/scratch/ml8347/neuroinformatics/project2/phase2/mae_multitask_p1_sweep/train.py:124: UserWarning: enable_nested_tensor is True, but self.use_nested_tensor is False because encoder_layer.norm_first was True
  self.encoder = nn.TransformerEncoder(enc_layer, num_layers=num_layers)
/scratch/ml8347/neuroinformatics/project2/phase2/mae_multitask_p1_sweep/train.py:297: UserWarning: Converting a tensor with requires_grad=True to a scalar may lead to unexpected behavior.
Consider using tensor.detach() first. (Triggered internally at /pytorch/torch/csrc/autograd/generated/python_variable_methods.cpp:836.)
  return loss, {"pos_loss": float(pos_loss), "vel_loss": float(vel_loss), "cons_loss": float(cons_loss)}
wandb: updating run metadata
wandb: uploading config.yaml; uploading output.log; uploading wandb-summary.json
wandb: 
wandb: Run history:
wandb:           epoch 鈻佲杹鈻佲杹鈻傗杺鈻傗杺鈻傗杻鈻冣杻鈻冣杻鈻冣杽鈻勨杽鈻勨杽鈻呪枀鈻呪枀鈻呪枂鈻嗏枂鈻嗏枂鈻嗏枃鈻団枃鈻団枃鈻団枅鈻堚枅
wandb:      lr/encoder 鈻勨枀鈻団枅鈻堚枅鈻堚枅鈻堚枅鈻団枃鈻団枃鈻団枂鈻嗏枂鈻嗏枀鈻呪枀鈻勨杽鈻勨杻鈻冣杻鈻冣杻鈻傗杺鈻傗杺鈻傗杹鈻佲杹鈻佲杹
wandb:         lr/head 鈻勨枀鈻団枅鈻堚枅鈻堚枅鈻堚枅鈻団枃鈻団枃鈻団枂鈻嗏枂鈻嗏枀鈻呪枀鈻勨杽鈻勨杻鈻冣杻鈻冣杺鈻傗杺鈻傗杺鈻佲杹鈻佲杹鈻佲杹
wandb:          time_s 鈻堚杻鈻勨杻鈻傗杹鈻冣杻鈻冣杻鈻冣杽鈻冣杺鈻勨杺鈻冣杻鈻勨杻鈻勨杻鈻傗杻鈻冣杻鈻勨杺鈻傗杻鈻勨杺鈻冣杽鈻冣杽鈻冣杽鈻冣杻
wandb: train/cons_loss 鈻団枅鈻嗏枀鈻勨杻鈻冣杺鈻傗杺鈻傗杺鈻傗杺鈻佲杹鈻佲杹鈻佲杹鈻佲杹鈻佲杹鈻佲杹鈻佲杹鈻佲杹鈻佲杹鈻佲杹鈻佲杹鈻佲杹鈻佲杹
wandb:      train/loss 鈻堚枀鈻勨杻鈻冣杺鈻傗杺鈻傗杺鈻傗杺鈻傗杺鈻傗杹鈻佲杹鈻佲杹鈻佲杹鈻佲杹鈻佲杹鈻佲杹鈻佲杹鈻佲杹鈻佲杹鈻佲杹鈻佲杹鈻佲杹
wandb:  train/pos_loss 鈻堚枀鈻冣杻鈻冣杺鈻傗杺鈻傗杺鈻傗杺鈻傗杺鈻佲杹鈻佲杹鈻佲杹鈻佲杹鈻佲杹鈻佲杹鈻佲杹鈻佲杹鈻佲杹鈻佲杹鈻佲杹鈻佲杹鈻佲杹
wandb:  train/vel_loss 鈻堚杽鈻冣杻鈻冣杺鈻傗杺鈻傗杺鈻傗杺鈻傗杺鈻佲杹鈻佲杹鈻佲杹鈻佲杹鈻佲杹鈻佲杹鈻佲杹鈻佲杹鈻佲杹鈻佲杹鈻佲杹鈻佲杹鈻佲杹
wandb:     val/best_r2 鈻佲杽鈻嗏枂鈻嗏枃鈻団枃鈻団枃鈻団枃鈻団枃鈻堚枅鈻堚枅鈻堚枅鈻堚枅鈻堚枅鈻堚枅鈻堚枅鈻堚枅鈻堚枅鈻堚枅鈻堚枅鈻堚枅鈻堚枅
wandb:          val/r2 鈻佲枀鈻嗏枂鈻嗏枃鈻団枃鈻団枃鈻団枃鈻団枅鈻団枅鈻堚枅鈻堚枅鈻堚枅鈻堚枅鈻堚枅鈻堚枅鈻堚枅鈻堚枅鈻堚枅鈻堚枅鈻堚枅鈻堚枅
wandb: 
wandb: Run summary:
wandb:      best_epoch 44
wandb:           epoch 50
wandb:      lr/encoder 0.0
wandb:         lr/head 1e-05
wandb:     r2/best_val 0.79933
wandb:     r2/full_val 0.68519
wandb:          time_s 50.99914
wandb: train/cons_loss 0.00181
wandb:      train/loss 0.01575
wandb:  train/pos_loss 0.01517
wandb:              +3 ...
wandb: 
wandb: 馃殌 View run 2s_50ov at: https://wandb.ai/limjiannn-new-york-university/neuro-p2-mt-sweep/runs/fra5o66h
wandb: 猸愶笍 View project at: https://wandb.ai/limjiannn-new-york-university/neuro-p2-mt-sweep
wandb: Synced 5 W&B file(s), 0 media file(s), 0 artifact file(s) and 0 other file(s)
wandb: Find logs at: ./wandb/run-20260329_144758-fra5o66h/logs
/scratch/ml8347/neuroinformatics/project2/phase2/mae_multitask_p1_sweep/train.py:124: UserWarning: enable_nested_tensor is True, but self.use_nested_tensor is False because encoder_layer.norm_first was True
  self.encoder = nn.TransformerEncoder(enc_layer, num_layers=num_layers)
