wandb: [wandb.login()] Loaded credentials for https://api.wandb.ai from /home/ml8347/.netrc.
wandb: Currently logged in as: limjiannn (limjiannn-new-york-university) to https://api.wandb.ai. Use `wandb login --relogin` to force relogin
wandb: Tracking run with wandb version 0.25.0
wandb: Run data is saved locally in /scratch/ml8347/neuroinformatics/project2/phase2/mae_multitask_p1_sweep/wandb/run-20260329_143939-aqdawl3x
wandb: Run `wandb offline` to turn off syncing.
wandb: Syncing run 20s_75ov_nozero
wandb: 猸愶笍 View project at https://wandb.ai/limjiannn-new-york-university/neuro-p2-mt-sweep
wandb: 馃殌 View run at https://wandb.ai/limjiannn-new-york-university/neuro-p2-mt-sweep/runs/aqdawl3x
/scratch/ml8347/neuroinformatics/project2/phase2/mae_multitask_p1_sweep/train.py:124: UserWarning: enable_nested_tensor is True, but self.use_nested_tensor is False because encoder_layer.norm_first was True
  self.encoder = nn.TransformerEncoder(enc_layer, num_layers=num_layers)
/scratch/ml8347/neuroinformatics/project2/phase2/mae_multitask_p1_sweep/train.py:297: UserWarning: Converting a tensor with requires_grad=True to a scalar may lead to unexpected behavior.
Consider using tensor.detach() first. (Triggered internally at /pytorch/torch/csrc/autograd/generated/python_variable_methods.cpp:836.)
  return loss, {"pos_loss": float(pos_loss), "vel_loss": float(vel_loss), "cons_loss": float(cons_loss)}
wandb: updating run metadata
wandb: uploading wandb-summary.json; uploading config.yaml; uploading output.log
wandb: 
wandb: Run history:
wandb:           epoch 鈻佲杹鈻佲杹鈻傗杺鈻傗杺鈻傗杻鈻冣杻鈻冣杻鈻冣杽鈻勨杽鈻勨杽鈻呪枀鈻呪枀鈻呪枂鈻嗏枂鈻嗏枂鈻嗏枃鈻団枃鈻団枃鈻団枅鈻堚枅
wandb:      lr/encoder 鈻勨枀鈻団枅鈻堚枅鈻堚枅鈻堚枅鈻団枃鈻団枃鈻団枂鈻嗏枂鈻嗏枀鈻呪枀鈻勨杽鈻勨杻鈻冣杻鈻冣杺鈻傗杺鈻傗杺鈻佲杹鈻佲杹鈻佲杹
wandb:         lr/head 鈻勨枀鈻団枅鈻堚枅鈻堚枅鈻堚枅鈻団枃鈻団枃鈻団枂鈻嗏枂鈻呪枀鈻呪杽鈻勨杽鈻勨杻鈻冣杻鈻冣杺鈻傗杺鈻傗杺鈻佲杹鈻佲杹鈻佲杹
wandb:          time_s 鈻嗏杹鈻傗杺鈻佲杺鈻傗杺鈻傗杻鈻佲杺鈻佲杻鈻傗杻鈻佲杺鈻冣杺鈻傗杺鈻冣杹鈻佲杹鈻佲杽鈻冣杺鈻傗杹鈻傗杺鈻傗杹鈻傗杺鈻堚杺
wandb: train/cons_loss 鈻佲杺鈻冣枀鈻団枅鈻堚枅鈻堚枃鈻団枃鈻団枂鈻嗏枂鈻嗏枂鈻呪枀鈻呪枀鈻呪枀鈻呪枀鈻呪枀鈻呪枀鈻呪枀鈻呪枀鈻呪枀鈻呪枀鈻呪枀
wandb:      train/loss 鈻堚枅鈻堚枃鈻団枀鈻勨杽鈻冣杻鈻冣杺鈻傗杺鈻傗杺鈻傗杺鈻傗杹鈻佲杹鈻佲杹鈻佲杹鈻佲杹鈻佲杹鈻佲杹鈻佲杹鈻佲杹鈻佲杹鈻佲杹
wandb:  train/pos_loss 鈻堚枅鈻堚枃鈻団枀鈻勨杽鈻冣杻鈻傗杺鈻傗杺鈻傗杺鈻傗杺鈻傗杺鈻佲杹鈻佲杹鈻佲杹鈻佲杹鈻佲杹鈻佲杹鈻佲杹鈻佲杹鈻佲杹鈻佲杹
wandb:  train/vel_loss 鈻堚杽鈻勨杽鈻冣杻鈻傗杺鈻傗杺鈻傗杺鈻傗杺鈻傗杹鈻佲杹鈻佲杹鈻佲杹鈻佲杹鈻佲杹鈻佲杹鈻佲杹鈻佲杹鈻佲杹鈻佲杹鈻佲杹鈻佲杹
wandb:     val/best_r2 鈻佲杹鈻佲杻鈻勨枃鈻団枅鈻堚枅鈻堚枅鈻堚枅鈻堚枅鈻堚枅鈻堚枅鈻堚枅鈻堚枅鈻堚枅鈻堚枅鈻堚枅鈻堚枅鈻堚枅鈻堚枅鈻堚枅鈻堚枅
wandb:          val/r2 鈻勨杹鈻佲杹鈻呪枂鈻堚枃鈻堚枅鈻堚枃鈻団枃鈻堚枅鈻堚枅鈻堚枅鈻堚枅鈻堚枅鈻堚枅鈻堚枅鈻堚枅鈻堚枅鈻堚枅鈻堚枅鈻堚枅鈻堚枅
wandb: 
wandb: Run summary:
wandb:      best_epoch 37
wandb:           epoch 50
wandb:      lr/encoder 0.0
wandb:         lr/head 1e-05
wandb:     r2/best_val 0.03998
wandb:     r2/full_val 0.0138
wandb:          time_s 47.49198
wandb: train/cons_loss 0.00471
wandb:      train/loss 0.02574
wandb:  train/pos_loss 0.0244
wandb:              +3 ...
wandb: 
wandb: 馃殌 View run 20s_75ov_nozero at: https://wandb.ai/limjiannn-new-york-university/neuro-p2-mt-sweep/runs/aqdawl3x
wandb: 猸愶笍 View project at: https://wandb.ai/limjiannn-new-york-university/neuro-p2-mt-sweep
wandb: Synced 5 W&B file(s), 0 media file(s), 0 artifact file(s) and 0 other file(s)
wandb: Find logs at: ./wandb/run-20260329_143939-aqdawl3x/logs
/scratch/ml8347/neuroinformatics/project2/phase2/mae_multitask_p1_sweep/train.py:124: UserWarning: enable_nested_tensor is True, but self.use_nested_tensor is False because encoder_layer.norm_first was True
  self.encoder = nn.TransformerEncoder(enc_layer, num_layers=num_layers)
